2017/06/14 17:56:06 : 起動
2017/06/14 17:56:19 : 終了
2017/06/14 17:59:09 : 起動
2017/06/14 18:01:51 : 終了
2017/06/14 18:03:15 : 起動
2017/06/14 18:03:18 : 終了
2017/06/15 15:53:32 : 起動
2017/06/15 15:54:15 : 起動
2017/06/15 15:57:22 : 起動
2017/06/15 15:57:26 : 終了
2017/06/15 16:13:22 : 起動
2017/06/15 16:14:46 : 起動
2017/06/15 16:16:00 : 2017/06/15 16:16:00 : 計測時間が過ぎていたため、再設定しました。
2017/06/15 18:18:31 : 起動
2017/06/15 18:22:15 : 起動
2017/06/15 19:23:35 : 起動
2017/06/15 19:23:38 : 終了
2017/06/16 10:16:49 : 起動
2017/06/16 10:26:00 : 起動
2017/06/16 10:26:44 : 終了
2017/06/16 10:35:30 : 起動
2017/06/16 10:52:35 : 起動
2017/06/16 11:05:54 : 起動
2017/06/16 11:05:57 : 終了
2017/06/16 11:23:37 : 起動
2017/06/16 11:23:50 : 起動
2017/06/16 11:28:03 : 起動
2017/06/16 11:33:02 : 起動
2017/06/16 13:46:36 : 起動
2017/06/16 14:23:48 : 起動
2017/06/16 14:27:31 : 起動
2017/06/16 14:28:41 : 起動
2017/06/16 14:28:45 : 終了
2017/06/16 14:29:04 : 起動
2017/06/16 14:34:39 : 起動
2017/06/16 15:05:55 : 起動
2017/06/16 15:51:57 : 起動
2017/06/16 17:21:26 : 起動
2017/06/16 17:27:36 : 起動
2017/06/16 17:36:33 : 起動
2017/06/16 17:37:37 : 起動
2017/06/16 17:51:39 : 起動
2017/06/19 13:23:39 : 起動
2017/06/19 13:25:48 : 再測定実行
2017/06/19 13:27:27 : 起動
2017/06/19 13:27:32 : 終了
2017/06/19 13:27:46 : 起動
2017/06/19 13:30:23 : 再測定実行
2017/06/19 13:32:28 : 起動
2017/06/19 13:38:11 : 終了
2017/06/19 13:38:13 : 起動
2017/06/19 13:43:40 : 起動
2017/06/19 13:51:28 : 起動
2017/06/19 14:00:21 : 再測定実行
2017/06/19 14:10:43 : 再測定実行
2017/06/19 14:16:00 : 2017/06/19 14:16:00 : 計測時間が過ぎていたため、再設定しました。
2017/06/19 15:16:00 : 2017/06/19 15:16:00 : 計測時間が過ぎていたため、再設定しました。
2017/06/19 16:16:00 : 2017/06/19 16:16:00 : 計測時間が過ぎていたため、再設定しました。
2017/06/19 17:27:18 : 再測定実行
2017/06/19 17:27:33 : 2017/06/19 17:27:33 : 計測時間が過ぎていたため、再設定しました。
2017/06/19 17:40:15 : 再測定実行
2017/06/19 18:16:00 : 2017/06/19 18:16:00 : 計測時間が過ぎていたため、再設定しました。
2017/06/19 19:05:30 : 終了
2017/06/20 11:16:48 : 起動
2017/06/20 11:16:52 : 終了
2017/06/20 11:38:07 : 起動
2017/06/20 11:47:04 : 起動
2017/06/20 11:49:27 : 起動
2017/06/20 11:54:10 : 2017/06/20 11:54:10 : 記録時間が過ぎていたため、再設定しました。
2017/06/20 12:00:15 : 再測定実行
2017/06/20 12:16:00 : 2017/06/20 12:16:00 : 計測時間が過ぎていたため、再設定しました。
2017/06/20 12:50:14 : 再測定実行
2017/06/20 13:00:14 : 再測定実行
2017/06/20 13:04:11 : 終了
2017/06/20 13:04:45 : 起動
2017/06/20 13:16:00 : 2017/06/20 13:16:00 : 計測時間が過ぎていたため、再設定しました。
2017/06/20 14:00:14 : 再測定実行
2017/06/20 14:18:35 : 起動
2017/06/20 14:20:48 : 起動
2017/06/20 15:16:00 : 2017/06/20 15:16:00 : 計測時間が過ぎていたため、再設定しました。
2017/06/20 16:00:14 : 再測定実行
2017/06/20 16:16:00 : 2017/06/20 16:16:00 : 計測時間が過ぎていたため、再設定しました。
2017/06/20 17:16:00 : 2017/06/20 17:16:00 : 計測時間が過ぎていたため、再設定しました。
2017/06/20 18:16:00 : 2017/06/20 18:16:00 : 計測時間が過ぎていたため、再設定しました。
2017/06/20 19:16:00 : 2017/06/20 19:16:00 : 計測時間が過ぎていたため、再設定しました。
2017/06/20 20:16:00 : 2017/06/20 20:16:00 : 計測時間が過ぎていたため、再設定しました。
2017/06/20 21:16:00 : 2017/06/20 21:16:00 : 計測時間が過ぎていたため、再設定しました。
2017/06/20 21:50:14 : 再測定実行
2017/06/20 22:16:00 : 2017/06/20 22:16:00 : 計測時間が過ぎていたため、再設定しました。
2017/06/20 23:16:00 : 2017/06/20 23:16:00 : 計測時間が過ぎていたため、再設定しました。
2017/06/21 00:10:14 : 再測定実行
2017/06/21 00:16:00 : 2017/06/21 00:16:00 : 計測時間が過ぎていたため、再設定しました。
2017/06/21 00:30:14 : 再測定実行
2017/06/21 01:16:00 : 2017/06/21 01:16:00 : 計測時間が過ぎていたため、再設定しました。
2017/06/21 02:00:15 : 再測定実行
2017/06/21 02:16:00 : 2017/06/21 02:16:00 : 計測時間が過ぎていたため、再設定しました。
2017/06/21 03:16:00 : 2017/06/21 03:16:00 : 計測時間が過ぎていたため、再設定しました。
2017/06/21 04:16:00 : 2017/06/21 04:16:00 : 計測時間が過ぎていたため、再設定しました。
2017/06/21 05:16:00 : 2017/06/21 05:16:00 : 計測時間が過ぎていたため、再設定しました。
2017/06/21 06:16:00 : 2017/06/21 06:16:00 : 計測時間が過ぎていたため、再設定しました。
2017/06/21 07:16:00 : 2017/06/21 07:16:00 : 計測時間が過ぎていたため、再設定しました。
2017/06/21 07:30:14 : 再測定実行
2017/06/21 08:16:00 : 2017/06/21 08:16:00 : 計測時間が過ぎていたため、再設定しました。
2017/06/21 09:00:14 : 再測定実行
2017/06/21 09:16:00 : 2017/06/21 09:16:00 : 計測時間が過ぎていたため、再設定しました。
2017/06/21 09:50:14 : 再測定実行
2017/06/21 10:16:00 : 2017/06/21 10:16:00 : 計測時間が過ぎていたため、再設定しました。
2017/06/21 11:16:00 : 2017/06/21 11:16:00 : 計測時間が過ぎていたため、再設定しました。
2017/06/21 12:16:00 : 2017/06/21 12:16:00 : 計測時間が過ぎていたため、再設定しました。
2017/06/21 13:10:14 : 再測定実行
2017/06/21 13:16:00 : 2017/06/21 13:16:00 : 計測時間が過ぎていたため、再設定しました。
2017/06/21 14:07:34 : 起動
2017/06/21 14:08:04 : 起動
2017/06/21 14:16:47 : 起動
2017/06/21 14:24:44 : 起動
2017/06/21 15:16:00 : 2017/06/21 15:16:00 : 計測時間が過ぎていたため、再設定しました。
2017/06/21 15:31:35 : 起動
2017/06/21 15:41:25 : 起動
2017/06/21 15:43:05 : 起動
2017/06/21 15:48:15 : 起動
2017/06/21 15:50:34 : 再測定実行
2017/06/21 16:16:00 : 2017/06/21 16:16:00 : 計測時間が過ぎていたため、再設定しました。
2017/06/21 16:33:29 : 起動
2017/06/21 16:41:55 : 2017/06/21 16:40:00 : 管理値を超過。
2017/06/21 17:10:44 : 起動
2017/06/21 17:10:47 : 終了
2017/06/21 17:10:54 : 起動
2017/06/21 17:16:00 : 2017/06/21 17:16:00 : 計測時間が過ぎていたため、再設定しました。
2017/06/21 17:27:28 : 起動
2017/06/21 17:30:34 : 2017/06/21 17:30:00 : 管理値を超過。
2017/06/21 17:40:36 : 再測定実行
2017/06/21 18:02:35 : 起動
2017/06/21 18:15:33 : 起動
2017/06/21 18:16:00 : 2017/06/21 18:16:00 : 計測時間が過ぎていたため、再設定しました。
2017/06/21 18:16:16 : 再測定実行
2017/06/21 18:18:44 : 起動
2017/06/21 18:30:34 : 再測定実行
2017/06/21 18:41:41 : 起動
2017/06/21 18:50:34 : 2017/06/21 18:50:00 : 管理値を超過。
2017/06/21 19:16:00 : 2017/06/21 19:16:00 : 計測時間が過ぎていたため、再設定しました。
2017/06/21 20:00:34 : 再測定実行
2017/06/21 20:16:00 : 2017/06/21 20:16:00 : 計測時間が過ぎていたため、再設定しました。
2017/06/21 21:00:34 : 2017/06/21 21:00:00 : 管理値を超過。
2017/06/21 21:16:00 : 2017/06/21 21:16:00 : 計測時間が過ぎていたため、再設定しました。
2017/06/21 22:00:34 : 再測定実行
2017/06/21 22:10:34 : 2017/06/21 22:10:00 : 管理値を超過。
2017/06/21 22:16:00 : 2017/06/21 22:16:00 : 計測時間が過ぎていたため、再設定しました。
2017/06/21 22:50:34 : 再測定実行
2017/06/21 23:16:00 : 2017/06/21 23:16:00 : 計測時間が過ぎていたため、再設定しました。
2017/06/21 23:20:34 : 再測定実行
2017/06/21 23:40:34 : 再測定実行
2017/06/21 23:50:34 : 再測定実行
2017/06/21 23:51:08 : 2017/06/21 23:50:00 : 管理値を超過。
2017/06/22 00:16:00 : 2017/06/22 00:16:00 : 計測時間が過ぎていたため、再設定しました。
2017/06/22 00:50:34 : 再測定実行
2017/06/22 01:16:00 : 2017/06/22 01:16:00 : 計測時間が過ぎていたため、再設定しました。
2017/06/22 01:20:34 : 2017/06/22 01:20:00 : 管理値を超過。
2017/06/22 02:00:34 : 再測定実行
2017/06/22 02:16:00 : 2017/06/22 02:16:00 : 計測時間が過ぎていたため、再設定しました。
2017/06/22 02:20:34 : 再測定実行
2017/06/22 03:16:00 : 2017/06/22 03:16:00 : 計測時間が過ぎていたため、再設定しました。
2017/06/22 03:30:36 : 2017/06/22 03:30:00 : 管理値を超過。
2017/06/22 03:40:34 : 再測定実行
2017/06/22 03:50:34 : 再測定実行
2017/06/22 04:10:34 : 再測定実行
2017/06/22 04:16:00 : 2017/06/22 04:16:00 : 計測時間が過ぎていたため、再設定しました。
2017/06/22 05:16:00 : 2017/06/22 05:16:00 : 計測時間が過ぎていたため、再設定しました。
2017/06/22 05:50:34 : 2017/06/22 05:50:00 : 管理値を超過。
2017/06/22 06:10:34 : 2017/06/22 06:10:00 : 管理値を超過。
2017/06/22 06:16:00 : 2017/06/22 06:16:00 : 計測時間が過ぎていたため、再設定しました。
2017/06/22 06:40:34 : 再測定実行
2017/06/22 06:50:34 : 2017/06/22 06:50:00 : 管理値を超過。
2017/06/22 07:16:00 : 2017/06/22 07:16:00 : 計測時間が過ぎていたため、再設定しました。
2017/06/22 08:00:34 : 再測定実行
2017/06/22 08:16:00 : 2017/06/22 08:16:00 : 計測時間が過ぎていたため、再設定しました。
2017/06/22 08:56:28 : 起動
2017/06/22 09:02:33 : 起動
2017/06/22 09:17:54 : 起動
2017/06/22 10:17:56 : 起動
2017/06/22 10:27:35 : 起動
2017/06/22 10:32:10 : 2017/06/22 10:30:00 : 管理値を超過。
2017/06/22 10:40:34 : 再測定実行
2017/06/22 10:41:08 : 2017/06/22 10:40:00 : 管理値を超過。
2017/06/22 10:59:17 : 起動
2017/06/22 11:00:58 : 2017/06/22 11:00:00 : 管理値を超過。
2017/06/22 11:28:11 : 起動
2017/06/22 11:28:15 : 終了
2017/06/23 11:56:04 : 起動
2017/06/23 11:56:07 : 終了
2017/06/23 13:20:28 : 起動
2017/06/23 13:21:09 : 2017/06/23 13:21:09 : 管理値を超過。
2017/06/23 13:30:34 : 2017/06/23 13:30:00 : 管理値を超過。
2017/06/23 13:40:34 : 2017/06/23 13:40:00 : 管理値を超過。
2017/06/23 13:50:34 : 2017/06/23 13:50:00 : 管理値を超過。
2017/06/23 14:00:34 : 2017/06/23 14:00:00 : 管理値を超過。
2017/06/23 14:10:34 : 2017/06/23 14:10:00 : 管理値を超過。
2017/06/23 14:16:00 : 2017/06/23 14:16:00 : 計測時間が過ぎていたため、再設定しました。
2017/06/23 14:20:34 : 2017/06/23 14:20:00 : 管理値を超過。
2017/06/23 14:20:39 : 終了
2017/06/23 14:23:58 : 起動
2017/06/23 14:24:02 : 終了
2017/06/23 14:24:49 : 起動
2017/06/23 14:24:52 : 終了
2017/06/23 14:33:37 : 起動
2017/06/23 14:33:46 : 起動
2017/06/23 14:34:16 : 起動
2017/06/23 14:35:29 : 起動
2017/06/23 14:35:44 : 起動
2017/06/23 14:37:08 : 起動
2017/06/23 14:37:39 : 起動
2017/06/23 14:38:12 : 起動
2017/06/23 14:38:31 : 起動
2017/06/23 14:40:04 : 記録時間が過ぎていたため、再設定しました。
2017/06/23 14:40:37 : 管理値を超過。
2017/06/23 14:46:09 : 起動
2017/06/23 14:50:00 : 接続処理中です。
2017/06/23 14:50:00 : 接続が完了しました。
2017/06/23 14:50:00 : 管理値を超過。
2017/06/23 14:52:54 : 起動
2017/06/23 14:56:04 : 起動
2017/06/23 15:00:00 : 接続処理中です。
2017/06/23 15:00:00 : 接続が完了しました。
2017/06/23 15:00:00 : 管理値を超過。
2017/06/23 15:00:45 : 終了
2017/06/23 15:02:32 : 起動
2017/06/23 15:10:00 : 接続処理中です。
2017/06/23 15:10:00 : 接続が完了しました。
2017/06/23 15:16:00 : 計測時間が過ぎていたため、再設定しました。
2017/06/23 15:22:17 : 起動
2017/06/23 15:30:00 : 接続処理中です。
2017/06/23 15:30:00 : 接続が完了しました。
2017/06/23 15:40:00 : 接続処理中です。
2017/06/23 15:40:00 : 接続が完了しました。
2017/06/23 15:47:02 : 接続処理中です。
2017/06/23 15:47:02 : 接続が完了しました。
2017/06/23 16:00:36 : 起動
2017/06/23 16:10:00 : 接続処理中です。
2017/06/23 16:10:00 : 接続が完了しました。
2017/06/23 16:10:34 : 再測定実行
2017/06/23 16:20:00 : 接続処理中です。
2017/06/23 16:20:00 : 接続が完了しました。
2017/06/23 16:30:00 : 接続処理中です。
2017/06/23 16:30:00 : 接続が完了しました。
2017/06/23 16:40:00 : 接続処理中です。
2017/06/23 16:40:00 : 接続が完了しました。
2017/06/23 16:50:00 : 接続処理中です。
2017/06/23 16:50:00 : 接続が完了しました。
2017/06/23 17:00:00 : 接続処理中です。
2017/06/23 17:00:00 : 接続が完了しました。
2017/06/23 17:10:00 : 接続処理中です。
2017/06/23 17:10:00 : 接続が完了しました。
2017/06/23 17:20:00 : 接続処理中です。
2017/06/23 17:20:00 : 接続が完了しました。
2017/06/23 17:30:00 : 接続処理中です。
2017/06/23 17:30:00 : 接続が完了しました。
2017/06/23 17:40:00 : 接続処理中です。
2017/06/23 17:40:00 : 接続が完了しました。
2017/06/23 17:50:00 : 接続処理中です。
2017/06/23 17:50:00 : 接続が完了しました。
2017/06/23 18:00:00 : 接続処理中です。
2017/06/23 18:00:00 : 接続が完了しました。
2017/06/23 18:10:00 : 接続処理中です。
2017/06/23 18:10:00 : 接続が完了しました。
2017/06/23 18:10:00 : 管理値を超過。
2017/06/23 18:20:00 : 接続処理中です。
2017/06/23 18:20:00 : 接続が完了しました。
2017/06/23 18:30:00 : 接続処理中です。
2017/06/23 18:30:00 : 接続が完了しました。
2017/06/23 18:40:00 : 接続処理中です。
2017/06/23 18:40:00 : 接続が完了しました。
2017/06/23 18:50:00 : 接続処理中です。
2017/06/23 18:50:00 : 接続が完了しました。
2017/06/23 19:00:00 : 接続処理中です。
2017/06/23 19:00:00 : 接続が完了しました。
2017/06/23 19:10:00 : 接続処理中です。
2017/06/23 19:10:00 : 接続が完了しました。
2017/06/23 19:10:34 : 再測定実行
2017/06/23 19:20:00 : 接続処理中です。
2017/06/23 19:20:00 : 接続が完了しました。
2017/06/23 19:30:00 : 接続処理中です。
2017/06/23 19:30:00 : 接続が完了しました。
2017/06/23 19:40:00 : 接続処理中です。
2017/06/23 19:40:00 : 接続が完了しました。
2017/06/23 19:50:00 : 接続処理中です。
2017/06/23 19:50:00 : 接続が完了しました。
2017/06/23 20:00:00 : 接続処理中です。
2017/06/23 20:00:00 : 接続が完了しました。
2017/06/23 20:10:00 : 接続処理中です。
2017/06/23 20:10:00 : 接続が完了しました。
2017/06/23 20:20:00 : 接続処理中です。
2017/06/23 20:20:00 : 接続が完了しました。
2017/06/23 20:30:00 : 接続処理中です。
2017/06/23 20:30:00 : 接続が完了しました。
2017/06/23 20:40:00 : 接続処理中です。
2017/06/23 20:40:00 : 接続が完了しました。
2017/06/23 20:50:00 : 接続処理中です。
2017/06/23 20:50:00 : 接続が完了しました。
2017/06/23 20:50:00 : 管理値を超過。
2017/06/23 21:00:00 : 接続処理中です。
2017/06/23 21:00:00 : 接続が完了しました。
2017/06/23 21:00:34 : 再測定実行
2017/06/23 21:10:00 : 接続処理中です。
2017/06/23 21:10:00 : 接続が完了しました。
2017/06/23 21:20:00 : 接続処理中です。
2017/06/23 21:20:00 : 接続が完了しました。
2017/06/23 21:30:00 : 接続処理中です。
2017/06/23 21:30:00 : 接続が完了しました。
2017/06/23 21:40:00 : 接続処理中です。
2017/06/23 21:40:00 : 接続が完了しました。
2017/06/23 21:50:00 : 接続処理中です。
2017/06/23 21:50:00 : 接続が完了しました。
2017/06/23 22:00:00 : 接続処理中です。
2017/06/23 22:00:00 : 接続が完了しました。
2017/06/23 22:10:00 : 接続処理中です。
2017/06/23 22:10:00 : 接続が完了しました。
2017/06/23 22:20:00 : 接続処理中です。
2017/06/23 22:20:00 : 接続が完了しました。
2017/06/23 22:30:00 : 接続処理中です。
2017/06/23 22:30:00 : 接続が完了しました。
2017/06/23 22:30:34 : 再測定実行
2017/06/23 22:40:00 : 接続処理中です。
2017/06/23 22:40:00 : 接続が完了しました。
2017/06/23 22:50:00 : 接続処理中です。
2017/06/23 22:50:00 : 接続が完了しました。
2017/06/23 23:00:00 : 接続処理中です。
2017/06/23 23:00:00 : 接続が完了しました。
2017/06/23 23:10:00 : 接続処理中です。
2017/06/23 23:10:00 : 接続が完了しました。
2017/06/23 23:20:00 : 接続処理中です。
2017/06/23 23:20:00 : 接続が完了しました。
2017/06/23 23:20:34 : 再測定実行
2017/06/23 23:30:00 : 接続処理中です。
2017/06/23 23:30:00 : 接続が完了しました。
2017/06/23 23:40:00 : 接続処理中です。
2017/06/23 23:40:00 : 接続が完了しました。
2017/06/23 23:50:00 : 接続処理中です。
2017/06/23 23:50:00 : 接続が完了しました。
2017/06/23 23:50:34 : 再測定実行
2017/06/24 00:00:00 : 接続処理中です。
2017/06/24 00:00:00 : 接続が完了しました。
2017/06/24 00:10:00 : 接続処理中です。
2017/06/24 00:10:00 : 接続が完了しました。
2017/06/24 00:20:00 : 接続処理中です。
2017/06/24 00:20:00 : 接続が完了しました。
2017/06/24 00:30:00 : 接続処理中です。
2017/06/24 00:30:00 : 接続が完了しました。
2017/06/24 00:40:00 : 接続処理中です。
2017/06/24 00:40:00 : 接続が完了しました。
2017/06/24 00:50:00 : 接続処理中です。
2017/06/24 00:50:00 : 接続が完了しました。
2017/06/24 00:50:34 : 再測定実行
2017/06/24 01:00:00 : 接続処理中です。
2017/06/24 01:00:00 : 接続が完了しました。
2017/06/24 01:10:00 : 接続処理中です。
2017/06/24 01:10:00 : 接続が完了しました。
2017/06/24 01:20:00 : 接続処理中です。
2017/06/24 01:20:00 : 接続が完了しました。
2017/06/24 01:30:00 : 接続処理中です。
2017/06/24 01:30:00 : 接続が完了しました。
2017/06/24 01:40:00 : 接続処理中です。
2017/06/24 01:40:00 : 接続が完了しました。
2017/06/24 01:50:00 : 接続処理中です。
2017/06/24 01:50:00 : 接続が完了しました。
2017/06/24 02:00:00 : 接続処理中です。
2017/06/24 02:00:00 : 接続が完了しました。
2017/06/24 02:10:00 : 接続処理中です。
2017/06/24 02:10:00 : 接続が完了しました。
2017/06/24 02:20:00 : 接続処理中です。
2017/06/24 02:20:00 : 接続が完了しました。
2017/06/24 02:30:00 : 接続処理中です。
2017/06/24 02:30:00 : 接続が完了しました。
2017/06/24 02:40:00 : 接続処理中です。
2017/06/24 02:40:00 : 接続が完了しました。
2017/06/24 02:50:00 : 接続処理中です。
2017/06/24 02:50:00 : 接続が完了しました。
2017/06/24 03:00:00 : 接続処理中です。
2017/06/24 03:00:00 : 接続が完了しました。
2017/06/24 03:10:00 : 接続処理中です。
2017/06/24 03:10:00 : 接続が完了しました。
2017/06/24 03:20:00 : 接続処理中です。
2017/06/24 03:20:00 : 接続が完了しました。
2017/06/24 03:30:00 : 接続処理中です。
2017/06/24 03:30:00 : 接続が完了しました。
2017/06/24 03:40:00 : 接続処理中です。
2017/06/24 03:40:00 : 接続が完了しました。
2017/06/24 03:50:00 : 接続処理中です。
2017/06/24 03:50:00 : 接続が完了しました。
2017/06/24 04:00:00 : 接続処理中です。
2017/06/24 04:00:00 : 接続が完了しました。
2017/06/24 04:10:00 : 接続処理中です。
2017/06/24 04:10:00 : 接続が完了しました。
2017/06/24 04:20:00 : 接続処理中です。
2017/06/24 04:20:00 : 接続が完了しました。
2017/06/24 04:30:00 : 接続処理中です。
2017/06/24 04:30:00 : 接続が完了しました。
2017/06/24 04:40:00 : 接続処理中です。
2017/06/24 04:40:00 : 接続が完了しました。
2017/06/24 04:50:00 : 接続処理中です。
2017/06/24 04:50:00 : 接続が完了しました。
2017/06/24 04:50:34 : 再測定実行
2017/06/24 05:00:00 : 接続処理中です。
2017/06/24 05:00:00 : 接続が完了しました。
2017/06/24 05:10:00 : 接続処理中です。
2017/06/24 05:10:00 : 接続が完了しました。
2017/06/24 05:20:00 : 接続処理中です。
2017/06/24 05:20:00 : 接続が完了しました。
2017/06/24 05:30:00 : 接続処理中です。
2017/06/24 05:30:00 : 接続が完了しました。
2017/06/24 05:40:00 : 接続処理中です。
2017/06/24 05:40:00 : 接続が完了しました。
2017/06/24 05:40:34 : 再測定実行
2017/06/24 05:50:00 : 接続処理中です。
2017/06/24 05:50:00 : 接続が完了しました。
2017/06/24 06:00:00 : 接続処理中です。
2017/06/24 06:00:00 : 接続が完了しました。
2017/06/24 06:10:00 : 接続処理中です。
2017/06/24 06:10:00 : 接続が完了しました。
2017/06/24 06:10:34 : 再測定実行
2017/06/24 06:20:00 : 接続処理中です。
2017/06/24 06:20:00 : 接続が完了しました。
2017/06/24 06:20:34 : 再測定実行
2017/06/24 06:30:00 : 接続処理中です。
2017/06/24 06:30:00 : 接続が完了しました。
2017/06/24 06:40:00 : 接続処理中です。
2017/06/24 06:40:00 : 接続が完了しました。
2017/06/24 06:40:34 : 再測定実行
2017/06/24 06:50:00 : 接続処理中です。
2017/06/24 06:50:00 : 接続が完了しました。
2017/06/24 07:00:00 : 接続処理中です。
2017/06/24 07:00:00 : 接続が完了しました。
2017/06/24 07:10:00 : 接続処理中です。
2017/06/24 07:10:00 : 接続が完了しました。
2017/06/24 07:20:00 : 接続処理中です。
2017/06/24 07:20:00 : 接続が完了しました。
2017/06/24 07:30:00 : 接続処理中です。
2017/06/24 07:30:00 : 接続が完了しました。
2017/06/24 07:40:00 : 接続処理中です。
2017/06/24 07:40:00 : 接続が完了しました。
2017/06/24 07:50:00 : 接続処理中です。
2017/06/24 07:50:00 : 接続が完了しました。
2017/06/24 08:00:00 : 接続処理中です。
2017/06/24 08:00:00 : 接続が完了しました。
2017/06/24 08:10:00 : 接続処理中です。
2017/06/24 08:10:00 : 接続が完了しました。
2017/06/24 08:20:00 : 接続処理中です。
2017/06/24 08:20:00 : 接続が完了しました。
2017/06/24 08:30:00 : 接続処理中です。
2017/06/24 08:30:00 : 接続が完了しました。
2017/06/24 08:40:00 : 接続処理中です。
2017/06/24 08:40:00 : 接続が完了しました。
2017/06/24 08:50:00 : 接続処理中です。
2017/06/24 08:50:00 : 接続が完了しました。
2017/06/24 09:00:00 : 接続処理中です。
2017/06/24 09:00:00 : 接続が完了しました。
2017/06/24 09:10:00 : 接続処理中です。
2017/06/24 09:10:00 : 接続が完了しました。
2017/06/24 09:20:00 : 接続処理中です。
2017/06/24 09:20:00 : 接続が完了しました。
2017/06/24 09:30:00 : 接続処理中です。
2017/06/24 09:30:00 : 接続が完了しました。
2017/06/24 09:40:00 : 接続処理中です。
2017/06/24 09:40:00 : 接続が完了しました。
2017/06/24 09:50:00 : 接続処理中です。
2017/06/24 09:50:00 : 接続が完了しました。
2017/06/24 10:00:00 : 接続処理中です。
2017/06/24 10:00:00 : 接続が完了しました。
2017/06/24 10:10:00 : 接続処理中です。
2017/06/24 10:10:00 : 接続が完了しました。
2017/06/24 10:10:34 : 再測定実行
2017/06/24 10:20:00 : 接続処理中です。
2017/06/24 10:20:00 : 接続が完了しました。
2017/06/24 10:30:00 : 接続処理中です。
2017/06/24 10:30:00 : 接続が完了しました。
2017/06/24 10:30:34 : 再測定実行
2017/06/24 10:40:00 : 接続処理中です。
2017/06/24 10:40:00 : 接続が完了しました。
2017/06/24 10:50:00 : 接続処理中です。
2017/06/24 10:50:00 : 接続が完了しました。
2017/06/24 10:50:34 : 再測定実行
2017/06/24 11:00:00 : 接続処理中です。
2017/06/24 11:00:00 : 接続が完了しました。
2017/06/24 11:10:00 : 接続処理中です。
2017/06/24 11:10:00 : 接続が完了しました。
2017/06/24 11:20:00 : 接続処理中です。
2017/06/24 11:20:00 : 接続が完了しました。
2017/06/24 11:30:00 : 接続処理中です。
2017/06/24 11:30:00 : 接続が完了しました。
2017/06/24 11:30:34 : 再測定実行
2017/06/24 11:40:00 : 接続処理中です。
2017/06/24 11:40:00 : 接続が完了しました。
2017/06/24 11:50:00 : 接続処理中です。
2017/06/24 11:50:00 : 接続が完了しました。
2017/06/24 12:00:00 : 接続処理中です。
2017/06/24 12:00:00 : 接続が完了しました。
2017/06/24 12:10:00 : 接続処理中です。
2017/06/24 12:10:00 : 接続が完了しました。
2017/06/24 12:20:00 : 接続処理中です。
2017/06/24 12:20:00 : 接続が完了しました。
2017/06/24 12:30:00 : 接続処理中です。
2017/06/24 12:30:00 : 接続が完了しました。
2017/06/24 12:40:00 : 接続処理中です。
2017/06/24 12:40:00 : 接続が完了しました。
2017/06/24 12:40:34 : 再測定実行
2017/06/24 12:50:00 : 接続処理中です。
2017/06/24 12:50:00 : 接続が完了しました。
2017/06/24 13:00:00 : 接続処理中です。
2017/06/24 13:00:00 : 接続が完了しました。
2017/06/24 13:10:00 : 接続処理中です。
2017/06/24 13:10:00 : 接続が完了しました。
2017/06/24 13:20:00 : 接続処理中です。
2017/06/24 13:20:00 : 接続が完了しました。
2017/06/24 13:30:00 : 接続処理中です。
2017/06/24 13:30:00 : 接続が完了しました。
2017/06/24 13:40:00 : 接続処理中です。
2017/06/24 13:40:00 : 接続が完了しました。
2017/06/24 13:50:00 : 接続処理中です。
2017/06/24 13:50:00 : 接続が完了しました。
2017/06/24 14:00:00 : 接続処理中です。
2017/06/24 14:00:00 : 接続が完了しました。
2017/06/24 14:10:00 : 接続処理中です。
2017/06/24 14:10:00 : 接続が完了しました。
2017/06/24 14:10:34 : 再測定実行
2017/06/24 14:20:00 : 接続処理中です。
2017/06/24 14:20:00 : 接続が完了しました。
2017/06/24 14:30:00 : 接続処理中です。
2017/06/24 14:30:00 : 接続が完了しました。
2017/06/24 14:30:34 : 再測定実行
2017/06/24 14:40:00 : 接続処理中です。
2017/06/24 14:40:00 : 接続が完了しました。
2017/06/24 14:50:00 : 接続処理中です。
2017/06/24 14:50:00 : 接続が完了しました。
2017/06/24 14:50:34 : 再測定実行
2017/06/24 15:00:00 : 接続処理中です。
2017/06/24 15:00:00 : 接続が完了しました。
2017/06/24 15:10:00 : 接続処理中です。
2017/06/24 15:10:00 : 接続が完了しました。
2017/06/24 15:20:00 : 接続処理中です。
2017/06/24 15:20:00 : 接続が完了しました。
2017/06/24 15:30:00 : 接続処理中です。
2017/06/24 15:30:00 : 接続が完了しました。
2017/06/24 15:40:00 : 接続処理中です。
2017/06/24 15:40:00 : 接続が完了しました。
2017/06/24 15:50:00 : 接続処理中です。
2017/06/24 15:50:00 : 接続が完了しました。
2017/06/24 16:00:00 : 接続処理中です。
2017/06/24 16:00:00 : 接続が完了しました。
2017/06/24 16:10:00 : 接続処理中です。
2017/06/24 16:10:00 : 接続が完了しました。
2017/06/24 16:10:33 : 再測定実行
2017/06/24 16:20:00 : 接続処理中です。
2017/06/24 16:20:00 : 接続が完了しました。
2017/06/24 16:20:33 : 再測定実行
2017/06/24 16:30:00 : 接続処理中です。
2017/06/24 16:30:00 : 接続が完了しました。
2017/06/24 16:40:00 : 接続処理中です。
2017/06/24 16:40:00 : 接続が完了しました。
2017/06/24 16:50:00 : 接続処理中です。
2017/06/24 16:50:00 : 接続が完了しました。
2017/06/24 17:00:00 : 接続処理中です。
2017/06/24 17:00:00 : 接続が完了しました。
2017/06/24 17:10:00 : 接続処理中です。
2017/06/24 17:10:00 : 接続が完了しました。
2017/06/24 17:20:00 : 接続処理中です。
2017/06/24 17:20:00 : 接続が完了しました。
2017/06/24 17:30:00 : 接続処理中です。
2017/06/24 17:30:00 : 接続が完了しました。
2017/06/24 17:40:00 : 接続処理中です。
2017/06/24 17:40:00 : 接続が完了しました。
2017/06/24 17:50:00 : 接続処理中です。
2017/06/24 17:50:00 : 接続が完了しました。
2017/06/24 18:00:00 : 接続処理中です。
2017/06/24 18:00:00 : 接続が完了しました。
2017/06/24 18:10:00 : 接続処理中です。
2017/06/24 18:10:00 : 接続が完了しました。
2017/06/24 18:20:00 : 接続処理中です。
2017/06/24 18:20:00 : 接続が完了しました。
2017/06/24 18:30:00 : 接続処理中です。
2017/06/24 18:30:00 : 接続が完了しました。
2017/06/24 18:40:00 : 接続処理中です。
2017/06/24 18:40:00 : 接続が完了しました。
2017/06/24 18:50:00 : 接続処理中です。
2017/06/24 18:50:00 : 接続が完了しました。
2017/06/24 19:00:00 : 接続処理中です。
2017/06/24 19:00:00 : 接続が完了しました。
2017/06/24 19:00:00 : 管理値を超過。
2017/06/24 19:10:00 : 接続処理中です。
2017/06/24 19:10:00 : 接続が完了しました。
2017/06/24 19:20:00 : 接続処理中です。
2017/06/24 19:20:00 : 接続が完了しました。
2017/06/24 19:30:00 : 接続処理中です。
2017/06/24 19:30:00 : 接続が完了しました。
2017/06/24 19:40:00 : 接続処理中です。
2017/06/24 19:40:00 : 接続が完了しました。
2017/06/24 19:50:00 : 接続処理中です。
2017/06/24 19:50:00 : 接続が完了しました。
2017/06/24 20:00:00 : 接続処理中です。
2017/06/24 20:00:00 : 接続が完了しました。
2017/06/24 20:10:00 : 接続処理中です。
2017/06/24 20:10:00 : 接続が完了しました。
2017/06/24 20:20:00 : 接続処理中です。
2017/06/24 20:20:00 : 接続が完了しました。
2017/06/24 20:20:33 : 再測定実行
2017/06/24 20:30:00 : 接続処理中です。
2017/06/24 20:30:00 : 接続が完了しました。
2017/06/24 20:40:00 : 接続処理中です。
2017/06/24 20:40:00 : 接続が完了しました。
2017/06/24 20:50:00 : 接続処理中です。
2017/06/24 20:50:00 : 接続が完了しました。
2017/06/24 21:00:00 : 接続処理中です。
2017/06/24 21:00:00 : 接続が完了しました。
2017/06/24 21:10:00 : 接続処理中です。
2017/06/24 21:10:00 : 接続が完了しました。
2017/06/24 21:10:34 : 再測定実行
2017/06/24 21:20:00 : 接続処理中です。
2017/06/24 21:20:00 : 接続が完了しました。
2017/06/24 21:30:00 : 接続処理中です。
2017/06/24 21:30:00 : 接続が完了しました。
2017/06/24 21:40:00 : 接続処理中です。
2017/06/24 21:40:00 : 接続が完了しました。
2017/06/24 21:50:00 : 接続処理中です。
2017/06/24 21:50:00 : 接続が完了しました。
2017/06/24 22:00:00 : 接続処理中です。
2017/06/24 22:00:00 : 接続が完了しました。
2017/06/24 22:10:00 : 接続処理中です。
2017/06/24 22:10:00 : 接続が完了しました。
2017/06/24 22:10:34 : 再測定実行
2017/06/24 22:20:00 : 接続処理中です。
2017/06/24 22:20:00 : 接続が完了しました。
2017/06/24 22:30:00 : 接続処理中です。
2017/06/24 22:30:00 : 接続が完了しました。
2017/06/24 22:30:34 : 再測定実行
2017/06/24 22:40:00 : 接続処理中です。
2017/06/24 22:40:00 : 接続が完了しました。
2017/06/24 22:50:00 : 接続処理中です。
2017/06/24 22:50:00 : 接続が完了しました。
2017/06/24 23:00:00 : 接続処理中です。
2017/06/24 23:00:00 : 接続が完了しました。
2017/06/24 23:10:00 : 接続処理中です。
2017/06/24 23:10:00 : 接続が完了しました。
2017/06/24 23:20:00 : 接続処理中です。
2017/06/24 23:20:00 : 接続が完了しました。
2017/06/24 23:30:00 : 接続処理中です。
2017/06/24 23:30:00 : 接続が完了しました。
2017/06/24 23:40:00 : 接続処理中です。
2017/06/24 23:40:00 : 接続が完了しました。
2017/06/24 23:50:00 : 接続処理中です。
2017/06/24 23:50:00 : 接続が完了しました。
2017/06/25 00:00:00 : 接続処理中です。
2017/06/25 00:00:00 : 接続が完了しました。
2017/06/25 00:10:00 : 接続処理中です。
2017/06/25 00:10:00 : 接続が完了しました。
2017/06/25 00:10:34 : 再測定実行
2017/06/25 00:20:00 : 接続処理中です。
2017/06/25 00:20:00 : 接続が完了しました。
2017/06/25 00:30:00 : 接続処理中です。
2017/06/25 00:30:00 : 接続が完了しました。
2017/06/25 00:40:00 : 接続処理中です。
2017/06/25 00:40:00 : 接続が完了しました。
2017/06/25 00:50:00 : 接続処理中です。
2017/06/25 00:50:00 : 接続が完了しました。
2017/06/25 01:00:00 : 接続処理中です。
2017/06/25 01:00:00 : 接続が完了しました。
2017/06/25 01:10:00 : 接続処理中です。
2017/06/25 01:10:00 : 接続が完了しました。
2017/06/25 01:20:00 : 接続処理中です。
2017/06/25 01:20:00 : 接続が完了しました。
2017/06/25 01:30:00 : 接続処理中です。
2017/06/25 01:30:00 : 接続が完了しました。
2017/06/25 01:40:00 : 接続処理中です。
2017/06/25 01:40:00 : 接続が完了しました。
2017/06/25 01:50:00 : 接続処理中です。
2017/06/25 01:50:00 : 接続が完了しました。
2017/06/25 02:00:00 : 接続処理中です。
2017/06/25 02:00:00 : 接続が完了しました。
2017/06/25 02:10:00 : 接続処理中です。
2017/06/25 02:10:00 : 接続が完了しました。
2017/06/25 02:20:00 : 接続処理中です。
2017/06/25 02:20:00 : 接続が完了しました。
2017/06/25 02:30:00 : 接続処理中です。
2017/06/25 02:30:00 : 接続が完了しました。
2017/06/25 02:40:00 : 接続処理中です。
2017/06/25 02:40:00 : 接続が完了しました。
2017/06/25 02:50:00 : 接続処理中です。
2017/06/25 02:50:00 : 接続が完了しました。
2017/06/25 03:00:00 : 接続処理中です。
2017/06/25 03:00:00 : 接続が完了しました。
2017/06/25 03:10:00 : 接続処理中です。
2017/06/25 03:10:00 : 接続が完了しました。
2017/06/26 09:12:11 : 起動
2017/06/26 09:20:00 : 接続処理中です。
2017/06/26 09:20:00 : 接続が完了しました。
2017/06/26 09:30:00 : 接続処理中です。
2017/06/26 09:30:00 : 接続が完了しました。
2017/06/26 09:38:04 : 起動
2017/06/26 09:40:00 : 接続処理中です。
2017/06/26 09:40:00 : 接続が完了しました。
2017/06/26 09:40:34 : 再測定実行
2017/06/26 14:55:54 : 起動
2017/06/26 15:00:00 : 接続処理中です。
2017/06/26 15:00:00 : 接続が完了しました。
2017/06/26 15:10:00 : 接続処理中です。
2017/06/26 15:10:00 : 接続が完了しました。
2017/06/26 15:10:34 : 再測定実行
2017/06/26 15:20:00 : 接続処理中です。
2017/06/26 15:20:00 : 接続が完了しました。
2017/06/26 15:20:00 : 管理値を超過。
2017/06/26 15:30:00 : 接続処理中です。
2017/06/26 15:30:00 : 接続が完了しました。
2017/06/26 15:30:34 : 再測定実行
2017/06/26 15:40:00 : 接続処理中です。
2017/06/26 15:40:00 : 接続が完了しました。
2017/06/26 15:40:34 : 再測定実行
2017/06/26 15:45:53 : 手動計測実施
2017/06/26 15:45:53 : 接続処理中です。
2017/06/26 15:45:53 : 接続が完了しました。
2017/06/26 15:50:00 : 接続処理中です。
2017/06/26 15:50:00 : 接続が完了しました。
2017/06/26 15:56:59 : 起動
2017/06/26 16:00:00 : 接続処理中です。
2017/06/26 16:00:00 : 接続が完了しました。
2017/06/26 16:10:00 : 接続処理中です。
2017/06/26 16:10:00 : 接続が完了しました。
2017/06/26 16:20:00 : 接続処理中です。
2017/06/26 16:20:00 : 接続が完了しました。
2017/06/26 16:30:00 : 接続処理中です。
2017/06/26 16:30:00 : 接続が完了しました。
2017/06/26 16:40:00 : 接続処理中です。
2017/06/26 16:40:00 : 接続が完了しました。
2017/06/26 16:50:00 : 接続処理中です。
2017/06/26 16:50:00 : 接続が完了しました。
2017/06/26 17:00:00 : 接続処理中です。
2017/06/26 17:00:00 : 接続が完了しました。
2017/06/26 17:10:00 : 接続処理中です。
2017/06/26 17:10:00 : 接続が完了しました。
2017/06/26 17:20:00 : 接続処理中です。
2017/06/26 17:20:00 : 接続が完了しました。
2017/06/26 17:20:34 : 再測定実行
2017/06/26 17:30:00 : 接続処理中です。
2017/06/26 17:30:00 : 接続が完了しました。
2017/06/26 17:40:00 : 接続処理中です。
2017/06/26 17:40:00 : 接続が完了しました。
2017/06/26 17:50:00 : 接続処理中です。
2017/06/26 17:50:00 : 接続が完了しました。
2017/06/26 18:00:00 : 接続処理中です。
2017/06/26 18:00:00 : 接続が完了しました。
2017/06/26 18:00:34 : 再測定実行
2017/06/26 18:10:00 : 接続処理中です。
2017/06/26 18:10:00 : 接続が完了しました。
2017/06/26 18:20:00 : 接続処理中です。
2017/06/26 18:20:00 : 接続が完了しました。
2017/06/26 18:30:00 : 接続処理中です。
2017/06/26 18:30:00 : 接続が完了しました。
2017/06/26 18:40:00 : 接続処理中です。
2017/06/26 18:40:00 : 接続が完了しました。
2017/06/26 18:40:34 : 再測定実行
2017/06/26 18:50:00 : 接続処理中です。
2017/06/26 18:50:00 : 接続が完了しました。
2017/06/26 19:00:00 : 接続処理中です。
2017/06/26 19:00:00 : 接続が完了しました。
2017/06/26 19:10:00 : 接続処理中です。
2017/06/26 19:10:00 : 接続が完了しました。
2017/06/26 19:20:00 : 接続処理中です。
2017/06/26 19:20:00 : 接続が完了しました。
2017/06/26 19:20:34 : 再測定実行
2017/06/26 19:30:00 : 接続処理中です。
2017/06/26 19:30:00 : 接続が完了しました。
2017/06/26 19:40:00 : 接続処理中です。
2017/06/26 19:40:00 : 接続が完了しました。
2017/06/26 19:50:00 : 接続処理中です。
2017/06/26 19:50:00 : 接続が完了しました。
2017/06/26 19:50:34 : 再測定実行
2017/06/26 20:00:00 : 接続処理中です。
2017/06/26 20:00:00 : 接続が完了しました。
2017/06/26 20:10:00 : 接続処理中です。
2017/06/26 20:10:00 : 接続が完了しました。
2017/06/26 20:20:00 : 接続処理中です。
2017/06/26 20:20:00 : 接続が完了しました。
2017/06/26 20:30:00 : 接続処理中です。
2017/06/26 20:30:00 : 接続が完了しました。
2017/06/26 20:40:00 : 接続処理中です。
2017/06/26 20:40:00 : 接続が完了しました。
2017/06/26 20:50:00 : 接続処理中です。
2017/06/26 20:50:00 : 接続が完了しました。
2017/06/26 21:00:00 : 接続処理中です。
2017/06/26 21:00:00 : 接続が完了しました。
2017/06/26 21:10:00 : 接続処理中です。
2017/06/26 21:10:00 : 接続が完了しました。
2017/06/26 21:20:00 : 接続処理中です。
2017/06/26 21:20:00 : 接続が完了しました。
2017/06/26 21:30:00 : 接続処理中です。
2017/06/26 21:30:00 : 接続が完了しました。
2017/06/26 21:40:00 : 接続処理中です。
2017/06/26 21:40:00 : 接続が完了しました。
2017/06/26 21:50:00 : 接続処理中です。
2017/06/26 21:50:00 : 接続が完了しました。
2017/06/26 22:00:00 : 接続処理中です。
2017/06/26 22:00:00 : 接続が完了しました。
2017/06/26 22:10:00 : 接続処理中です。
2017/06/26 22:10:00 : 接続が完了しました。
2017/06/26 22:20:00 : 接続処理中です。
2017/06/26 22:20:00 : 接続が完了しました。
2017/06/26 22:30:00 : 接続処理中です。
2017/06/26 22:30:00 : 接続が完了しました。
2017/06/26 22:40:00 : 接続処理中です。
2017/06/26 22:40:00 : 接続が完了しました。
2017/06/26 22:50:00 : 接続処理中です。
2017/06/26 22:50:00 : 接続が完了しました。
2017/06/26 23:00:00 : 接続処理中です。
2017/06/26 23:00:00 : 接続が完了しました。
2017/06/26 23:10:00 : 接続処理中です。
2017/06/26 23:10:00 : 接続が完了しました。
2017/06/26 23:10:34 : 再測定実行
2017/06/26 23:20:00 : 接続処理中です。
2017/06/26 23:20:00 : 接続が完了しました。
2017/06/26 23:30:00 : 接続処理中です。
2017/06/26 23:30:00 : 接続が完了しました。
2017/06/26 23:40:00 : 接続処理中です。
2017/06/26 23:40:00 : 接続が完了しました。
2017/06/26 23:40:34 : 再測定実行
2017/06/26 23:50:00 : 接続処理中です。
2017/06/26 23:50:00 : 接続が完了しました。
2017/06/27 00:00:00 : 接続処理中です。
2017/06/27 00:00:00 : 接続が完了しました。
2017/06/27 00:10:00 : 接続処理中です。
2017/06/27 00:10:00 : 接続が完了しました。
2017/06/27 00:20:00 : 接続処理中です。
2017/06/27 00:20:00 : 接続が完了しました。
2017/06/27 00:30:00 : 接続処理中です。
2017/06/27 00:30:00 : 接続が完了しました。
2017/06/27 00:40:00 : 接続処理中です。
2017/06/27 00:40:00 : 接続が完了しました。
2017/06/27 00:40:33 : 再測定実行
2017/06/27 00:50:00 : 接続処理中です。
2017/06/27 00:50:00 : 接続が完了しました。
2017/06/27 01:00:00 : 接続処理中です。
2017/06/27 01:00:00 : 接続が完了しました。
2017/06/27 01:10:00 : 接続処理中です。
2017/06/27 01:10:00 : 接続が完了しました。
2017/06/27 01:10:34 : 再測定実行
2017/06/27 01:20:00 : 接続処理中です。
2017/06/27 01:20:00 : 接続が完了しました。
2017/06/27 01:30:00 : 接続処理中です。
2017/06/27 01:30:00 : 接続が完了しました。
2017/06/27 01:40:00 : 接続処理中です。
2017/06/27 01:40:00 : 接続が完了しました。
2017/06/27 01:50:00 : 接続処理中です。
2017/06/27 01:50:00 : 接続が完了しました。
2017/06/27 02:00:00 : 接続処理中です。
2017/06/27 02:00:00 : 接続が完了しました。
2017/06/27 02:00:34 : 再測定実行
2017/06/27 02:10:00 : 接続処理中です。
2017/06/27 02:10:00 : 接続が完了しました。
2017/06/27 02:20:00 : 接続処理中です。
2017/06/27 02:20:00 : 接続が完了しました。
2017/06/27 02:30:00 : 接続処理中です。
2017/06/27 02:30:00 : 接続が完了しました。
2017/06/27 02:40:00 : 接続処理中です。
2017/06/27 02:40:00 : 接続が完了しました。
2017/06/27 02:50:00 : 接続処理中です。
2017/06/27 02:50:00 : 接続が完了しました。
2017/06/27 03:00:00 : 接続処理中です。
2017/06/27 03:00:00 : 接続が完了しました。
2017/06/27 03:10:01 : 接続処理中です。
2017/06/27 03:10:01 : 接続が完了しました。
2017/06/27 03:20:00 : 接続処理中です。
2017/06/27 03:20:00 : 接続が完了しました。
2017/06/27 03:30:00 : 接続処理中です。
2017/06/27 03:30:00 : 接続が完了しました。
2017/06/27 03:40:00 : 接続処理中です。
2017/06/27 03:40:00 : 接続が完了しました。
2017/06/27 03:50:00 : 接続処理中です。
2017/06/27 03:50:00 : 接続が完了しました。
2017/06/27 04:00:00 : 接続処理中です。
2017/06/27 04:00:01 : 接続が完了しました。
2017/06/27 04:10:00 : 接続処理中です。
2017/06/27 04:10:00 : 接続が完了しました。
2017/06/27 04:20:00 : 接続処理中です。
2017/06/27 04:20:00 : 接続が完了しました。
2017/06/27 04:30:00 : 接続処理中です。
2017/06/27 04:30:00 : 接続が完了しました。
2017/06/27 04:43:06 : 記録時間が過ぎていたため、再設定しました。
2017/06/27 04:50:00 : 接続処理中です。
2017/06/27 04:50:00 : 接続が完了しました。
2017/06/27 05:00:00 : 接続処理中です。
2017/06/27 05:00:00 : 接続が完了しました。
2017/06/27 05:10:00 : 接続処理中です。
2017/06/27 05:10:00 : 接続が完了しました。
2017/06/27 05:20:00 : 接続処理中です。
2017/06/27 05:20:00 : 接続が完了しました。
2017/06/27 05:30:00 : 接続処理中です。
2017/06/27 05:30:00 : 接続が完了しました。
2017/06/27 05:40:00 : 接続処理中です。
2017/06/27 05:40:00 : 接続が完了しました。
2017/06/27 05:50:00 : 接続処理中です。
2017/06/27 05:50:00 : 接続が完了しました。
2017/06/27 06:00:00 : 接続処理中です。
2017/06/27 06:00:00 : 接続が完了しました。
2017/06/27 06:10:00 : 接続処理中です。
2017/06/27 06:10:00 : 接続が完了しました。
2017/06/27 06:20:00 : 接続処理中です。
2017/06/27 06:20:00 : 接続が完了しました。
2017/06/27 06:30:00 : 接続処理中です。
2017/06/27 06:30:00 : 接続が完了しました。
2017/06/27 06:30:34 : 再測定実行
2017/06/27 06:40:00 : 接続処理中です。
2017/06/27 06:40:00 : 接続が完了しました。
2017/06/27 06:50:00 : 接続処理中です。
2017/06/27 06:50:00 : 接続が完了しました。
2017/06/27 07:00:00 : 接続処理中です。
2017/06/27 07:00:00 : 接続が完了しました。
2017/06/27 07:10:00 : 接続処理中です。
2017/06/27 07:10:00 : 接続が完了しました。
2017/06/27 07:20:00 : 接続処理中です。
2017/06/27 07:20:00 : 接続が完了しました。
2017/06/27 07:20:33 : 再測定実行
2017/06/27 07:30:00 : 接続処理中です。
2017/06/27 07:30:00 : 接続が完了しました。
2017/06/27 07:40:00 : 接続処理中です。
2017/06/27 07:40:00 : 接続が完了しました。
2017/06/27 07:50:00 : 接続処理中です。
2017/06/27 07:50:00 : 接続が完了しました。
2017/06/27 08:00:00 : 接続処理中です。
2017/06/27 08:00:00 : 接続が完了しました。
2017/06/27 08:00:34 : 再測定実行
2017/06/27 08:10:00 : 接続処理中です。
2017/06/27 08:10:00 : 接続が完了しました。
2017/06/27 08:20:00 : 接続処理中です。
2017/06/27 08:20:00 : 接続が完了しました。
2017/06/27 08:20:33 : 再測定実行
2017/06/27 08:30:00 : 接続処理中です。
2017/06/27 08:30:00 : 接続が完了しました。
2017/06/27 08:40:00 : 接続処理中です。
2017/06/27 08:40:00 : 接続が完了しました。
2017/06/27 08:50:00 : 接続処理中です。
2017/06/27 08:50:00 : 接続が完了しました。
2017/06/27 09:00:00 : 接続処理中です。
2017/06/27 09:00:00 : 接続が完了しました。
2017/06/27 09:10:00 : 接続処理中です。
2017/06/27 09:10:00 : 接続が完了しました。
2017/06/27 09:20:00 : 接続処理中です。
2017/06/27 09:20:00 : 接続が完了しました。
2017/06/27 09:30:00 : 終了
2017/06/27 09:42:02 : 起動
2017/06/27 09:50:00 : 接続処理中です。
2017/06/27 09:50:00 : 接続が完了しました。
2017/06/27 10:16:26 : 起動
2017/06/27 10:20:00 : 接続処理中です。
2017/06/27 10:20:00 : 接続が完了しました。
2017/06/27 10:30:00 : 接続処理中です。
2017/06/27 10:30:00 : 接続が完了しました。
2017/06/27 10:40:00 : 接続処理中です。
2017/06/27 10:40:00 : 接続が完了しました。
2017/06/27 10:40:34 : 再測定実行
2017/06/27 10:50:00 : 接続処理中です。
2017/06/27 10:50:00 : 接続が完了しました。
2017/06/27 11:00:00 : 接続処理中です。
2017/06/27 11:00:00 : 接続が完了しました。
2017/06/27 11:10:00 : 接続処理中です。
2017/06/27 11:10:00 : 接続が完了しました。
2017/06/27 11:20:00 : 接続処理中です。
2017/06/27 11:20:00 : 接続が完了しました。
2017/06/27 11:30:00 : 接続処理中です。
2017/06/27 11:30:00 : 接続が完了しました。
2017/06/27 11:40:00 : 接続処理中です。
2017/06/27 11:40:00 : 接続が完了しました。
2017/06/27 11:50:00 : 接続処理中です。
2017/06/27 11:50:00 : 接続が完了しました。
2017/06/27 12:00:00 : 接続処理中です。
2017/06/27 12:00:00 : 接続が完了しました。
2017/06/27 12:10:00 : 接続処理中です。
2017/06/27 12:10:00 : 接続が完了しました。
2017/06/27 12:10:33 : 再測定実行
2017/06/27 12:20:00 : 接続処理中です。
2017/06/27 12:20:00 : 接続が完了しました。
2017/06/27 12:30:00 : 接続処理中です。
2017/06/27 12:30:00 : 接続が完了しました。
2017/06/27 12:40:00 : 接続処理中です。
2017/06/27 12:40:00 : 接続が完了しました。
2017/06/27 12:40:34 : 再測定実行
2017/06/27 12:50:00 : 接続処理中です。
2017/06/27 12:50:00 : 接続が完了しました。
2017/06/27 13:00:00 : 接続処理中です。
2017/06/27 13:00:00 : 接続が完了しました。
2017/06/27 13:10:00 : 接続処理中です。
2017/06/27 13:10:00 : 接続が完了しました。
2017/06/27 13:20:00 : 接続処理中です。
2017/06/27 13:20:00 : 接続が完了しました。
2017/06/27 13:20:33 : 再測定実行
2017/06/27 13:30:00 : 接続処理中です。
2017/06/27 13:30:00 : 接続が完了しました。
2017/06/27 13:30:33 : 再測定実行
2017/06/27 13:40:00 : 接続処理中です。
2017/06/27 13:40:00 : 接続が完了しました。
2017/06/27 13:40:34 : 再測定実行
2017/06/27 13:50:00 : 接続処理中です。
2017/06/27 13:50:00 : 接続が完了しました。
2017/06/27 13:50:34 : 再測定実行
2017/06/27 14:00:00 : 接続処理中です。
2017/06/27 14:00:00 : 接続が完了しました。
2017/06/27 14:06:22 : 起動
2017/06/27 14:10:00 : 接続処理中です。
2017/06/27 14:10:00 : 接続が完了しました。
2017/06/27 14:10:34 : 再測定実行
2017/06/27 14:18:24 : 終了
2017/06/27 14:18:36 : 起動
2017/06/27 14:20:00 : 接続処理中です。
2017/06/27 14:20:00 : 接続が完了しました。
2017/06/27 14:20:00 : 管理値を超過。
2017/06/27 14:23:32 : 起動
2017/06/27 14:24:06 : 起動
2017/06/27 14:30:00 : 接続処理中です。
2017/06/27 14:30:00 : 接続が完了しました。
2017/06/27 14:40:00 : 接続処理中です。
2017/06/27 14:40:00 : 接続が完了しました。
2017/06/27 14:40:34 : 再測定実行
2017/06/27 14:50:00 : 接続処理中です。
2017/06/27 14:50:00 : 接続が完了しました。
2017/06/27 14:50:00 : 管理値を超過した点あり。
2017/06/27 14:50:00
   No.6 : 1.558 [レベル2超過]

2017/06/27 15:46:53 : 起動
2017/06/27 15:50:00 : 接続処理中です。
2017/06/27 15:50:00 : 接続が完了しました。
2017/06/27 15:50:00 : 管理値を超過した点あり。
2017/06/27 15:50:00
   No.6 : 1.508 [レベル2超過]

2017/06/27 16:00:00 : 接続処理中です。
2017/06/27 16:00:00 : 接続が完了しました。
2017/06/27 16:00:00 : 管理値を超過した点あり。
2017/06/27 16:00:00
   No.6 : 1.533 [レベル2超過]

2017/06/27 16:10:00 : 接続処理中です。
2017/06/27 16:10:00 : 接続が完了しました。
2017/06/27 16:20:00 : 接続処理中です。
2017/06/27 16:20:00 : 接続が完了しました。
2017/06/27 16:30:00 : 接続処理中です。
2017/06/27 16:30:00 : 接続が完了しました。
2017/06/27 16:40:00 : 接続処理中です。
2017/06/27 16:40:00 : 接続が完了しました。
2017/06/27 16:40:34 : 再測定実行
2017/06/27 16:50:00 : 接続処理中です。
2017/06/27 16:50:00 : 接続が完了しました。
2017/06/27 17:00:00 : 接続処理中です。
2017/06/27 17:00:00 : 接続が完了しました。
2017/06/27 17:10:00 : 接続処理中です。
2017/06/27 17:10:00 : 接続が完了しました。
2017/06/27 17:10:00 : 管理値を超過した点あり。
2017/06/27 17:10:00
   No.6 : 1.642 [レベル2超過]

2017/06/27 17:20:00 : 接続処理中です。
2017/06/27 17:20:00 : 接続が完了しました。
2017/06/27 17:30:00 : 接続処理中です。
2017/06/27 17:30:00 : 接続が完了しました。
2017/06/27 17:30:34 : 再測定実行
2017/06/27 17:40:00 : 接続処理中です。
2017/06/27 17:40:00 : 接続が完了しました。
2017/06/27 17:50:00 : 接続処理中です。
2017/06/27 17:50:00 : 接続が完了しました。
2017/06/27 18:00:00 : 接続処理中です。
2017/06/27 18:00:00 : 接続が完了しました。
2017/06/27 18:00:00 : 管理値を超過した点あり。
2017/06/27 18:00:00
   No.6 : 1.508 [レベル2超過]

2017/06/27 18:10:00 : 接続処理中です。
2017/06/27 18:10:00 : 接続が完了しました。
2017/06/27 18:20:00 : 接続処理中です。
2017/06/27 18:20:00 : 接続が完了しました。
2017/06/27 18:30:00 : 接続処理中です。
2017/06/27 18:30:00 : 接続が完了しました。
2017/06/27 18:40:00 : 接続処理中です。
2017/06/27 18:40:00 : 接続が完了しました。
2017/06/27 18:50:00 : 接続処理中です。
2017/06/27 18:50:00 : 接続が完了しました。
2017/06/27 19:00:00 : 接続処理中です。
2017/06/27 19:00:00 : 接続が完了しました。
2017/06/27 19:10:00 : 接続処理中です。
2017/06/27 19:10:00 : 接続が完了しました。
2017/06/27 19:10:00 : 管理値を超過した点あり。
2017/06/27 19:10:00
   No.6 : 1.542 [レベル2超過]

2017/06/27 19:20:00 : 接続処理中です。
2017/06/27 19:20:00 : 接続が完了しました。
2017/06/27 19:30:00 : 接続処理中です。
2017/06/27 19:30:00 : 接続が完了しました。
2017/06/27 19:40:00 : 接続処理中です。
2017/06/27 19:40:00 : 接続が完了しました。
2017/06/27 19:50:00 : 接続処理中です。
2017/06/27 19:50:00 : 接続が完了しました。
2017/06/27 20:00:00 : 接続処理中です。
2017/06/27 20:00:00 : 接続が完了しました。
2017/06/27 20:10:00 : 接続処理中です。
2017/06/27 20:10:00 : 接続が完了しました。
2017/06/27 20:20:00 : 接続処理中です。
2017/06/27 20:20:00 : 接続が完了しました。
2017/06/27 20:30:00 : 接続処理中です。
2017/06/27 20:30:00 : 接続が完了しました。
2017/06/27 20:30:00 : 管理値を超過した点あり。
2017/06/27 20:30:00
   No.6 : 1.550 [レベル2超過]

2017/06/27 20:40:00 : 接続処理中です。
2017/06/27 20:40:00 : 接続が完了しました。
2017/06/27 20:50:00 : 接続処理中です。
2017/06/27 20:50:00 : 接続が完了しました。
2017/06/27 20:50:00 : 管理値を超過した点あり。
2017/06/27 20:50:00
   No.6 : 1.617 [レベル2超過]

2017/06/27 21:00:00 : 接続処理中です。
2017/06/27 21:00:00 : 接続が完了しました。
2017/06/27 21:10:00 : 接続処理中です。
2017/06/27 21:10:00 : 接続が完了しました。
2017/06/27 21:10:34 : 再測定実行
2017/06/27 21:20:00 : 接続処理中です。
2017/06/27 21:20:00 : 接続が完了しました。
2017/06/27 21:30:00 : 接続処理中です。
2017/06/27 21:30:00 : 接続が完了しました。
2017/06/27 21:40:00 : 接続処理中です。
2017/06/27 21:40:00 : 接続が完了しました。
2017/06/27 21:50:00 : 接続処理中です。
2017/06/27 21:50:00 : 接続が完了しました。
2017/06/27 22:00:00 : 接続処理中です。
2017/06/27 22:00:00 : 接続が完了しました。
2017/06/27 22:00:00 : 管理値を超過した点あり。
2017/06/27 22:00:00
   No.6 : 1.575 [レベル2超過]

2017/06/27 22:10:00 : 接続処理中です。
2017/06/27 22:10:00 : 接続が完了しました。
2017/06/27 22:20:00 : 接続処理中です。
2017/06/27 22:20:00 : 接続が完了しました。
2017/06/27 22:20:34 : 再測定実行
2017/06/27 22:30:00 : 接続処理中です。
2017/06/27 22:30:00 : 接続が完了しました。
2017/06/27 22:40:00 : 接続処理中です。
2017/06/27 22:40:00 : 接続が完了しました。
2017/06/27 22:50:00 : 接続処理中です。
2017/06/27 22:50:00 : 接続が完了しました。
2017/06/27 23:00:00 : 接続処理中です。
2017/06/27 23:00:00 : 接続が完了しました。
2017/06/27 23:10:00 : 接続処理中です。
2017/06/27 23:10:00 : 接続が完了しました。
2017/06/27 23:20:00 : 接続処理中です。
2017/06/27 23:20:00 : 接続が完了しました。
2017/06/27 23:30:00 : 接続処理中です。
2017/06/27 23:30:00 : 接続が完了しました。
2017/06/27 23:30:00 : 管理値を超過した点あり。
2017/06/27 23:30:00
   No.6 : 1.575 [レベル2超過]

2017/06/27 23:40:00 : 接続処理中です。
2017/06/27 23:40:00 : 接続が完了しました。
2017/06/27 23:50:00 : 接続処理中です。
2017/06/27 23:50:00 : 接続が完了しました。
2017/06/27 23:50:34 : 再測定実行
2017/06/28 00:00:00 : 接続処理中です。
2017/06/28 00:00:00 : 接続が完了しました。
2017/06/28 00:00:34 : 再測定実行
2017/06/28 00:10:00 : 接続処理中です。
2017/06/28 00:10:00 : 接続が完了しました。
2017/06/28 00:20:00 : 接続処理中です。
2017/06/28 00:20:00 : 接続が完了しました。
2017/06/28 00:30:00 : 接続処理中です。
2017/06/28 00:30:00 : 接続が完了しました。
2017/06/28 00:40:00 : 接続処理中です。
2017/06/28 00:40:00 : 接続が完了しました。
2017/06/28 00:40:34 : 再測定実行
2017/06/28 00:50:00 : 接続処理中です。
2017/06/28 00:50:00 : 接続が完了しました。
2017/06/28 01:00:00 : 接続処理中です。
2017/06/28 01:00:00 : 接続が完了しました。
2017/06/28 01:00:33 : 再測定実行
2017/06/28 01:10:00 : 接続処理中です。
2017/06/28 01:10:00 : 接続が完了しました。
2017/06/28 01:20:00 : 接続処理中です。
2017/06/28 01:20:00 : 接続が完了しました。
2017/06/28 01:30:00 : 接続処理中です。
2017/06/28 01:30:00 : 接続が完了しました。
2017/06/28 01:40:00 : 接続処理中です。
2017/06/28 01:40:00 : 接続が完了しました。
2017/06/28 01:50:00 : 接続処理中です。
2017/06/28 01:50:00 : 接続が完了しました。
2017/06/28 02:00:00 : 接続処理中です。
2017/06/28 02:00:00 : 接続が完了しました。
2017/06/28 02:00:00 : 管理値を超過した点あり。
2017/06/28 02:00:00
   No.6 : 1.567 [レベル2超過]

2017/06/28 02:10:00 : 接続処理中です。
2017/06/28 02:10:00 : 接続が完了しました。
2017/06/28 02:20:00 : 接続処理中です。
2017/06/28 02:20:00 : 接続が完了しました。
2017/06/28 02:30:00 : 接続処理中です。
2017/06/28 02:30:00 : 接続が完了しました。
2017/06/28 02:30:33 : 再測定実行
2017/06/28 02:40:00 : 接続処理中です。
2017/06/28 02:40:00 : 接続が完了しました。
2017/06/28 02:50:00 : 接続処理中です。
2017/06/28 02:50:00 : 接続が完了しました。
2017/06/28 02:50:34 : 再測定実行
2017/06/28 03:00:00 : 接続処理中です。
2017/06/28 03:00:00 : 接続が完了しました。
2017/06/28 03:10:01 : 接続処理中です。
2017/06/28 03:10:02 : 接続が完了しました。
2017/06/28 03:20:00 : 接続処理中です。
2017/06/28 03:20:00 : 接続が完了しました。
2017/06/28 03:30:00 : 接続処理中です。
2017/06/28 03:30:00 : 接続が完了しました。
2017/06/28 03:40:00 : 接続処理中です。
2017/06/28 03:40:00 : 接続が完了しました。
2017/06/28 03:50:00 : 接続処理中です。
2017/06/28 03:50:00 : 接続が完了しました。
2017/06/28 04:00:00 : 接続処理中です。
2017/06/28 04:00:00 : 接続が完了しました。
2017/06/28 04:10:00 : 接続処理中です。
2017/06/28 04:10:00 : 接続が完了しました。
2017/06/28 04:10:34 : 再測定実行
2017/06/28 04:20:00 : 接続処理中です。
2017/06/28 04:20:00 : 接続が完了しました。
2017/06/28 04:30:00 : 接続処理中です。
2017/06/28 04:30:00 : 接続が完了しました。
2017/06/28 04:40:00 : 接続処理中です。
2017/06/28 04:40:00 : 接続が完了しました。
2017/06/28 04:50:00 : 接続処理中です。
2017/06/28 04:50:00 : 接続が完了しました。
2017/06/28 05:00:00 : 接続処理中です。
2017/06/28 05:00:00 : 接続が完了しました。
2017/06/28 05:00:00 : 管理値を超過した点あり。
2017/06/28 05:00:00
   No.6 : 1.550 [レベル2超過]

2017/06/28 05:10:00 : 接続処理中です。
2017/06/28 05:10:00 : 接続が完了しました。
2017/06/28 05:20:00 : 接続処理中です。
2017/06/28 05:20:00 : 接続が完了しました。
2017/06/28 05:20:00 : 管理値を超過した点あり。
2017/06/28 05:20:00
   No.6 : 1.642 [レベル2超過]

2017/06/28 05:30:00 : 接続処理中です。
2017/06/28 05:30:00 : 接続が完了しました。
2017/06/28 05:40:00 : 接続処理中です。
2017/06/28 05:40:00 : 接続が完了しました。
2017/06/28 05:50:00 : 接続処理中です。
2017/06/28 05:50:00 : 接続が完了しました。
2017/06/28 06:00:00 : 接続処理中です。
2017/06/28 06:00:00 : 接続が完了しました。
2017/06/28 06:00:34 : 再測定実行
2017/06/28 06:10:00 : 接続処理中です。
2017/06/28 06:10:00 : 接続が完了しました。
2017/06/28 06:20:00 : 接続処理中です。
2017/06/28 06:20:00 : 接続が完了しました。
2017/06/28 06:30:00 : 接続処理中です。
2017/06/28 06:30:00 : 接続が完了しました。
2017/06/28 06:40:00 : 接続処理中です。
2017/06/28 06:40:00 : 接続が完了しました。
2017/06/28 06:40:34 : 再測定実行
2017/06/28 06:50:00 : 接続処理中です。
2017/06/28 06:50:00 : 接続が完了しました。
2017/06/28 07:00:00 : 接続処理中です。
2017/06/28 07:00:00 : 接続が完了しました。
2017/06/28 07:00:33 : 再測定実行
2017/06/28 07:10:00 : 接続処理中です。
2017/06/28 07:10:00 : 接続が完了しました。
2017/06/28 07:20:00 : 接続処理中です。
2017/06/28 07:20:00 : 接続が完了しました。
2017/06/28 07:30:00 : 接続処理中です。
2017/06/28 07:30:00 : 接続が完了しました。
2017/06/28 07:40:00 : 接続処理中です。
2017/06/28 07:40:00 : 接続が完了しました。
2017/06/28 07:50:00 : 接続処理中です。
2017/06/28 07:50:00 : 接続が完了しました。
2017/06/28 08:00:00 : 接続処理中です。
2017/06/28 08:00:00 : 接続が完了しました。
2017/06/28 08:10:00 : 接続処理中です。
2017/06/28 08:10:00 : 接続が完了しました。
2017/06/28 08:19:09 : 終了
2017/07/03 15:15:44 : 起動
2017/07/03 15:15:48 : 手動計測実施
2017/07/03 17:29:27 : 起動
2017/07/03 17:29:39 : 起動
2017/07/03 17:29:49 : 終了
2017/07/03 17:52:25 : 起動
2017/07/03 19:09:33 : 起動
2017/07/03 20:33:14 : 起動
2017/07/05 15:30:46 : 起動
2017/07/11 11:17:44 : 起動
2017/07/11 11:52:36 : 起動
2017/07/11 11:59:53 : 起動
2017/07/11 13:07:36 : 起動
2017/07/11 13:11:59 : 起動
2017/07/11 13:22:27 : 起動
2017/07/11 13:24:11 : 起動
2017/07/11 13:25:28 : 起動
2017/07/11 13:27:02 : 起動
2017/07/11 13:27:32 : 起動
2017/07/11 13:33:00 : 起動
2017/07/11 13:34:09 : 起動
2017/07/11 13:35:36 : 起動
2017/07/11 13:46:14 : 起動
2017/07/11 13:51:19 : 起動
2017/07/11 15:21:20 : 起動
2017/07/11 15:25:50 : 起動
2017/07/11 15:33:05 : 起動
2017/07/11 17:22:50 : 起動
2017/07/11 17:23:53 : 起動
2017/07/11 17:26:56 : 起動
2017/07/11 17:28:21 : 起動
2017/07/11 17:35:25 : 起動
2017/07/11 17:36:39 : 起動
2017/07/11 17:37:01 : 起動
2017/07/11 17:37:59 : 起動
2017/07/11 17:38:58 : 起動
2017/07/11 17:41:41 : 起動
2017/07/11 17:44:53 : 起動
2017/07/11 17:50:36 : 起動
2017/07/11 20:39:13 : 起動
2017/07/11 20:40:49 : 起動
2017/07/11 20:41:44 : 起動
2017/08/25 11:59:32 : 起動
2017/08/25 12:01:05 : 起動
2017/08/25 12:10:30 : 通信エラー
2017/08/25 12:10:32 : 再測定実行
2017/08/25 12:11:02 : 通信エラー
2017/08/25 12:11:04 : 再測定実行
2017/08/25 12:11:04 : 再測定結果NG
2017/08/25 12:11:04 : 記録時間が過ぎていたため、再設定しました。
2017/08/25 12:11:34 : 通信エラー
2017/08/25 12:11:36 : 再測定実行
2017/08/25 12:12:06 : 通信エラー
2017/08/25 12:12:09 : 再測定実行
2017/08/25 12:12:09 : 再測定結果NG
2017/08/25 12:12:39 : 通信エラー
2017/08/25 12:12:41 : 再測定実行
2017/08/25 12:13:11 : 通信エラー
2017/08/25 12:13:13 : 再測定実行
2017/08/25 12:13:13 : 再測定結果NG
2017/08/25 12:13:43 : 通信エラー
2017/08/25 12:13:45 : 再測定実行
2017/08/25 12:14:15 : 通信エラー
2017/08/25 12:14:17 : 再測定実行
2017/08/25 12:14:17 : 再測定結果NG
2017/08/25 12:14:47 : 通信エラー
2017/08/25 12:14:49 : 再測定実行
2017/08/25 12:15:19 : 通信エラー
2017/08/25 12:15:22 : 再測定実行
2017/08/25 12:15:22 : 再測定結果NG
2017/08/25 12:15:52 : 通信エラー
2017/08/25 12:15:54 : 再測定実行
2017/08/25 12:16:24 : 通信エラー
2017/08/25 12:16:26 : 再測定実行
2017/08/25 12:16:26 : 再測定結果NG
2017/08/25 12:16:56 : 通信エラー
2017/08/25 12:16:58 : 再測定実行
2017/08/25 12:17:28 : 通信エラー
2017/08/25 12:17:30 : 再測定実行
2017/08/25 12:17:30 : 再測定結果NG
2017/08/25 12:18:00 : 通信エラー
2017/08/25 12:18:02 : 再測定実行
2017/08/25 12:18:32 : 通信エラー
2017/08/25 12:18:35 : 再測定実行
2017/08/25 12:18:35 : 再測定結果NG
2017/08/25 12:19:05 : 通信エラー
2017/08/25 12:19:07 : 再測定実行
2017/08/25 12:19:37 : 通信エラー
2017/08/25 12:19:39 : 再測定実行
2017/08/25 12:19:39 : 再測定結果NG
2017/08/25 12:20:09 : 通信エラー
2017/08/25 12:20:11 : 再測定実行
2017/08/25 12:20:41 : 通信エラー
2017/08/25 12:20:43 : 再測定実行
2017/08/25 12:20:43 : 再測定結果NG
2017/08/25 12:21:13 : 通信エラー
2017/08/25 12:21:15 : 再測定実行
2017/08/25 12:21:45 : 通信エラー
2017/08/25 12:21:47 : 再測定実行
2017/08/25 12:21:47 : 再測定結果NG
2017/08/25 12:21:48 : 記録時間が過ぎていたため、再設定しました。
2017/08/25 12:22:18 : 通信エラー
2017/08/25 12:22:20 : 再測定実行
2017/08/25 12:22:50 : 通信エラー
2017/08/25 12:22:52 : 再測定実行
2017/08/25 12:22:52 : 再測定結果NG
2017/08/25 12:23:22 : 通信エラー
2017/08/25 12:23:24 : 再測定実行
2017/08/25 12:23:54 : 通信エラー
2017/08/25 12:23:56 : 再測定実行
2017/08/25 12:23:56 : 再測定結果NG
2017/08/25 12:24:26 : 通信エラー
2017/08/25 12:24:28 : 再測定実行
2017/08/25 12:24:58 : 通信エラー
2017/08/25 12:25:00 : 再測定実行
2017/08/25 12:25:01 : 再測定結果NG
2017/08/25 12:25:31 : 通信エラー
2017/08/25 12:25:33 : 再測定実行
2017/08/25 12:26:03 : 通信エラー
2017/08/25 12:26:05 : 再測定実行
2017/08/25 12:26:05 : 再測定結果NG
2017/08/25 12:26:35 : 通信エラー
2017/08/25 12:26:37 : 再測定実行
2017/08/25 12:27:07 : 通信エラー
2017/08/25 12:27:09 : 再測定実行
2017/08/25 12:27:09 : 再測定結果NG
2017/08/25 12:27:39 : 通信エラー
2017/08/25 12:27:41 : 再測定実行
2017/08/25 12:28:11 : 通信エラー
2017/08/25 12:28:13 : 再測定実行
2017/08/25 12:28:13 : 再測定結果NG
2017/08/25 12:28:44 : 通信エラー
2017/08/25 12:28:46 : 再測定実行
2017/08/25 12:29:16 : 通信エラー
2017/08/25 12:29:18 : 再測定実行
2017/08/25 12:29:18 : 再測定結果NG
2017/08/25 12:29:48 : 通信エラー
2017/08/25 12:29:50 : 再測定実行
2017/08/25 12:30:20 : 通信エラー
2017/08/25 12:30:22 : 再測定実行
2017/08/25 12:30:22 : 再測定結果NG
2017/08/25 12:30:52 : 通信エラー
2017/08/25 12:30:54 : 再測定実行
2017/08/25 12:31:24 : 通信エラー
2017/08/25 12:31:26 : 再測定実行
2017/08/25 12:31:26 : 再測定結果NG
2017/08/25 12:31:26 : 記録時間が過ぎていたため、再設定しました。
2017/08/25 12:31:57 : 通信エラー
2017/08/25 12:31:59 : 再測定実行
2017/08/25 12:32:29 : 通信エラー
2017/08/25 12:32:31 : 再測定実行
2017/08/25 12:32:31 : 再測定結果NG
2017/08/25 12:33:01 : 通信エラー
2017/08/25 12:33:03 : 再測定実行
2017/08/25 12:33:33 : 通信エラー
2017/08/25 12:33:35 : 再測定実行
2017/08/25 12:33:35 : 再測定結果NG
2017/08/25 12:34:05 : 通信エラー
2017/08/25 12:34:07 : 再測定実行
2017/08/25 12:34:37 : 通信エラー
2017/08/25 12:34:39 : 再測定実行
2017/08/25 12:34:39 : 再測定結果NG
2017/08/25 12:35:10 : 通信エラー
2017/08/25 12:35:12 : 再測定実行
2017/08/25 12:35:42 : 通信エラー
2017/08/25 12:35:44 : 再測定実行
2017/08/25 12:35:44 : 再測定結果NG
2017/08/25 12:36:14 : 通信エラー
2017/08/25 12:36:16 : 再測定実行
2017/08/25 12:36:46 : 通信エラー
2017/08/25 12:36:48 : 再測定実行
2017/08/25 12:36:48 : 再測定結果NG
2017/08/25 12:37:18 : 通信エラー
2017/08/25 12:37:20 : 再測定実行
2017/08/25 12:37:50 : 通信エラー
2017/08/25 12:37:52 : 再測定実行
2017/08/25 12:37:52 : 再測定結果NG
2017/08/25 12:38:23 : 通信エラー
2017/08/25 12:38:25 : 再測定実行
2017/08/25 12:38:55 : 通信エラー
2017/08/25 12:38:57 : 再測定実行
2017/08/25 12:38:57 : 再測定結果NG
2017/08/25 12:39:27 : 通信エラー
2017/08/25 12:39:29 : 再測定実行
2017/08/25 12:39:59 : 通信エラー
2017/08/25 12:40:01 : 再測定実行
2017/08/25 12:40:01 : 再測定結果NG
2017/08/25 12:40:31 : 通信エラー
2017/08/25 12:40:33 : 再測定実行
2017/08/25 12:41:03 : 通信エラー
2017/08/25 12:41:05 : 再測定実行
2017/08/25 12:41:05 : 再測定結果NG
2017/08/25 12:41:05 : 記録時間が過ぎていたため、再設定しました。
2017/08/25 12:41:36 : 通信エラー
2017/08/25 12:41:38 : 再測定実行
2017/08/25 12:42:08 : 通信エラー
2017/08/25 12:42:10 : 再測定実行
2017/08/25 12:42:10 : 再測定結果NG
2017/08/25 12:42:40 : 通信エラー
2017/08/25 12:42:42 : 再測定実行
2017/08/25 12:43:12 : 通信エラー
2017/08/25 12:43:14 : 再測定実行
2017/08/25 12:43:14 : 再測定結果NG
2017/08/25 12:43:44 : 通信エラー
2017/08/25 12:43:46 : 再測定実行
2017/08/25 12:44:16 : 通信エラー
2017/08/25 12:44:18 : 再測定実行
2017/08/25 12:44:18 : 再測定結果NG
2017/08/25 12:44:49 : 通信エラー
2017/08/25 12:44:51 : 再測定実行
2017/08/25 12:45:21 : 通信エラー
2017/08/25 12:45:23 : 再測定実行
2017/08/25 12:45:23 : 再測定結果NG
2017/08/25 12:45:53 : 通信エラー
2017/08/25 12:45:55 : 再測定実行
2017/08/25 12:46:25 : 通信エラー
2017/08/25 12:46:27 : 再測定実行
2017/08/25 12:46:27 : 再測定結果NG
2017/08/25 12:46:57 : 通信エラー
2017/08/25 12:46:59 : 再測定実行
2017/08/25 12:47:29 : 通信エラー
2017/08/25 12:47:31 : 再測定実行
2017/08/25 12:47:31 : 再測定結果NG
2017/08/25 12:48:02 : 通信エラー
2017/08/25 12:48:04 : 再測定実行
2017/08/25 12:48:34 : 通信エラー
2017/08/25 12:48:36 : 再測定実行
2017/08/25 12:48:36 : 再測定結果NG
2017/08/25 12:49:06 : 通信エラー
2017/08/25 12:49:08 : 再測定実行
2017/08/25 12:49:38 : 通信エラー
2017/08/25 12:49:40 : 再測定実行
2017/08/25 12:49:40 : 再測定結果NG
2017/08/25 12:50:10 : 通信エラー
2017/08/25 12:50:12 : 再測定実行
2017/08/25 12:50:42 : 通信エラー
2017/08/25 12:50:44 : 再測定実行
2017/08/25 12:50:44 : 再測定結果NG
2017/08/25 12:51:15 : 通信エラー
2017/08/25 12:51:17 : 再測定実行
2017/08/25 12:51:47 : 通信エラー
2017/08/25 12:51:49 : 再測定実行
2017/08/25 12:51:49 : 再測定結果NG
2017/08/25 12:51:49 : 記録時間が過ぎていたため、再設定しました。
2017/08/25 12:52:19 : 通信エラー
2017/08/25 12:52:21 : 再測定実行
2017/08/25 12:52:51 : 通信エラー
2017/08/25 12:52:54 : 再測定実行
2017/08/25 12:52:54 : 再測定結果NG
2017/08/25 12:53:24 : 通信エラー
2017/08/25 12:53:26 : 再測定実行
2017/08/25 12:53:56 : 通信エラー
2017/08/25 12:53:58 : 再測定実行
2017/08/25 12:53:58 : 再測定結果NG
2017/08/25 12:54:28 : 通信エラー
2017/08/25 12:54:30 : 再測定実行
2017/08/25 12:55:00 : 通信エラー
2017/08/25 12:55:02 : 再測定実行
2017/08/25 12:55:02 : 再測定結果NG
2017/08/25 12:55:32 : 通信エラー
2017/08/25 12:55:34 : 再測定実行
2017/08/25 12:56:04 : 通信エラー
2017/08/25 12:56:06 : 再測定実行
2017/08/25 12:56:06 : 再測定結果NG
2017/08/25 12:56:37 : 通信エラー
2017/08/25 12:56:39 : 再測定実行
2017/08/25 12:57:09 : 通信エラー
2017/08/25 12:57:11 : 再測定実行
2017/08/25 12:57:11 : 再測定結果NG
2017/08/25 12:57:41 : 通信エラー
2017/08/25 12:57:43 : 再測定実行
2017/08/25 12:58:13 : 通信エラー
2017/08/25 12:58:15 : 再測定実行
2017/08/25 12:58:15 : 再測定結果NG
2017/08/25 12:58:45 : 通信エラー
2017/08/25 12:58:47 : 再測定実行
2017/08/25 12:59:17 : 通信エラー
2017/08/25 12:59:19 : 再測定実行
2017/08/25 12:59:19 : 再測定結果NG
2017/08/25 12:59:50 : 通信エラー
2017/08/25 12:59:52 : 再測定実行
2017/08/25 13:00:22 : 通信エラー
2017/08/25 13:00:24 : 再測定実行
2017/08/25 13:00:24 : 再測定結果NG
2017/08/25 13:00:54 : 通信エラー
2017/08/25 13:00:56 : 再測定実行
2017/08/25 13:01:26 : 通信エラー
2017/08/25 13:01:28 : 再測定実行
2017/08/25 13:01:28 : 再測定結果NG
2017/08/25 13:01:28 : 記録時間が過ぎていたため、再設定しました。
2017/08/25 13:01:58 : 通信エラー
2017/08/25 13:02:00 : 再測定実行
2017/08/25 13:02:30 : 通信エラー
2017/08/25 13:02:33 : 再測定実行
2017/08/25 13:02:33 : 再測定結果NG
2017/08/25 13:03:03 : 通信エラー
2017/08/25 13:03:05 : 再測定実行
2017/08/25 13:03:35 : 通信エラー
2017/08/25 13:03:37 : 再測定実行
2017/08/25 13:03:37 : 再測定結果NG
2017/08/25 13:04:08 : 通信エラー
2017/08/25 13:04:10 : 再測定実行
2017/08/25 13:04:40 : 通信エラー
2017/08/25 13:04:42 : 再測定実行
2017/08/25 13:04:42 : 再測定結果NG
2017/08/25 13:05:12 : 通信エラー
2017/08/25 13:05:14 : 再測定実行
2017/08/25 13:05:44 : 通信エラー
2017/08/25 13:05:46 : 再測定実行
2017/08/25 13:05:46 : 再測定結果NG
2017/08/25 13:06:16 : 通信エラー
2017/08/25 13:06:18 : 再測定実行
2017/08/25 13:06:48 : 通信エラー
2017/08/25 13:06:50 : 再測定実行
2017/08/25 13:06:50 : 再測定結果NG
2017/08/25 13:07:21 : 通信エラー
2017/08/25 13:07:23 : 再測定実行
2017/08/25 13:07:53 : 通信エラー
2017/08/25 13:07:55 : 再測定実行
2017/08/25 13:07:55 : 再測定結果NG
2017/08/25 13:08:25 : 通信エラー
2017/08/25 13:08:27 : 再測定実行
2017/08/25 13:08:57 : 通信エラー
2017/08/25 13:08:59 : 再測定実行
2017/08/25 13:08:59 : 再測定結果NG
2017/08/25 13:09:29 : 通信エラー
2017/08/25 13:09:31 : 再測定実行
2017/08/25 13:10:01 : 通信エラー
2017/08/25 13:10:03 : 再測定実行
2017/08/25 13:10:03 : 再測定結果NG
2017/08/25 13:10:34 : 通信エラー
2017/08/25 13:10:36 : 再測定実行
2017/08/25 13:11:06 : 通信エラー
2017/08/25 13:11:08 : 再測定実行
2017/08/25 13:11:08 : 再測定結果NG
2017/08/25 13:11:08 : 記録時間が過ぎていたため、再設定しました。
2017/08/25 13:11:38 : 通信エラー
2017/08/25 13:11:40 : 再測定実行
2017/08/25 13:12:10 : 通信エラー
2017/08/25 13:12:12 : 再測定実行
2017/08/25 13:12:12 : 再測定結果NG
2017/08/25 13:12:42 : 通信エラー
2017/08/25 13:12:44 : 再測定実行
2017/08/25 13:13:14 : 通信エラー
2017/08/25 13:13:16 : 再測定実行
2017/08/25 13:13:16 : 再測定結果NG
2017/08/25 13:13:47 : 通信エラー
2017/08/25 13:13:49 : 再測定実行
2017/08/25 13:14:19 : 通信エラー
2017/08/25 13:14:21 : 再測定実行
2017/08/25 13:14:21 : 再測定結果NG
2017/08/25 13:14:51 : 通信エラー
2017/08/25 13:14:53 : 再測定実行
2017/08/25 13:15:23 : 通信エラー
2017/08/25 13:15:25 : 再測定実行
2017/08/25 13:15:25 : 再測定結果NG
2017/08/25 13:15:55 : 通信エラー
2017/08/25 13:15:57 : 再測定実行
2017/08/25 13:16:27 : 通信エラー
2017/08/25 13:16:29 : 再測定実行
2017/08/25 13:16:29 : 再測定結果NG
2017/08/25 13:17:00 : 通信エラー
2017/08/25 13:17:02 : 再測定実行
2017/08/25 13:17:32 : 通信エラー
2017/08/25 13:17:34 : 再測定実行
2017/08/25 13:17:34 : 再測定結果NG
2017/08/25 13:18:04 : 通信エラー
2017/08/25 13:18:06 : 再測定実行
2017/08/25 13:18:36 : 通信エラー
2017/08/25 13:18:38 : 再測定実行
2017/08/25 13:18:38 : 再測定結果NG
2017/08/25 13:19:08 : 通信エラー
2017/08/25 13:19:10 : 再測定実行
2017/08/25 13:19:40 : 通信エラー
2017/08/25 13:19:42 : 再測定実行
2017/08/25 13:19:42 : 再測定結果NG
2017/08/25 13:20:13 : 通信エラー
2017/08/25 13:20:15 : 再測定実行
2017/11/15 13:19:25 : 起動
2017/11/15 13:20:20 : 起動
2017/11/15 13:20:58 : 起動
2017/11/15 13:28:55 : 起動
2017/11/15 13:28:59 : 終了
2017/11/15 13:29:33 : 起動
2017/11/15 13:32:15 : 起動
2017/11/15 13:33:53 : 起動
2017/11/15 13:37:26 : 起動
2017/11/15 13:40:57 : 起動
2017/11/15 14:27:28 : 起動
2017/11/15 14:30:07 : 起動
2017/11/16 11:20:20 : 起動
2017/11/16 11:20:57 : 終了
2017/11/16 11:30:17 : 起動
2017/11/16 11:30:29 : 終了
2017/11/16 11:50:07 : 起動
2017/11/16 11:50:19 : 終了
2017/11/16 12:00:07 : 起動
2017/11/16 12:00:17 : 終了
2017/11/16 12:10:07 : 起動
2017/11/16 12:10:16 : 終了
2017/11/16 12:20:07 : 起動
2017/11/16 12:20:16 : 終了
2017/11/16 12:30:07 : 起動
2017/11/16 12:30:16 : 終了
2017/11/16 12:40:07 : 起動
2017/11/16 12:40:16 : 終了
2017/11/16 12:50:07 : 起動
2017/11/16 12:50:16 : 終了
2017/11/16 13:00:07 : 起動
2017/11/16 13:00:16 : 終了
2017/11/16 13:10:07 : 起動
2017/11/16 13:10:16 : 終了
2017/11/21 11:30:06 : 起動
2017/11/21 11:30:25 : 終了
