行 60: ｸﾗｽ xTextLib.xText(ｺﾝﾄﾛｰﾙ xText2) はﾛｰﾄﾞされていません。
行 177: ｸﾗｽ xTextLib.xText(ｺﾝﾄﾛｰﾙ xText2) はﾛｰﾄﾞされていません。
行 294: ｸﾗｽ xTextLib.xText(ｺﾝﾄﾛｰﾙ xText2) はﾛｰﾄﾞされていません。
行 67: ﾌﾟﾛﾊﾟﾃｨ名 _Version(xText2) が不正です。
行 68: ﾌﾟﾛﾊﾟﾃｨ名 _ExtentX(xText2) が不正です。
行 69: ﾌﾟﾛﾊﾟﾃｨ名 _ExtentY(xText2) が不正です。
行 70: ﾌﾟﾛﾊﾟﾃｨ名 _StockProps(xText2) が不正です。
行 80: ﾌﾟﾛﾊﾟﾃｨ名 Text(xText2) が不正です。
行 81: ﾌﾟﾛﾊﾟﾃｨ名 InputAlignmentH(xText2) が不正です。
行 82: ﾌﾟﾛﾊﾟﾃｨ名 AlignmentH(xText2) が不正です。
行 83: ﾌﾟﾛﾊﾟﾃｨ名 BorderWidth(xText2) が不正です。
行 84: ﾌﾟﾛﾊﾟﾃｨ名 Caption(xText2) が不正です。
行 93: ﾌﾟﾛﾊﾟﾃｨ名 CaptionFont(xText2) が不正です。
行 94: ﾌﾟﾛﾊﾟﾃｨ名 CaptionRatio(xText2) が不正です。
行 95: ﾌﾟﾛﾊﾟﾃｨ名 TreatEnterAsTab(xText2) が不正です。
行 96: ﾌﾟﾛﾊﾟﾃｨ名 PMenuCaption0(xText2) が不正です。
行 97: ﾌﾟﾛﾊﾟﾃｨ名 PEnabled0(xText2) が不正です。
行 98: ﾌﾟﾛﾊﾟﾃｨ名 PHidden0(xText2) が不正です。
行 99: ﾌﾟﾛﾊﾟﾃｨ名 PSeparator0(xText2) が不正です。
行 100: ﾌﾟﾛﾊﾟﾃｨ名 PMenuCaption1(xText2) が不正です。
行 101: ﾌﾟﾛﾊﾟﾃｨ名 PEnabled1(xText2) が不正です。
行 102: ﾌﾟﾛﾊﾟﾃｨ名 PHidden1(xText2) が不正です。
行 103: ﾌﾟﾛﾊﾟﾃｨ名 PSeparator1(xText2) が不正です。
行 104: ﾌﾟﾛﾊﾟﾃｨ名 PMenuCaption2(xText2) が不正です。
行 105: ﾌﾟﾛﾊﾟﾃｨ名 PEnabled2(xText2) が不正です。
行 106: ﾌﾟﾛﾊﾟﾃｨ名 PHidden2(xText2) が不正です。
行 107: ﾌﾟﾛﾊﾟﾃｨ名 PSeparator2(xText2) が不正です。
行 108: ﾌﾟﾛﾊﾟﾃｨ名 PMenuCaption3(xText2) が不正です。
行 109: ﾌﾟﾛﾊﾟﾃｨ名 PEnabled3(xText2) が不正です。
行 110: ﾌﾟﾛﾊﾟﾃｨ名 PHidden3(xText2) が不正です。
行 111: ﾌﾟﾛﾊﾟﾃｨ名 PSeparator3(xText2) が不正です。
行 112: ﾌﾟﾛﾊﾟﾃｨ名 PMenuCaption4(xText2) が不正です。
行 113: ﾌﾟﾛﾊﾟﾃｨ名 PEnabled4(xText2) が不正です。
行 114: ﾌﾟﾛﾊﾟﾃｨ名 PHidden4(xText2) が不正です。
行 115: ﾌﾟﾛﾊﾟﾃｨ名 PSeparator4(xText2) が不正です。
行 116: ﾌﾟﾛﾊﾟﾃｨ名 PMenuCaption5(xText2) が不正です。
行 117: ﾌﾟﾛﾊﾟﾃｨ名 PEnabled5(xText2) が不正です。
行 118: ﾌﾟﾛﾊﾟﾃｨ名 PHidden5(xText2) が不正です。
行 119: ﾌﾟﾛﾊﾟﾃｨ名 PSeparator5(xText2) が不正です。
行 120: ﾌﾟﾛﾊﾟﾃｨ名 PMenuCaption6(xText2) が不正です。
行 121: ﾌﾟﾛﾊﾟﾃｨ名 PEnabled6(xText2) が不正です。
行 122: ﾌﾟﾛﾊﾟﾃｨ名 PHidden6(xText2) が不正です。
行 123: ﾌﾟﾛﾊﾟﾃｨ名 PSeparator6(xText2) が不正です。
行 124: ﾌﾟﾛﾊﾟﾃｨ名 PMenuCaption7(xText2) が不正です。
行 125: ﾌﾟﾛﾊﾟﾃｨ名 PEnabled7(xText2) が不正です。
行 126: ﾌﾟﾛﾊﾟﾃｨ名 PHidden7(xText2) が不正です。
行 127: ﾌﾟﾛﾊﾟﾃｨ名 PSeparator7(xText2) が不正です。
行 128: ﾌﾟﾛﾊﾟﾃｨ名 PMenuCaption8(xText2) が不正です。
行 129: ﾌﾟﾛﾊﾟﾃｨ名 PEnabled8(xText2) が不正です。
行 130: ﾌﾟﾛﾊﾟﾃｨ名 PHidden8(xText2) が不正です。
行 131: ﾌﾟﾛﾊﾟﾃｨ名 PSeparator8(xText2) が不正です。
行 132: ﾌﾟﾛﾊﾟﾃｨ名 PMenuCaption9(xText2) が不正です。
行 133: ﾌﾟﾛﾊﾟﾃｨ名 PEnabled9(xText2) が不正です。
行 134: ﾌﾟﾛﾊﾟﾃｨ名 PHidden9(xText2) が不正です。
行 135: ﾌﾟﾛﾊﾟﾃｨ名 PSeparator9(xText2) が不正です。
行 136: ﾌﾟﾛﾊﾟﾃｨ名 PMenuCaption10(xText2) が不正です。
行 137: ﾌﾟﾛﾊﾟﾃｨ名 PEnabled10(xText2) が不正です。
行 138: ﾌﾟﾛﾊﾟﾃｨ名 PHidden10(xText2) が不正です。
行 139: ﾌﾟﾛﾊﾟﾃｨ名 PSeparator10(xText2) が不正です。
行 140: ﾌﾟﾛﾊﾟﾃｨ名 PMenuCaption11(xText2) が不正です。
行 141: ﾌﾟﾛﾊﾟﾃｨ名 PEnabled11(xText2) が不正です。
行 142: ﾌﾟﾛﾊﾟﾃｨ名 PHidden11(xText2) が不正です。
行 143: ﾌﾟﾛﾊﾟﾃｨ名 PSeparator11(xText2) が不正です。
行 144: ﾌﾟﾛﾊﾟﾃｨ名 PMenuCaption12(xText2) が不正です。
行 145: ﾌﾟﾛﾊﾟﾃｨ名 PEnabled12(xText2) が不正です。
行 146: ﾌﾟﾛﾊﾟﾃｨ名 PHidden12(xText2) が不正です。
行 147: ﾌﾟﾛﾊﾟﾃｨ名 PSeparator12(xText2) が不正です。
行 148: ﾌﾟﾛﾊﾟﾃｨ名 PMenuCaption13(xText2) が不正です。
行 149: ﾌﾟﾛﾊﾟﾃｨ名 PEnabled13(xText2) が不正です。
行 150: ﾌﾟﾛﾊﾟﾃｨ名 PHidden13(xText2) が不正です。
行 151: ﾌﾟﾛﾊﾟﾃｨ名 PSeparator13(xText2) が不正です。
行 152: ﾌﾟﾛﾊﾟﾃｨ名 PMenuCaption14(xText2) が不正です。
行 153: ﾌﾟﾛﾊﾟﾃｨ名 PEnabled14(xText2) が不正です。
行 154: ﾌﾟﾛﾊﾟﾃｨ名 PHidden14(xText2) が不正です。
行 155: ﾌﾟﾛﾊﾟﾃｨ名 PSeparator14(xText2) が不正です。
行 156: ﾌﾟﾛﾊﾟﾃｨ名 PMenuCaption15(xText2) が不正です。
行 157: ﾌﾟﾛﾊﾟﾃｨ名 PEnabled15(xText2) が不正です。
行 158: ﾌﾟﾛﾊﾟﾃｨ名 PHidden15(xText2) が不正です。
行 159: ﾌﾟﾛﾊﾟﾃｨ名 PSeparator15(xText2) が不正です。
行 160: ﾌﾟﾛﾊﾟﾃｨ名 PMenuCaption16(xText2) が不正です。
行 161: ﾌﾟﾛﾊﾟﾃｨ名 PEnabled16(xText2) が不正です。
行 162: ﾌﾟﾛﾊﾟﾃｨ名 PHidden16(xText2) が不正です。
行 163: ﾌﾟﾛﾊﾟﾃｨ名 PSeparator16(xText2) が不正です。
行 164: ﾌﾟﾛﾊﾟﾃｨ名 PMenuCaption17(xText2) が不正です。
行 165: ﾌﾟﾛﾊﾟﾃｨ名 PEnabled17(xText2) が不正です。
行 166: ﾌﾟﾛﾊﾟﾃｨ名 PHidden17(xText2) が不正です。
行 167: ﾌﾟﾛﾊﾟﾃｨ名 PSeparator17(xText2) が不正です。
行 168: ﾌﾟﾛﾊﾟﾃｨ名 PMenuCaption18(xText2) が不正です。
行 169: ﾌﾟﾛﾊﾟﾃｨ名 PEnabled18(xText2) が不正です。
行 170: ﾌﾟﾛﾊﾟﾃｨ名 PHidden18(xText2) が不正です。
行 171: ﾌﾟﾛﾊﾟﾃｨ名 PSeparator18(xText2) が不正です。
行 172: ﾌﾟﾛﾊﾟﾃｨ名 PMenuCaption19(xText2) が不正です。
行 173: ﾌﾟﾛﾊﾟﾃｨ名 PEnabled19(xText2) が不正です。
行 174: ﾌﾟﾛﾊﾟﾃｨ名 PHidden19(xText2) が不正です。
行 175: ﾌﾟﾛﾊﾟﾃｨ名 PSeparator19(xText2) が不正です。
行 184: ﾌﾟﾛﾊﾟﾃｨ名 _Version(xText2) が不正です。
行 185: ﾌﾟﾛﾊﾟﾃｨ名 _ExtentX(xText2) が不正です。
行 186: ﾌﾟﾛﾊﾟﾃｨ名 _ExtentY(xText2) が不正です。
行 187: ﾌﾟﾛﾊﾟﾃｨ名 _StockProps(xText2) が不正です。
行 197: ﾌﾟﾛﾊﾟﾃｨ名 Text(xText2) が不正です。
行 198: ﾌﾟﾛﾊﾟﾃｨ名 InputAlignmentH(xText2) が不正です。
行 199: ﾌﾟﾛﾊﾟﾃｨ名 AlignmentH(xText2) が不正です。
行 200: ﾌﾟﾛﾊﾟﾃｨ名 BorderWidth(xText2) が不正です。
行 201: ﾌﾟﾛﾊﾟﾃｨ名 Caption(xText2) が不正です。
行 210: ﾌﾟﾛﾊﾟﾃｨ名 CaptionFont(xText2) が不正です。
行 211: ﾌﾟﾛﾊﾟﾃｨ名 CaptionRatio(xText2) が不正です。
行 212: ﾌﾟﾛﾊﾟﾃｨ名 TreatEnterAsTab(xText2) が不正です。
行 213: ﾌﾟﾛﾊﾟﾃｨ名 PMenuCaption0(xText2) が不正です。
行 214: ﾌﾟﾛﾊﾟﾃｨ名 PEnabled0(xText2) が不正です。
行 215: ﾌﾟﾛﾊﾟﾃｨ名 PHidden0(xText2) が不正です。
行 216: ﾌﾟﾛﾊﾟﾃｨ名 PSeparator0(xText2) が不正です。
行 217: ﾌﾟﾛﾊﾟﾃｨ名 PMenuCaption1(xText2) が不正です。
行 218: ﾌﾟﾛﾊﾟﾃｨ名 PEnabled1(xText2) が不正です。
行 219: ﾌﾟﾛﾊﾟﾃｨ名 PHidden1(xText2) が不正です。
行 220: ﾌﾟﾛﾊﾟﾃｨ名 PSeparator1(xText2) が不正です。
行 221: ﾌﾟﾛﾊﾟﾃｨ名 PMenuCaption2(xText2) が不正です。
行 222: ﾌﾟﾛﾊﾟﾃｨ名 PEnabled2(xText2) が不正です。
行 223: ﾌﾟﾛﾊﾟﾃｨ名 PHidden2(xText2) が不正です。
行 224: ﾌﾟﾛﾊﾟﾃｨ名 PSeparator2(xText2) が不正です。
行 225: ﾌﾟﾛﾊﾟﾃｨ名 PMenuCaption3(xText2) が不正です。
行 226: ﾌﾟﾛﾊﾟﾃｨ名 PEnabled3(xText2) が不正です。
行 227: ﾌﾟﾛﾊﾟﾃｨ名 PHidden3(xText2) が不正です。
行 228: ﾌﾟﾛﾊﾟﾃｨ名 PSeparator3(xText2) が不正です。
行 229: ﾌﾟﾛﾊﾟﾃｨ名 PMenuCaption4(xText2) が不正です。
行 230: ﾌﾟﾛﾊﾟﾃｨ名 PEnabled4(xText2) が不正です。
行 231: ﾌﾟﾛﾊﾟﾃｨ名 PHidden4(xText2) が不正です。
行 232: ﾌﾟﾛﾊﾟﾃｨ名 PSeparator4(xText2) が不正です。
行 233: ﾌﾟﾛﾊﾟﾃｨ名 PMenuCaption5(xText2) が不正です。
行 234: ﾌﾟﾛﾊﾟﾃｨ名 PEnabled5(xText2) が不正です。
行 235: ﾌﾟﾛﾊﾟﾃｨ名 PHidden5(xText2) が不正です。
行 236: ﾌﾟﾛﾊﾟﾃｨ名 PSeparator5(xText2) が不正です。
行 237: ﾌﾟﾛﾊﾟﾃｨ名 PMenuCaption6(xText2) が不正です。
行 238: ﾌﾟﾛﾊﾟﾃｨ名 PEnabled6(xText2) が不正です。
行 239: ﾌﾟﾛﾊﾟﾃｨ名 PHidden6(xText2) が不正です。
行 240: ﾌﾟﾛﾊﾟﾃｨ名 PSeparator6(xText2) が不正です。
行 241: ﾌﾟﾛﾊﾟﾃｨ名 PMenuCaption7(xText2) が不正です。
行 242: ﾌﾟﾛﾊﾟﾃｨ名 PEnabled7(xText2) が不正です。
行 243: ﾌﾟﾛﾊﾟﾃｨ名 PHidden7(xText2) が不正です。
行 244: ﾌﾟﾛﾊﾟﾃｨ名 PSeparator7(xText2) が不正です。
行 245: ﾌﾟﾛﾊﾟﾃｨ名 PMenuCaption8(xText2) が不正です。
行 246: ﾌﾟﾛﾊﾟﾃｨ名 PEnabled8(xText2) が不正です。
行 247: ﾌﾟﾛﾊﾟﾃｨ名 PHidden8(xText2) が不正です。
行 248: ﾌﾟﾛﾊﾟﾃｨ名 PSeparator8(xText2) が不正です。
行 249: ﾌﾟﾛﾊﾟﾃｨ名 PMenuCaption9(xText2) が不正です。
行 250: ﾌﾟﾛﾊﾟﾃｨ名 PEnabled9(xText2) が不正です。
行 251: ﾌﾟﾛﾊﾟﾃｨ名 PHidden9(xText2) が不正です。
行 252: ﾌﾟﾛﾊﾟﾃｨ名 PSeparator9(xText2) が不正です。
行 253: ﾌﾟﾛﾊﾟﾃｨ名 PMenuCaption10(xText2) が不正です。
行 254: ﾌﾟﾛﾊﾟﾃｨ名 PEnabled10(xText2) が不正です。
行 255: ﾌﾟﾛﾊﾟﾃｨ名 PHidden10(xText2) が不正です。
行 256: ﾌﾟﾛﾊﾟﾃｨ名 PSeparator10(xText2) が不正です。
行 257: ﾌﾟﾛﾊﾟﾃｨ名 PMenuCaption11(xText2) が不正です。
行 258: ﾌﾟﾛﾊﾟﾃｨ名 PEnabled11(xText2) が不正です。
行 259: ﾌﾟﾛﾊﾟﾃｨ名 PHidden11(xText2) が不正です。
行 260: ﾌﾟﾛﾊﾟﾃｨ名 PSeparator11(xText2) が不正です。
行 261: ﾌﾟﾛﾊﾟﾃｨ名 PMenuCaption12(xText2) が不正です。
行 262: ﾌﾟﾛﾊﾟﾃｨ名 PEnabled12(xText2) が不正です。
行 263: ﾌﾟﾛﾊﾟﾃｨ名 PHidden12(xText2) が不正です。
行 264: ﾌﾟﾛﾊﾟﾃｨ名 PSeparator12(xText2) が不正です。
行 265: ﾌﾟﾛﾊﾟﾃｨ名 PMenuCaption13(xText2) が不正です。
行 266: ﾌﾟﾛﾊﾟﾃｨ名 PEnabled13(xText2) が不正です。
行 267: ﾌﾟﾛﾊﾟﾃｨ名 PHidden13(xText2) が不正です。
行 268: ﾌﾟﾛﾊﾟﾃｨ名 PSeparator13(xText2) が不正です。
行 269: ﾌﾟﾛﾊﾟﾃｨ名 PMenuCaption14(xText2) が不正です。
行 270: ﾌﾟﾛﾊﾟﾃｨ名 PEnabled14(xText2) が不正です。
行 271: ﾌﾟﾛﾊﾟﾃｨ名 PHidden14(xText2) が不正です。
行 272: ﾌﾟﾛﾊﾟﾃｨ名 PSeparator14(xText2) が不正です。
行 273: ﾌﾟﾛﾊﾟﾃｨ名 PMenuCaption15(xText2) が不正です。
行 274: ﾌﾟﾛﾊﾟﾃｨ名 PEnabled15(xText2) が不正です。
行 275: ﾌﾟﾛﾊﾟﾃｨ名 PHidden15(xText2) が不正です。
行 276: ﾌﾟﾛﾊﾟﾃｨ名 PSeparator15(xText2) が不正です。
行 277: ﾌﾟﾛﾊﾟﾃｨ名 PMenuCaption16(xText2) が不正です。
行 278: ﾌﾟﾛﾊﾟﾃｨ名 PEnabled16(xText2) が不正です。
行 279: ﾌﾟﾛﾊﾟﾃｨ名 PHidden16(xText2) が不正です。
行 280: ﾌﾟﾛﾊﾟﾃｨ名 PSeparator16(xText2) が不正です。
行 281: ﾌﾟﾛﾊﾟﾃｨ名 PMenuCaption17(xText2) が不正です。
行 282: ﾌﾟﾛﾊﾟﾃｨ名 PEnabled17(xText2) が不正です。
行 283: ﾌﾟﾛﾊﾟﾃｨ名 PHidden17(xText2) が不正です。
行 284: ﾌﾟﾛﾊﾟﾃｨ名 PSeparator17(xText2) が不正です。
行 285: ﾌﾟﾛﾊﾟﾃｨ名 PMenuCaption18(xText2) が不正です。
行 286: ﾌﾟﾛﾊﾟﾃｨ名 PEnabled18(xText2) が不正です。
行 287: ﾌﾟﾛﾊﾟﾃｨ名 PHidden18(xText2) が不正です。
行 288: ﾌﾟﾛﾊﾟﾃｨ名 PSeparator18(xText2) が不正です。
行 289: ﾌﾟﾛﾊﾟﾃｨ名 PMenuCaption19(xText2) が不正です。
行 290: ﾌﾟﾛﾊﾟﾃｨ名 PEnabled19(xText2) が不正です。
行 291: ﾌﾟﾛﾊﾟﾃｨ名 PHidden19(xText2) が不正です。
行 292: ﾌﾟﾛﾊﾟﾃｨ名 PSeparator19(xText2) が不正です。
行 301: ﾌﾟﾛﾊﾟﾃｨ名 _Version(xText2) が不正です。
行 302: ﾌﾟﾛﾊﾟﾃｨ名 _ExtentX(xText2) が不正です。
行 303: ﾌﾟﾛﾊﾟﾃｨ名 _ExtentY(xText2) が不正です。
行 304: ﾌﾟﾛﾊﾟﾃｨ名 _StockProps(xText2) が不正です。
行 314: ﾌﾟﾛﾊﾟﾃｨ名 Text(xText2) が不正です。
行 315: ﾌﾟﾛﾊﾟﾃｨ名 InputAlignmentH(xText2) が不正です。
行 316: ﾌﾟﾛﾊﾟﾃｨ名 AlignmentH(xText2) が不正です。
行 317: ﾌﾟﾛﾊﾟﾃｨ名 BorderWidth(xText2) が不正です。
行 318: ﾌﾟﾛﾊﾟﾃｨ名 Caption(xText2) が不正です。
行 327: ﾌﾟﾛﾊﾟﾃｨ名 CaptionFont(xText2) が不正です。
行 328: ﾌﾟﾛﾊﾟﾃｨ名 CaptionRatio(xText2) が不正です。
行 329: ﾌﾟﾛﾊﾟﾃｨ名 TreatEnterAsTab(xText2) が不正です。
行 330: ﾌﾟﾛﾊﾟﾃｨ名 PMenuCaption0(xText2) が不正です。
行 331: ﾌﾟﾛﾊﾟﾃｨ名 PEnabled0(xText2) が不正です。
行 332: ﾌﾟﾛﾊﾟﾃｨ名 PHidden0(xText2) が不正です。
行 333: ﾌﾟﾛﾊﾟﾃｨ名 PSeparator0(xText2) が不正です。
行 334: ﾌﾟﾛﾊﾟﾃｨ名 PMenuCaption1(xText2) が不正です。
行 335: ﾌﾟﾛﾊﾟﾃｨ名 PEnabled1(xText2) が不正です。
行 336: ﾌﾟﾛﾊﾟﾃｨ名 PHidden1(xText2) が不正です。
行 337: ﾌﾟﾛﾊﾟﾃｨ名 PSeparator1(xText2) が不正です。
行 338: ﾌﾟﾛﾊﾟﾃｨ名 PMenuCaption2(xText2) が不正です。
行 339: ﾌﾟﾛﾊﾟﾃｨ名 PEnabled2(xText2) が不正です。
行 340: ﾌﾟﾛﾊﾟﾃｨ名 PHidden2(xText2) が不正です。
行 341: ﾌﾟﾛﾊﾟﾃｨ名 PSeparator2(xText2) が不正です。
行 342: ﾌﾟﾛﾊﾟﾃｨ名 PMenuCaption3(xText2) が不正です。
行 343: ﾌﾟﾛﾊﾟﾃｨ名 PEnabled3(xText2) が不正です。
行 344: ﾌﾟﾛﾊﾟﾃｨ名 PHidden3(xText2) が不正です。
行 345: ﾌﾟﾛﾊﾟﾃｨ名 PSeparator3(xText2) が不正です。
行 346: ﾌﾟﾛﾊﾟﾃｨ名 PMenuCaption4(xText2) が不正です。
行 347: ﾌﾟﾛﾊﾟﾃｨ名 PEnabled4(xText2) が不正です。
行 348: ﾌﾟﾛﾊﾟﾃｨ名 PHidden4(xText2) が不正です。
行 349: ﾌﾟﾛﾊﾟﾃｨ名 PSeparator4(xText2) が不正です。
行 350: ﾌﾟﾛﾊﾟﾃｨ名 PMenuCaption5(xText2) が不正です。
行 351: ﾌﾟﾛﾊﾟﾃｨ名 PEnabled5(xText2) が不正です。
行 352: ﾌﾟﾛﾊﾟﾃｨ名 PHidden5(xText2) が不正です。
行 353: ﾌﾟﾛﾊﾟﾃｨ名 PSeparator5(xText2) が不正です。
行 354: ﾌﾟﾛﾊﾟﾃｨ名 PMenuCaption6(xText2) が不正です。
行 355: ﾌﾟﾛﾊﾟﾃｨ名 PEnabled6(xText2) が不正です。
行 356: ﾌﾟﾛﾊﾟﾃｨ名 PHidden6(xText2) が不正です。
行 357: ﾌﾟﾛﾊﾟﾃｨ名 PSeparator6(xText2) が不正です。
行 358: ﾌﾟﾛﾊﾟﾃｨ名 PMenuCaption7(xText2) が不正です。
行 359: ﾌﾟﾛﾊﾟﾃｨ名 PEnabled7(xText2) が不正です。
行 360: ﾌﾟﾛﾊﾟﾃｨ名 PHidden7(xText2) が不正です。
行 361: ﾌﾟﾛﾊﾟﾃｨ名 PSeparator7(xText2) が不正です。
行 362: ﾌﾟﾛﾊﾟﾃｨ名 PMenuCaption8(xText2) が不正です。
行 363: ﾌﾟﾛﾊﾟﾃｨ名 PEnabled8(xText2) が不正です。
行 364: ﾌﾟﾛﾊﾟﾃｨ名 PHidden8(xText2) が不正です。
行 365: ﾌﾟﾛﾊﾟﾃｨ名 PSeparator8(xText2) が不正です。
行 366: ﾌﾟﾛﾊﾟﾃｨ名 PMenuCaption9(xText2) が不正です。
行 367: ﾌﾟﾛﾊﾟﾃｨ名 PEnabled9(xText2) が不正です。
行 368: ﾌﾟﾛﾊﾟﾃｨ名 PHidden9(xText2) が不正です。
行 369: ﾌﾟﾛﾊﾟﾃｨ名 PSeparator9(xText2) が不正です。
行 370: ﾌﾟﾛﾊﾟﾃｨ名 PMenuCaption10(xText2) が不正です。
行 371: ﾌﾟﾛﾊﾟﾃｨ名 PEnabled10(xText2) が不正です。
行 372: ﾌﾟﾛﾊﾟﾃｨ名 PHidden10(xText2) が不正です。
行 373: ﾌﾟﾛﾊﾟﾃｨ名 PSeparator10(xText2) が不正です。
行 374: ﾌﾟﾛﾊﾟﾃｨ名 PMenuCaption11(xText2) が不正です。
行 375: ﾌﾟﾛﾊﾟﾃｨ名 PEnabled11(xText2) が不正です。
行 376: ﾌﾟﾛﾊﾟﾃｨ名 PHidden11(xText2) が不正です。
行 377: ﾌﾟﾛﾊﾟﾃｨ名 PSeparator11(xText2) が不正です。
行 378: ﾌﾟﾛﾊﾟﾃｨ名 PMenuCaption12(xText2) が不正です。
行 379: ﾌﾟﾛﾊﾟﾃｨ名 PEnabled12(xText2) が不正です。
行 380: ﾌﾟﾛﾊﾟﾃｨ名 PHidden12(xText2) が不正です。
行 381: ﾌﾟﾛﾊﾟﾃｨ名 PSeparator12(xText2) が不正です。
行 382: ﾌﾟﾛﾊﾟﾃｨ名 PMenuCaption13(xText2) が不正です。
行 383: ﾌﾟﾛﾊﾟﾃｨ名 PEnabled13(xText2) が不正です。
行 384: ﾌﾟﾛﾊﾟﾃｨ名 PHidden13(xText2) が不正です。
行 385: ﾌﾟﾛﾊﾟﾃｨ名 PSeparator13(xText2) が不正です。
行 386: ﾌﾟﾛﾊﾟﾃｨ名 PMenuCaption14(xText2) が不正です。
行 387: ﾌﾟﾛﾊﾟﾃｨ名 PEnabled14(xText2) が不正です。
行 388: ﾌﾟﾛﾊﾟﾃｨ名 PHidden14(xText2) が不正です。
行 389: ﾌﾟﾛﾊﾟﾃｨ名 PSeparator14(xText2) が不正です。
行 390: ﾌﾟﾛﾊﾟﾃｨ名 PMenuCaption15(xText2) が不正です。
行 391: ﾌﾟﾛﾊﾟﾃｨ名 PEnabled15(xText2) が不正です。
行 392: ﾌﾟﾛﾊﾟﾃｨ名 PHidden15(xText2) が不正です。
行 393: ﾌﾟﾛﾊﾟﾃｨ名 PSeparator15(xText2) が不正です。
行 394: ﾌﾟﾛﾊﾟﾃｨ名 PMenuCaption16(xText2) が不正です。
行 395: ﾌﾟﾛﾊﾟﾃｨ名 PEnabled16(xText2) が不正です。
行 396: ﾌﾟﾛﾊﾟﾃｨ名 PHidden16(xText2) が不正です。
行 397: ﾌﾟﾛﾊﾟﾃｨ名 PSeparator16(xText2) が不正です。
行 398: ﾌﾟﾛﾊﾟﾃｨ名 PMenuCaption17(xText2) が不正です。
行 399: ﾌﾟﾛﾊﾟﾃｨ名 PEnabled17(xText2) が不正です。
行 400: ﾌﾟﾛﾊﾟﾃｨ名 PHidden17(xText2) が不正です。
行 401: ﾌﾟﾛﾊﾟﾃｨ名 PSeparator17(xText2) が不正です。
行 402: ﾌﾟﾛﾊﾟﾃｨ名 PMenuCaption18(xText2) が不正です。
行 403: ﾌﾟﾛﾊﾟﾃｨ名 PEnabled18(xText2) が不正です。
行 404: ﾌﾟﾛﾊﾟﾃｨ名 PHidden18(xText2) が不正です。
行 405: ﾌﾟﾛﾊﾟﾃｨ名 PSeparator18(xText2) が不正です。
行 406: ﾌﾟﾛﾊﾟﾃｨ名 PMenuCaption19(xText2) が不正です。
行 407: ﾌﾟﾛﾊﾟﾃｨ名 PEnabled19(xText2) が不正です。
行 408: ﾌﾟﾛﾊﾟﾃｨ名 PHidden19(xText2) が不正です。
行 409: ﾌﾟﾛﾊﾟﾃｨ名 PSeparator19(xText2) が不正です。
