行 41: ｸﾗｽ xTimeLib.xTime(ｺﾝﾄﾛｰﾙ xTime1) はﾛｰﾄﾞされていません。
行 167: ｸﾗｽ xDateLib.xDate(ｺﾝﾄﾛｰﾙ xDate1) はﾛｰﾄﾞされていません。
行 295: ｸﾗｽ xTimeLib.xTime(ｺﾝﾄﾛｰﾙ xTime1) はﾛｰﾄﾞされていません。
行 421: ｸﾗｽ xDateLib.xDate(ｺﾝﾄﾛｰﾙ xDate1) はﾛｰﾄﾞされていません。
行 48: ﾌﾟﾛﾊﾟﾃｨ名 _Version(xTime1) が不正です。
行 49: ﾌﾟﾛﾊﾟﾃｨ名 _ExtentX(xTime1) が不正です。
行 50: ﾌﾟﾛﾊﾟﾃｨ名 _ExtentY(xTime1) が不正です。
行 51: ﾌﾟﾛﾊﾟﾃｨ名 _StockProps(xTime1) が不正です。
行 62: ﾌﾟﾛﾊﾟﾃｨ名 AlignmentH(xTime1) が不正です。
行 64: ﾌﾟﾛﾊﾟﾃｨ名 DisplayItem(xTime1) が不正です。
行 65: ﾌﾟﾛﾊﾟﾃｨ名 TimeFormat(xTime1) が不正です。
行 66: ﾌﾟﾛﾊﾟﾃｨ名 HourValue(xTime1) が不正です。
行 67: ﾌﾟﾛﾊﾟﾃｨ名 MinuteValue(xTime1) が不正です。
行 68: ﾌﾟﾛﾊﾟﾃｨ名 SecondValue(xTime1) が不正です。
行 69: ﾌﾟﾛﾊﾟﾃｨ名 DisplayString(xTime1) が不正です。
行 70: ﾌﾟﾛﾊﾟﾃｨ名 SpinButton(xTime1) が不正です。
行 71: ﾌﾟﾛﾊﾟﾃｨ名 FocusBorder(xTime1) が不正です。
行 72: ﾌﾟﾛﾊﾟﾃｨ名 SecondInput(xTime1) が不正です。
行 73: ﾌﾟﾛﾊﾟﾃｨ名 Caption(xTime1) が不正です。
行 82: ﾌﾟﾛﾊﾟﾃｨ名 CaptionFont(xTime1) が不正です。
行 83: ﾌﾟﾛﾊﾟﾃｨ名 CaptionRatio(xTime1) が不正です。
行 84: ﾌﾟﾛﾊﾟﾃｨ名 InputAreaBorder(xTime1) が不正です。
行 85: ﾌﾟﾛﾊﾟﾃｨ名 TreatEnterAsTab(xTime1) が不正です。
行 86: ﾌﾟﾛﾊﾟﾃｨ名 PMenuCaption0(xTime1) が不正です。
行 87: ﾌﾟﾛﾊﾟﾃｨ名 PEnabled0(xTime1) が不正です。
行 88: ﾌﾟﾛﾊﾟﾃｨ名 PHidden0(xTime1) が不正です。
行 89: ﾌﾟﾛﾊﾟﾃｨ名 PSeparator0(xTime1) が不正です。
行 90: ﾌﾟﾛﾊﾟﾃｨ名 PMenuCaption1(xTime1) が不正です。
行 91: ﾌﾟﾛﾊﾟﾃｨ名 PEnabled1(xTime1) が不正です。
行 92: ﾌﾟﾛﾊﾟﾃｨ名 PHidden1(xTime1) が不正です。
行 93: ﾌﾟﾛﾊﾟﾃｨ名 PSeparator1(xTime1) が不正です。
行 94: ﾌﾟﾛﾊﾟﾃｨ名 PMenuCaption2(xTime1) が不正です。
行 95: ﾌﾟﾛﾊﾟﾃｨ名 PEnabled2(xTime1) が不正です。
行 96: ﾌﾟﾛﾊﾟﾃｨ名 PHidden2(xTime1) が不正です。
行 97: ﾌﾟﾛﾊﾟﾃｨ名 PSeparator2(xTime1) が不正です。
行 98: ﾌﾟﾛﾊﾟﾃｨ名 PMenuCaption3(xTime1) が不正です。
行 99: ﾌﾟﾛﾊﾟﾃｨ名 PEnabled3(xTime1) が不正です。
行 100: ﾌﾟﾛﾊﾟﾃｨ名 PHidden3(xTime1) が不正です。
行 101: ﾌﾟﾛﾊﾟﾃｨ名 PSeparator3(xTime1) が不正です。
行 102: ﾌﾟﾛﾊﾟﾃｨ名 PMenuCaption4(xTime1) が不正です。
行 103: ﾌﾟﾛﾊﾟﾃｨ名 PEnabled4(xTime1) が不正です。
行 104: ﾌﾟﾛﾊﾟﾃｨ名 PHidden4(xTime1) が不正です。
行 105: ﾌﾟﾛﾊﾟﾃｨ名 PSeparator4(xTime1) が不正です。
行 106: ﾌﾟﾛﾊﾟﾃｨ名 PMenuCaption5(xTime1) が不正です。
行 107: ﾌﾟﾛﾊﾟﾃｨ名 PEnabled5(xTime1) が不正です。
行 108: ﾌﾟﾛﾊﾟﾃｨ名 PHidden5(xTime1) が不正です。
行 109: ﾌﾟﾛﾊﾟﾃｨ名 PSeparator5(xTime1) が不正です。
行 110: ﾌﾟﾛﾊﾟﾃｨ名 PMenuCaption6(xTime1) が不正です。
行 111: ﾌﾟﾛﾊﾟﾃｨ名 PEnabled6(xTime1) が不正です。
行 112: ﾌﾟﾛﾊﾟﾃｨ名 PHidden6(xTime1) が不正です。
行 113: ﾌﾟﾛﾊﾟﾃｨ名 PSeparator6(xTime1) が不正です。
行 114: ﾌﾟﾛﾊﾟﾃｨ名 PMenuCaption7(xTime1) が不正です。
行 115: ﾌﾟﾛﾊﾟﾃｨ名 PEnabled7(xTime1) が不正です。
行 116: ﾌﾟﾛﾊﾟﾃｨ名 PHidden7(xTime1) が不正です。
行 117: ﾌﾟﾛﾊﾟﾃｨ名 PSeparator7(xTime1) が不正です。
行 118: ﾌﾟﾛﾊﾟﾃｨ名 PMenuCaption8(xTime1) が不正です。
行 119: ﾌﾟﾛﾊﾟﾃｨ名 PEnabled8(xTime1) が不正です。
行 120: ﾌﾟﾛﾊﾟﾃｨ名 PHidden8(xTime1) が不正です。
行 121: ﾌﾟﾛﾊﾟﾃｨ名 PSeparator8(xTime1) が不正です。
行 122: ﾌﾟﾛﾊﾟﾃｨ名 PMenuCaption9(xTime1) が不正です。
行 123: ﾌﾟﾛﾊﾟﾃｨ名 PEnabled9(xTime1) が不正です。
行 124: ﾌﾟﾛﾊﾟﾃｨ名 PHidden9(xTime1) が不正です。
行 125: ﾌﾟﾛﾊﾟﾃｨ名 PSeparator9(xTime1) が不正です。
行 126: ﾌﾟﾛﾊﾟﾃｨ名 PMenuCaption10(xTime1) が不正です。
行 127: ﾌﾟﾛﾊﾟﾃｨ名 PEnabled10(xTime1) が不正です。
行 128: ﾌﾟﾛﾊﾟﾃｨ名 PHidden10(xTime1) が不正です。
行 129: ﾌﾟﾛﾊﾟﾃｨ名 PSeparator10(xTime1) が不正です。
行 130: ﾌﾟﾛﾊﾟﾃｨ名 PMenuCaption11(xTime1) が不正です。
行 131: ﾌﾟﾛﾊﾟﾃｨ名 PEnabled11(xTime1) が不正です。
行 132: ﾌﾟﾛﾊﾟﾃｨ名 PHidden11(xTime1) が不正です。
行 133: ﾌﾟﾛﾊﾟﾃｨ名 PSeparator11(xTime1) が不正です。
行 134: ﾌﾟﾛﾊﾟﾃｨ名 PMenuCaption12(xTime1) が不正です。
行 135: ﾌﾟﾛﾊﾟﾃｨ名 PEnabled12(xTime1) が不正です。
行 136: ﾌﾟﾛﾊﾟﾃｨ名 PHidden12(xTime1) が不正です。
行 137: ﾌﾟﾛﾊﾟﾃｨ名 PSeparator12(xTime1) が不正です。
行 138: ﾌﾟﾛﾊﾟﾃｨ名 PMenuCaption13(xTime1) が不正です。
行 139: ﾌﾟﾛﾊﾟﾃｨ名 PEnabled13(xTime1) が不正です。
行 140: ﾌﾟﾛﾊﾟﾃｨ名 PHidden13(xTime1) が不正です。
行 141: ﾌﾟﾛﾊﾟﾃｨ名 PSeparator13(xTime1) が不正です。
行 142: ﾌﾟﾛﾊﾟﾃｨ名 PMenuCaption14(xTime1) が不正です。
行 143: ﾌﾟﾛﾊﾟﾃｨ名 PEnabled14(xTime1) が不正です。
行 144: ﾌﾟﾛﾊﾟﾃｨ名 PHidden14(xTime1) が不正です。
行 145: ﾌﾟﾛﾊﾟﾃｨ名 PSeparator14(xTime1) が不正です。
行 146: ﾌﾟﾛﾊﾟﾃｨ名 PMenuCaption15(xTime1) が不正です。
行 147: ﾌﾟﾛﾊﾟﾃｨ名 PEnabled15(xTime1) が不正です。
行 148: ﾌﾟﾛﾊﾟﾃｨ名 PHidden15(xTime1) が不正です。
行 149: ﾌﾟﾛﾊﾟﾃｨ名 PSeparator15(xTime1) が不正です。
行 150: ﾌﾟﾛﾊﾟﾃｨ名 PMenuCaption16(xTime1) が不正です。
行 151: ﾌﾟﾛﾊﾟﾃｨ名 PEnabled16(xTime1) が不正です。
行 152: ﾌﾟﾛﾊﾟﾃｨ名 PHidden16(xTime1) が不正です。
行 153: ﾌﾟﾛﾊﾟﾃｨ名 PSeparator16(xTime1) が不正です。
行 154: ﾌﾟﾛﾊﾟﾃｨ名 PMenuCaption17(xTime1) が不正です。
行 155: ﾌﾟﾛﾊﾟﾃｨ名 PEnabled17(xTime1) が不正です。
行 156: ﾌﾟﾛﾊﾟﾃｨ名 PHidden17(xTime1) が不正です。
行 157: ﾌﾟﾛﾊﾟﾃｨ名 PSeparator17(xTime1) が不正です。
行 158: ﾌﾟﾛﾊﾟﾃｨ名 PMenuCaption18(xTime1) が不正です。
行 159: ﾌﾟﾛﾊﾟﾃｨ名 PEnabled18(xTime1) が不正です。
行 160: ﾌﾟﾛﾊﾟﾃｨ名 PHidden18(xTime1) が不正です。
行 161: ﾌﾟﾛﾊﾟﾃｨ名 PSeparator18(xTime1) が不正です。
行 162: ﾌﾟﾛﾊﾟﾃｨ名 PMenuCaption19(xTime1) が不正です。
行 163: ﾌﾟﾛﾊﾟﾃｨ名 PEnabled19(xTime1) が不正です。
行 164: ﾌﾟﾛﾊﾟﾃｨ名 PHidden19(xTime1) が不正です。
行 165: ﾌﾟﾛﾊﾟﾃｨ名 PSeparator19(xTime1) が不正です。
行 41: ﾌﾟﾛﾊﾟﾃｨ BorderStyle(xTime1) が設定できません。
行 174: ﾌﾟﾛﾊﾟﾃｨ名 _Version(xDate1) が不正です。
行 175: ﾌﾟﾛﾊﾟﾃｨ名 _ExtentX(xDate1) が不正です。
行 176: ﾌﾟﾛﾊﾟﾃｨ名 _ExtentY(xDate1) が不正です。
行 177: ﾌﾟﾛﾊﾟﾃｨ名 _StockProps(xDate1) が不正です。
行 188: ﾌﾟﾛﾊﾟﾃｨ名 AlignmentH(xDate1) が不正です。
行 190: ﾌﾟﾛﾊﾟﾃｨ名 DateFormat(xDate1) が不正です。
行 191: ﾌﾟﾛﾊﾟﾃｨ名 Value(xDate1) が不正です。
行 192: ﾌﾟﾛﾊﾟﾃｨ名 YearValue(xDate1) が不正です。
行 193: ﾌﾟﾛﾊﾟﾃｨ名 MonthValue(xDate1) が不正です。
行 194: ﾌﾟﾛﾊﾟﾃｨ名 DayValue(xDate1) が不正です。
行 195: ﾌﾟﾛﾊﾟﾃｨ名 Week(xDate1) が不正です。
行 196: ﾌﾟﾛﾊﾟﾃｨ名 DisplayString(xDate1) が不正です。
行 197: ﾌﾟﾛﾊﾟﾃｨ名 SpinButton(xDate1) が不正です。
行 198: ﾌﾟﾛﾊﾟﾃｨ名 FocusBorder(xDate1) が不正です。
行 199: ﾌﾟﾛﾊﾟﾃｨ名 MaxDate(xDate1) が不正です。
行 200: ﾌﾟﾛﾊﾟﾃｨ名 ZeroFill(xDate1) が不正です。
行 201: ﾌﾟﾛﾊﾟﾃｨ名 Caption(xDate1) が不正です。
行 210: ﾌﾟﾛﾊﾟﾃｨ名 CaptionFont(xDate1) が不正です。
行 211: ﾌﾟﾛﾊﾟﾃｨ名 CaptionRatio(xDate1) が不正です。
行 212: ﾌﾟﾛﾊﾟﾃｨ名 InputAreaBorder(xDate1) が不正です。
行 213: ﾌﾟﾛﾊﾟﾃｨ名 TreatEnterAsTab(xDate1) が不正です。
行 214: ﾌﾟﾛﾊﾟﾃｨ名 PMenuCaption0(xDate1) が不正です。
行 215: ﾌﾟﾛﾊﾟﾃｨ名 PEnabled0(xDate1) が不正です。
行 216: ﾌﾟﾛﾊﾟﾃｨ名 PHidden0(xDate1) が不正です。
行 217: ﾌﾟﾛﾊﾟﾃｨ名 PSeparator0(xDate1) が不正です。
行 218: ﾌﾟﾛﾊﾟﾃｨ名 PMenuCaption1(xDate1) が不正です。
行 219: ﾌﾟﾛﾊﾟﾃｨ名 PEnabled1(xDate1) が不正です。
行 220: ﾌﾟﾛﾊﾟﾃｨ名 PHidden1(xDate1) が不正です。
行 221: ﾌﾟﾛﾊﾟﾃｨ名 PSeparator1(xDate1) が不正です。
行 222: ﾌﾟﾛﾊﾟﾃｨ名 PMenuCaption2(xDate1) が不正です。
行 223: ﾌﾟﾛﾊﾟﾃｨ名 PEnabled2(xDate1) が不正です。
行 224: ﾌﾟﾛﾊﾟﾃｨ名 PHidden2(xDate1) が不正です。
行 225: ﾌﾟﾛﾊﾟﾃｨ名 PSeparator2(xDate1) が不正です。
行 226: ﾌﾟﾛﾊﾟﾃｨ名 PMenuCaption3(xDate1) が不正です。
行 227: ﾌﾟﾛﾊﾟﾃｨ名 PEnabled3(xDate1) が不正です。
行 228: ﾌﾟﾛﾊﾟﾃｨ名 PHidden3(xDate1) が不正です。
行 229: ﾌﾟﾛﾊﾟﾃｨ名 PSeparator3(xDate1) が不正です。
行 230: ﾌﾟﾛﾊﾟﾃｨ名 PMenuCaption4(xDate1) が不正です。
行 231: ﾌﾟﾛﾊﾟﾃｨ名 PEnabled4(xDate1) が不正です。
行 232: ﾌﾟﾛﾊﾟﾃｨ名 PHidden4(xDate1) が不正です。
行 233: ﾌﾟﾛﾊﾟﾃｨ名 PSeparator4(xDate1) が不正です。
行 234: ﾌﾟﾛﾊﾟﾃｨ名 PMenuCaption5(xDate1) が不正です。
行 235: ﾌﾟﾛﾊﾟﾃｨ名 PEnabled5(xDate1) が不正です。
行 236: ﾌﾟﾛﾊﾟﾃｨ名 PHidden5(xDate1) が不正です。
行 237: ﾌﾟﾛﾊﾟﾃｨ名 PSeparator5(xDate1) が不正です。
行 238: ﾌﾟﾛﾊﾟﾃｨ名 PMenuCaption6(xDate1) が不正です。
行 239: ﾌﾟﾛﾊﾟﾃｨ名 PEnabled6(xDate1) が不正です。
行 240: ﾌﾟﾛﾊﾟﾃｨ名 PHidden6(xDate1) が不正です。
行 241: ﾌﾟﾛﾊﾟﾃｨ名 PSeparator6(xDate1) が不正です。
行 242: ﾌﾟﾛﾊﾟﾃｨ名 PMenuCaption7(xDate1) が不正です。
行 243: ﾌﾟﾛﾊﾟﾃｨ名 PEnabled7(xDate1) が不正です。
行 244: ﾌﾟﾛﾊﾟﾃｨ名 PHidden7(xDate1) が不正です。
行 245: ﾌﾟﾛﾊﾟﾃｨ名 PSeparator7(xDate1) が不正です。
行 246: ﾌﾟﾛﾊﾟﾃｨ名 PMenuCaption8(xDate1) が不正です。
行 247: ﾌﾟﾛﾊﾟﾃｨ名 PEnabled8(xDate1) が不正です。
行 248: ﾌﾟﾛﾊﾟﾃｨ名 PHidden8(xDate1) が不正です。
行 249: ﾌﾟﾛﾊﾟﾃｨ名 PSeparator8(xDate1) が不正です。
行 250: ﾌﾟﾛﾊﾟﾃｨ名 PMenuCaption9(xDate1) が不正です。
行 251: ﾌﾟﾛﾊﾟﾃｨ名 PEnabled9(xDate1) が不正です。
行 252: ﾌﾟﾛﾊﾟﾃｨ名 PHidden9(xDate1) が不正です。
行 253: ﾌﾟﾛﾊﾟﾃｨ名 PSeparator9(xDate1) が不正です。
行 254: ﾌﾟﾛﾊﾟﾃｨ名 PMenuCaption10(xDate1) が不正です。
行 255: ﾌﾟﾛﾊﾟﾃｨ名 PEnabled10(xDate1) が不正です。
行 256: ﾌﾟﾛﾊﾟﾃｨ名 PHidden10(xDate1) が不正です。
行 257: ﾌﾟﾛﾊﾟﾃｨ名 PSeparator10(xDate1) が不正です。
行 258: ﾌﾟﾛﾊﾟﾃｨ名 PMenuCaption11(xDate1) が不正です。
行 259: ﾌﾟﾛﾊﾟﾃｨ名 PEnabled11(xDate1) が不正です。
行 260: ﾌﾟﾛﾊﾟﾃｨ名 PHidden11(xDate1) が不正です。
行 261: ﾌﾟﾛﾊﾟﾃｨ名 PSeparator11(xDate1) が不正です。
行 262: ﾌﾟﾛﾊﾟﾃｨ名 PMenuCaption12(xDate1) が不正です。
行 263: ﾌﾟﾛﾊﾟﾃｨ名 PEnabled12(xDate1) が不正です。
行 264: ﾌﾟﾛﾊﾟﾃｨ名 PHidden12(xDate1) が不正です。
行 265: ﾌﾟﾛﾊﾟﾃｨ名 PSeparator12(xDate1) が不正です。
行 266: ﾌﾟﾛﾊﾟﾃｨ名 PMenuCaption13(xDate1) が不正です。
行 267: ﾌﾟﾛﾊﾟﾃｨ名 PEnabled13(xDate1) が不正です。
行 268: ﾌﾟﾛﾊﾟﾃｨ名 PHidden13(xDate1) が不正です。
行 269: ﾌﾟﾛﾊﾟﾃｨ名 PSeparator13(xDate1) が不正です。
行 270: ﾌﾟﾛﾊﾟﾃｨ名 PMenuCaption14(xDate1) が不正です。
行 271: ﾌﾟﾛﾊﾟﾃｨ名 PEnabled14(xDate1) が不正です。
行 272: ﾌﾟﾛﾊﾟﾃｨ名 PHidden14(xDate1) が不正です。
行 273: ﾌﾟﾛﾊﾟﾃｨ名 PSeparator14(xDate1) が不正です。
行 274: ﾌﾟﾛﾊﾟﾃｨ名 PMenuCaption15(xDate1) が不正です。
行 275: ﾌﾟﾛﾊﾟﾃｨ名 PEnabled15(xDate1) が不正です。
行 276: ﾌﾟﾛﾊﾟﾃｨ名 PHidden15(xDate1) が不正です。
行 277: ﾌﾟﾛﾊﾟﾃｨ名 PSeparator15(xDate1) が不正です。
行 278: ﾌﾟﾛﾊﾟﾃｨ名 PMenuCaption16(xDate1) が不正です。
行 279: ﾌﾟﾛﾊﾟﾃｨ名 PEnabled16(xDate1) が不正です。
行 280: ﾌﾟﾛﾊﾟﾃｨ名 PHidden16(xDate1) が不正です。
行 281: ﾌﾟﾛﾊﾟﾃｨ名 PSeparator16(xDate1) が不正です。
行 282: ﾌﾟﾛﾊﾟﾃｨ名 PMenuCaption17(xDate1) が不正です。
行 283: ﾌﾟﾛﾊﾟﾃｨ名 PEnabled17(xDate1) が不正です。
行 284: ﾌﾟﾛﾊﾟﾃｨ名 PHidden17(xDate1) が不正です。
行 285: ﾌﾟﾛﾊﾟﾃｨ名 PSeparator17(xDate1) が不正です。
行 286: ﾌﾟﾛﾊﾟﾃｨ名 PMenuCaption18(xDate1) が不正です。
行 287: ﾌﾟﾛﾊﾟﾃｨ名 PEnabled18(xDate1) が不正です。
行 288: ﾌﾟﾛﾊﾟﾃｨ名 PHidden18(xDate1) が不正です。
行 289: ﾌﾟﾛﾊﾟﾃｨ名 PSeparator18(xDate1) が不正です。
行 290: ﾌﾟﾛﾊﾟﾃｨ名 PMenuCaption19(xDate1) が不正です。
行 291: ﾌﾟﾛﾊﾟﾃｨ名 PEnabled19(xDate1) が不正です。
行 292: ﾌﾟﾛﾊﾟﾃｨ名 PHidden19(xDate1) が不正です。
行 293: ﾌﾟﾛﾊﾟﾃｨ名 PSeparator19(xDate1) が不正です。
行 167: ﾌﾟﾛﾊﾟﾃｨ BorderStyle(xDate1) が設定できません。
行 302: ﾌﾟﾛﾊﾟﾃｨ名 _Version(xTime1) が不正です。
行 303: ﾌﾟﾛﾊﾟﾃｨ名 _ExtentX(xTime1) が不正です。
行 304: ﾌﾟﾛﾊﾟﾃｨ名 _ExtentY(xTime1) が不正です。
行 305: ﾌﾟﾛﾊﾟﾃｨ名 _StockProps(xTime1) が不正です。
行 316: ﾌﾟﾛﾊﾟﾃｨ名 AlignmentH(xTime1) が不正です。
行 318: ﾌﾟﾛﾊﾟﾃｨ名 DisplayItem(xTime1) が不正です。
行 319: ﾌﾟﾛﾊﾟﾃｨ名 TimeFormat(xTime1) が不正です。
行 320: ﾌﾟﾛﾊﾟﾃｨ名 HourValue(xTime1) が不正です。
行 321: ﾌﾟﾛﾊﾟﾃｨ名 MinuteValue(xTime1) が不正です。
行 322: ﾌﾟﾛﾊﾟﾃｨ名 SecondValue(xTime1) が不正です。
行 323: ﾌﾟﾛﾊﾟﾃｨ名 DisplayString(xTime1) が不正です。
行 324: ﾌﾟﾛﾊﾟﾃｨ名 SpinButton(xTime1) が不正です。
行 325: ﾌﾟﾛﾊﾟﾃｨ名 FocusBorder(xTime1) が不正です。
行 326: ﾌﾟﾛﾊﾟﾃｨ名 SecondInput(xTime1) が不正です。
行 327: ﾌﾟﾛﾊﾟﾃｨ名 Caption(xTime1) が不正です。
行 336: ﾌﾟﾛﾊﾟﾃｨ名 CaptionFont(xTime1) が不正です。
行 337: ﾌﾟﾛﾊﾟﾃｨ名 CaptionRatio(xTime1) が不正です。
行 338: ﾌﾟﾛﾊﾟﾃｨ名 InputAreaBorder(xTime1) が不正です。
行 339: ﾌﾟﾛﾊﾟﾃｨ名 TreatEnterAsTab(xTime1) が不正です。
行 340: ﾌﾟﾛﾊﾟﾃｨ名 PMenuCaption0(xTime1) が不正です。
行 341: ﾌﾟﾛﾊﾟﾃｨ名 PEnabled0(xTime1) が不正です。
行 342: ﾌﾟﾛﾊﾟﾃｨ名 PHidden0(xTime1) が不正です。
行 343: ﾌﾟﾛﾊﾟﾃｨ名 PSeparator0(xTime1) が不正です。
行 344: ﾌﾟﾛﾊﾟﾃｨ名 PMenuCaption1(xTime1) が不正です。
行 345: ﾌﾟﾛﾊﾟﾃｨ名 PEnabled1(xTime1) が不正です。
行 346: ﾌﾟﾛﾊﾟﾃｨ名 PHidden1(xTime1) が不正です。
行 347: ﾌﾟﾛﾊﾟﾃｨ名 PSeparator1(xTime1) が不正です。
行 348: ﾌﾟﾛﾊﾟﾃｨ名 PMenuCaption2(xTime1) が不正です。
行 349: ﾌﾟﾛﾊﾟﾃｨ名 PEnabled2(xTime1) が不正です。
行 350: ﾌﾟﾛﾊﾟﾃｨ名 PHidden2(xTime1) が不正です。
行 351: ﾌﾟﾛﾊﾟﾃｨ名 PSeparator2(xTime1) が不正です。
行 352: ﾌﾟﾛﾊﾟﾃｨ名 PMenuCaption3(xTime1) が不正です。
行 353: ﾌﾟﾛﾊﾟﾃｨ名 PEnabled3(xTime1) が不正です。
行 354: ﾌﾟﾛﾊﾟﾃｨ名 PHidden3(xTime1) が不正です。
行 355: ﾌﾟﾛﾊﾟﾃｨ名 PSeparator3(xTime1) が不正です。
行 356: ﾌﾟﾛﾊﾟﾃｨ名 PMenuCaption4(xTime1) が不正です。
行 357: ﾌﾟﾛﾊﾟﾃｨ名 PEnabled4(xTime1) が不正です。
行 358: ﾌﾟﾛﾊﾟﾃｨ名 PHidden4(xTime1) が不正です。
行 359: ﾌﾟﾛﾊﾟﾃｨ名 PSeparator4(xTime1) が不正です。
行 360: ﾌﾟﾛﾊﾟﾃｨ名 PMenuCaption5(xTime1) が不正です。
行 361: ﾌﾟﾛﾊﾟﾃｨ名 PEnabled5(xTime1) が不正です。
行 362: ﾌﾟﾛﾊﾟﾃｨ名 PHidden5(xTime1) が不正です。
行 363: ﾌﾟﾛﾊﾟﾃｨ名 PSeparator5(xTime1) が不正です。
行 364: ﾌﾟﾛﾊﾟﾃｨ名 PMenuCaption6(xTime1) が不正です。
行 365: ﾌﾟﾛﾊﾟﾃｨ名 PEnabled6(xTime1) が不正です。
行 366: ﾌﾟﾛﾊﾟﾃｨ名 PHidden6(xTime1) が不正です。
行 367: ﾌﾟﾛﾊﾟﾃｨ名 PSeparator6(xTime1) が不正です。
行 368: ﾌﾟﾛﾊﾟﾃｨ名 PMenuCaption7(xTime1) が不正です。
行 369: ﾌﾟﾛﾊﾟﾃｨ名 PEnabled7(xTime1) が不正です。
行 370: ﾌﾟﾛﾊﾟﾃｨ名 PHidden7(xTime1) が不正です。
行 371: ﾌﾟﾛﾊﾟﾃｨ名 PSeparator7(xTime1) が不正です。
行 372: ﾌﾟﾛﾊﾟﾃｨ名 PMenuCaption8(xTime1) が不正です。
行 373: ﾌﾟﾛﾊﾟﾃｨ名 PEnabled8(xTime1) が不正です。
行 374: ﾌﾟﾛﾊﾟﾃｨ名 PHidden8(xTime1) が不正です。
行 375: ﾌﾟﾛﾊﾟﾃｨ名 PSeparator8(xTime1) が不正です。
行 376: ﾌﾟﾛﾊﾟﾃｨ名 PMenuCaption9(xTime1) が不正です。
行 377: ﾌﾟﾛﾊﾟﾃｨ名 PEnabled9(xTime1) が不正です。
行 378: ﾌﾟﾛﾊﾟﾃｨ名 PHidden9(xTime1) が不正です。
行 379: ﾌﾟﾛﾊﾟﾃｨ名 PSeparator9(xTime1) が不正です。
行 380: ﾌﾟﾛﾊﾟﾃｨ名 PMenuCaption10(xTime1) が不正です。
行 381: ﾌﾟﾛﾊﾟﾃｨ名 PEnabled10(xTime1) が不正です。
行 382: ﾌﾟﾛﾊﾟﾃｨ名 PHidden10(xTime1) が不正です。
行 383: ﾌﾟﾛﾊﾟﾃｨ名 PSeparator10(xTime1) が不正です。
行 384: ﾌﾟﾛﾊﾟﾃｨ名 PMenuCaption11(xTime1) が不正です。
行 385: ﾌﾟﾛﾊﾟﾃｨ名 PEnabled11(xTime1) が不正です。
行 386: ﾌﾟﾛﾊﾟﾃｨ名 PHidden11(xTime1) が不正です。
行 387: ﾌﾟﾛﾊﾟﾃｨ名 PSeparator11(xTime1) が不正です。
行 388: ﾌﾟﾛﾊﾟﾃｨ名 PMenuCaption12(xTime1) が不正です。
行 389: ﾌﾟﾛﾊﾟﾃｨ名 PEnabled12(xTime1) が不正です。
行 390: ﾌﾟﾛﾊﾟﾃｨ名 PHidden12(xTime1) が不正です。
行 391: ﾌﾟﾛﾊﾟﾃｨ名 PSeparator12(xTime1) が不正です。
行 392: ﾌﾟﾛﾊﾟﾃｨ名 PMenuCaption13(xTime1) が不正です。
行 393: ﾌﾟﾛﾊﾟﾃｨ名 PEnabled13(xTime1) が不正です。
行 394: ﾌﾟﾛﾊﾟﾃｨ名 PHidden13(xTime1) が不正です。
行 395: ﾌﾟﾛﾊﾟﾃｨ名 PSeparator13(xTime1) が不正です。
行 396: ﾌﾟﾛﾊﾟﾃｨ名 PMenuCaption14(xTime1) が不正です。
行 397: ﾌﾟﾛﾊﾟﾃｨ名 PEnabled14(xTime1) が不正です。
行 398: ﾌﾟﾛﾊﾟﾃｨ名 PHidden14(xTime1) が不正です。
行 399: ﾌﾟﾛﾊﾟﾃｨ名 PSeparator14(xTime1) が不正です。
行 400: ﾌﾟﾛﾊﾟﾃｨ名 PMenuCaption15(xTime1) が不正です。
行 401: ﾌﾟﾛﾊﾟﾃｨ名 PEnabled15(xTime1) が不正です。
行 402: ﾌﾟﾛﾊﾟﾃｨ名 PHidden15(xTime1) が不正です。
行 403: ﾌﾟﾛﾊﾟﾃｨ名 PSeparator15(xTime1) が不正です。
行 404: ﾌﾟﾛﾊﾟﾃｨ名 PMenuCaption16(xTime1) が不正です。
行 405: ﾌﾟﾛﾊﾟﾃｨ名 PEnabled16(xTime1) が不正です。
行 406: ﾌﾟﾛﾊﾟﾃｨ名 PHidden16(xTime1) が不正です。
行 407: ﾌﾟﾛﾊﾟﾃｨ名 PSeparator16(xTime1) が不正です。
行 408: ﾌﾟﾛﾊﾟﾃｨ名 PMenuCaption17(xTime1) が不正です。
行 409: ﾌﾟﾛﾊﾟﾃｨ名 PEnabled17(xTime1) が不正です。
行 410: ﾌﾟﾛﾊﾟﾃｨ名 PHidden17(xTime1) が不正です。
行 411: ﾌﾟﾛﾊﾟﾃｨ名 PSeparator17(xTime1) が不正です。
行 412: ﾌﾟﾛﾊﾟﾃｨ名 PMenuCaption18(xTime1) が不正です。
行 413: ﾌﾟﾛﾊﾟﾃｨ名 PEnabled18(xTime1) が不正です。
行 414: ﾌﾟﾛﾊﾟﾃｨ名 PHidden18(xTime1) が不正です。
行 415: ﾌﾟﾛﾊﾟﾃｨ名 PSeparator18(xTime1) が不正です。
行 416: ﾌﾟﾛﾊﾟﾃｨ名 PMenuCaption19(xTime1) が不正です。
行 417: ﾌﾟﾛﾊﾟﾃｨ名 PEnabled19(xTime1) が不正です。
行 418: ﾌﾟﾛﾊﾟﾃｨ名 PHidden19(xTime1) が不正です。
行 419: ﾌﾟﾛﾊﾟﾃｨ名 PSeparator19(xTime1) が不正です。
行 295: ﾌﾟﾛﾊﾟﾃｨ BorderStyle(xTime1) が設定できません。
行 428: ﾌﾟﾛﾊﾟﾃｨ名 _Version(xDate1) が不正です。
行 429: ﾌﾟﾛﾊﾟﾃｨ名 _ExtentX(xDate1) が不正です。
行 430: ﾌﾟﾛﾊﾟﾃｨ名 _ExtentY(xDate1) が不正です。
行 431: ﾌﾟﾛﾊﾟﾃｨ名 _StockProps(xDate1) が不正です。
行 442: ﾌﾟﾛﾊﾟﾃｨ名 AlignmentH(xDate1) が不正です。
行 444: ﾌﾟﾛﾊﾟﾃｨ名 DateFormat(xDate1) が不正です。
行 445: ﾌﾟﾛﾊﾟﾃｨ名 Value(xDate1) が不正です。
行 446: ﾌﾟﾛﾊﾟﾃｨ名 YearValue(xDate1) が不正です。
行 447: ﾌﾟﾛﾊﾟﾃｨ名 MonthValue(xDate1) が不正です。
行 448: ﾌﾟﾛﾊﾟﾃｨ名 DayValue(xDate1) が不正です。
行 449: ﾌﾟﾛﾊﾟﾃｨ名 Week(xDate1) が不正です。
行 450: ﾌﾟﾛﾊﾟﾃｨ名 DisplayString(xDate1) が不正です。
行 451: ﾌﾟﾛﾊﾟﾃｨ名 SpinButton(xDate1) が不正です。
行 452: ﾌﾟﾛﾊﾟﾃｨ名 FocusBorder(xDate1) が不正です。
行 453: ﾌﾟﾛﾊﾟﾃｨ名 MaxDate(xDate1) が不正です。
行 454: ﾌﾟﾛﾊﾟﾃｨ名 ZeroFill(xDate1) が不正です。
行 455: ﾌﾟﾛﾊﾟﾃｨ名 Caption(xDate1) が不正です。
行 464: ﾌﾟﾛﾊﾟﾃｨ名 CaptionFont(xDate1) が不正です。
行 465: ﾌﾟﾛﾊﾟﾃｨ名 CaptionRatio(xDate1) が不正です。
行 466: ﾌﾟﾛﾊﾟﾃｨ名 InputAreaBorder(xDate1) が不正です。
行 467: ﾌﾟﾛﾊﾟﾃｨ名 TreatEnterAsTab(xDate1) が不正です。
行 468: ﾌﾟﾛﾊﾟﾃｨ名 PMenuCaption0(xDate1) が不正です。
行 469: ﾌﾟﾛﾊﾟﾃｨ名 PEnabled0(xDate1) が不正です。
行 470: ﾌﾟﾛﾊﾟﾃｨ名 PHidden0(xDate1) が不正です。
行 471: ﾌﾟﾛﾊﾟﾃｨ名 PSeparator0(xDate1) が不正です。
行 472: ﾌﾟﾛﾊﾟﾃｨ名 PMenuCaption1(xDate1) が不正です。
行 473: ﾌﾟﾛﾊﾟﾃｨ名 PEnabled1(xDate1) が不正です。
行 474: ﾌﾟﾛﾊﾟﾃｨ名 PHidden1(xDate1) が不正です。
行 475: ﾌﾟﾛﾊﾟﾃｨ名 PSeparator1(xDate1) が不正です。
行 476: ﾌﾟﾛﾊﾟﾃｨ名 PMenuCaption2(xDate1) が不正です。
行 477: ﾌﾟﾛﾊﾟﾃｨ名 PEnabled2(xDate1) が不正です。
行 478: ﾌﾟﾛﾊﾟﾃｨ名 PHidden2(xDate1) が不正です。
行 479: ﾌﾟﾛﾊﾟﾃｨ名 PSeparator2(xDate1) が不正です。
行 480: ﾌﾟﾛﾊﾟﾃｨ名 PMenuCaption3(xDate1) が不正です。
行 481: ﾌﾟﾛﾊﾟﾃｨ名 PEnabled3(xDate1) が不正です。
行 482: ﾌﾟﾛﾊﾟﾃｨ名 PHidden3(xDate1) が不正です。
行 483: ﾌﾟﾛﾊﾟﾃｨ名 PSeparator3(xDate1) が不正です。
行 484: ﾌﾟﾛﾊﾟﾃｨ名 PMenuCaption4(xDate1) が不正です。
行 485: ﾌﾟﾛﾊﾟﾃｨ名 PEnabled4(xDate1) が不正です。
行 486: ﾌﾟﾛﾊﾟﾃｨ名 PHidden4(xDate1) が不正です。
行 487: ﾌﾟﾛﾊﾟﾃｨ名 PSeparator4(xDate1) が不正です。
行 488: ﾌﾟﾛﾊﾟﾃｨ名 PMenuCaption5(xDate1) が不正です。
行 489: ﾌﾟﾛﾊﾟﾃｨ名 PEnabled5(xDate1) が不正です。
行 490: ﾌﾟﾛﾊﾟﾃｨ名 PHidden5(xDate1) が不正です。
行 491: ﾌﾟﾛﾊﾟﾃｨ名 PSeparator5(xDate1) が不正です。
行 492: ﾌﾟﾛﾊﾟﾃｨ名 PMenuCaption6(xDate1) が不正です。
行 493: ﾌﾟﾛﾊﾟﾃｨ名 PEnabled6(xDate1) が不正です。
行 494: ﾌﾟﾛﾊﾟﾃｨ名 PHidden6(xDate1) が不正です。
行 495: ﾌﾟﾛﾊﾟﾃｨ名 PSeparator6(xDate1) が不正です。
行 496: ﾌﾟﾛﾊﾟﾃｨ名 PMenuCaption7(xDate1) が不正です。
行 497: ﾌﾟﾛﾊﾟﾃｨ名 PEnabled7(xDate1) が不正です。
行 498: ﾌﾟﾛﾊﾟﾃｨ名 PHidden7(xDate1) が不正です。
行 499: ﾌﾟﾛﾊﾟﾃｨ名 PSeparator7(xDate1) が不正です。
行 500: ﾌﾟﾛﾊﾟﾃｨ名 PMenuCaption8(xDate1) が不正です。
行 501: ﾌﾟﾛﾊﾟﾃｨ名 PEnabled8(xDate1) が不正です。
行 502: ﾌﾟﾛﾊﾟﾃｨ名 PHidden8(xDate1) が不正です。
行 503: ﾌﾟﾛﾊﾟﾃｨ名 PSeparator8(xDate1) が不正です。
行 504: ﾌﾟﾛﾊﾟﾃｨ名 PMenuCaption9(xDate1) が不正です。
行 505: ﾌﾟﾛﾊﾟﾃｨ名 PEnabled9(xDate1) が不正です。
行 506: ﾌﾟﾛﾊﾟﾃｨ名 PHidden9(xDate1) が不正です。
行 507: ﾌﾟﾛﾊﾟﾃｨ名 PSeparator9(xDate1) が不正です。
行 508: ﾌﾟﾛﾊﾟﾃｨ名 PMenuCaption10(xDate1) が不正です。
行 509: ﾌﾟﾛﾊﾟﾃｨ名 PEnabled10(xDate1) が不正です。
行 510: ﾌﾟﾛﾊﾟﾃｨ名 PHidden10(xDate1) が不正です。
行 511: ﾌﾟﾛﾊﾟﾃｨ名 PSeparator10(xDate1) が不正です。
行 512: ﾌﾟﾛﾊﾟﾃｨ名 PMenuCaption11(xDate1) が不正です。
行 513: ﾌﾟﾛﾊﾟﾃｨ名 PEnabled11(xDate1) が不正です。
行 514: ﾌﾟﾛﾊﾟﾃｨ名 PHidden11(xDate1) が不正です。
行 515: ﾌﾟﾛﾊﾟﾃｨ名 PSeparator11(xDate1) が不正です。
行 516: ﾌﾟﾛﾊﾟﾃｨ名 PMenuCaption12(xDate1) が不正です。
行 517: ﾌﾟﾛﾊﾟﾃｨ名 PEnabled12(xDate1) が不正です。
行 518: ﾌﾟﾛﾊﾟﾃｨ名 PHidden12(xDate1) が不正です。
行 519: ﾌﾟﾛﾊﾟﾃｨ名 PSeparator12(xDate1) が不正です。
行 520: ﾌﾟﾛﾊﾟﾃｨ名 PMenuCaption13(xDate1) が不正です。
行 521: ﾌﾟﾛﾊﾟﾃｨ名 PEnabled13(xDate1) が不正です。
行 522: ﾌﾟﾛﾊﾟﾃｨ名 PHidden13(xDate1) が不正です。
行 523: ﾌﾟﾛﾊﾟﾃｨ名 PSeparator13(xDate1) が不正です。
行 524: ﾌﾟﾛﾊﾟﾃｨ名 PMenuCaption14(xDate1) が不正です。
行 525: ﾌﾟﾛﾊﾟﾃｨ名 PEnabled14(xDate1) が不正です。
行 526: ﾌﾟﾛﾊﾟﾃｨ名 PHidden14(xDate1) が不正です。
行 527: ﾌﾟﾛﾊﾟﾃｨ名 PSeparator14(xDate1) が不正です。
行 528: ﾌﾟﾛﾊﾟﾃｨ名 PMenuCaption15(xDate1) が不正です。
行 529: ﾌﾟﾛﾊﾟﾃｨ名 PEnabled15(xDate1) が不正です。
行 530: ﾌﾟﾛﾊﾟﾃｨ名 PHidden15(xDate1) が不正です。
行 531: ﾌﾟﾛﾊﾟﾃｨ名 PSeparator15(xDate1) が不正です。
行 532: ﾌﾟﾛﾊﾟﾃｨ名 PMenuCaption16(xDate1) が不正です。
行 533: ﾌﾟﾛﾊﾟﾃｨ名 PEnabled16(xDate1) が不正です。
行 534: ﾌﾟﾛﾊﾟﾃｨ名 PHidden16(xDate1) が不正です。
行 535: ﾌﾟﾛﾊﾟﾃｨ名 PSeparator16(xDate1) が不正です。
行 536: ﾌﾟﾛﾊﾟﾃｨ名 PMenuCaption17(xDate1) が不正です。
行 537: ﾌﾟﾛﾊﾟﾃｨ名 PEnabled17(xDate1) が不正です。
行 538: ﾌﾟﾛﾊﾟﾃｨ名 PHidden17(xDate1) が不正です。
行 539: ﾌﾟﾛﾊﾟﾃｨ名 PSeparator17(xDate1) が不正です。
行 540: ﾌﾟﾛﾊﾟﾃｨ名 PMenuCaption18(xDate1) が不正です。
行 541: ﾌﾟﾛﾊﾟﾃｨ名 PEnabled18(xDate1) が不正です。
行 542: ﾌﾟﾛﾊﾟﾃｨ名 PHidden18(xDate1) が不正です。
行 543: ﾌﾟﾛﾊﾟﾃｨ名 PSeparator18(xDate1) が不正です。
行 544: ﾌﾟﾛﾊﾟﾃｨ名 PMenuCaption19(xDate1) が不正です。
行 545: ﾌﾟﾛﾊﾟﾃｨ名 PEnabled19(xDate1) が不正です。
行 546: ﾌﾟﾛﾊﾟﾃｨ名 PHidden19(xDate1) が不正です。
行 547: ﾌﾟﾛﾊﾟﾃｨ名 PSeparator19(xDate1) が不正です。
行 421: ﾌﾟﾛﾊﾟﾃｨ BorderStyle(xDate1) が設定できません。
