行 19: ｸﾗｽ xTextLib.xText(ｺﾝﾄﾛｰﾙ xText1) はﾛｰﾄﾞされていません。
行 142: ｸﾗｽ xTextLib.xText(ｺﾝﾄﾛｰﾙ xText1) はﾛｰﾄﾞされていません。
行 258: ｸﾗｽ xTextLib.xText(ｺﾝﾄﾛｰﾙ xText1) はﾛｰﾄﾞされていません。
行 373: ｸﾗｽ xTextLib.xText(ｺﾝﾄﾛｰﾙ xText1) はﾛｰﾄﾞされていません。
行 488: ｸﾗｽ xTextLib.xText(ｺﾝﾄﾛｰﾙ xText1) はﾛｰﾄﾞされていません。
行 604: ｸﾗｽ xTextLib.xText(ｺﾝﾄﾛｰﾙ xText1) はﾛｰﾄﾞされていません。
行 719: ｸﾗｽ xTextLib.xText(ｺﾝﾄﾛｰﾙ xText1) はﾛｰﾄﾞされていません。
行 834: ｸﾗｽ xTextLib.xText(ｺﾝﾄﾛｰﾙ xText1) はﾛｰﾄﾞされていません。
行 949: ｸﾗｽ xTextLib.xText(ｺﾝﾄﾛｰﾙ xText1) はﾛｰﾄﾞされていません。
行 26: ﾌﾟﾛﾊﾟﾃｨ名 _Version(xText1) が不正です。
行 27: ﾌﾟﾛﾊﾟﾃｨ名 _ExtentX(xText1) が不正です。
行 28: ﾌﾟﾛﾊﾟﾃｨ名 _ExtentY(xText1) が不正です。
行 29: ﾌﾟﾛﾊﾟﾃｨ名 _StockProps(xText1) が不正です。
行 39: ﾌﾟﾛﾊﾟﾃｨ名 InputAlignmentH(xText1) が不正です。
行 40: ﾌﾟﾛﾊﾟﾃｨ名 AlignmentH(xText1) が不正です。
行 41: ﾌﾟﾛﾊﾟﾃｨ名 Caption(xText1) が不正です。
行 50: ﾌﾟﾛﾊﾟﾃｨ名 CaptionFont(xText1) が不正です。
行 51: ﾌﾟﾛﾊﾟﾃｨ名 CaptionRatio(xText1) が不正です。
行 52: ﾌﾟﾛﾊﾟﾃｨ名 TreatEnterAsTab(xText1) が不正です。
行 53: ﾌﾟﾛﾊﾟﾃｨ名 PMenuCaption0(xText1) が不正です。
行 54: ﾌﾟﾛﾊﾟﾃｨ名 PEnabled0(xText1) が不正です。
行 55: ﾌﾟﾛﾊﾟﾃｨ名 PHidden0(xText1) が不正です。
行 56: ﾌﾟﾛﾊﾟﾃｨ名 PSeparator0(xText1) が不正です。
行 57: ﾌﾟﾛﾊﾟﾃｨ名 PMenuCaption1(xText1) が不正です。
行 58: ﾌﾟﾛﾊﾟﾃｨ名 PEnabled1(xText1) が不正です。
行 59: ﾌﾟﾛﾊﾟﾃｨ名 PHidden1(xText1) が不正です。
行 60: ﾌﾟﾛﾊﾟﾃｨ名 PSeparator1(xText1) が不正です。
行 61: ﾌﾟﾛﾊﾟﾃｨ名 PMenuCaption2(xText1) が不正です。
行 62: ﾌﾟﾛﾊﾟﾃｨ名 PEnabled2(xText1) が不正です。
行 63: ﾌﾟﾛﾊﾟﾃｨ名 PHidden2(xText1) が不正です。
行 64: ﾌﾟﾛﾊﾟﾃｨ名 PSeparator2(xText1) が不正です。
行 65: ﾌﾟﾛﾊﾟﾃｨ名 PMenuCaption3(xText1) が不正です。
行 66: ﾌﾟﾛﾊﾟﾃｨ名 PEnabled3(xText1) が不正です。
行 67: ﾌﾟﾛﾊﾟﾃｨ名 PHidden3(xText1) が不正です。
行 68: ﾌﾟﾛﾊﾟﾃｨ名 PSeparator3(xText1) が不正です。
行 69: ﾌﾟﾛﾊﾟﾃｨ名 PMenuCaption4(xText1) が不正です。
行 70: ﾌﾟﾛﾊﾟﾃｨ名 PEnabled4(xText1) が不正です。
行 71: ﾌﾟﾛﾊﾟﾃｨ名 PHidden4(xText1) が不正です。
行 72: ﾌﾟﾛﾊﾟﾃｨ名 PSeparator4(xText1) が不正です。
行 73: ﾌﾟﾛﾊﾟﾃｨ名 PMenuCaption5(xText1) が不正です。
行 74: ﾌﾟﾛﾊﾟﾃｨ名 PEnabled5(xText1) が不正です。
行 75: ﾌﾟﾛﾊﾟﾃｨ名 PHidden5(xText1) が不正です。
行 76: ﾌﾟﾛﾊﾟﾃｨ名 PSeparator5(xText1) が不正です。
行 77: ﾌﾟﾛﾊﾟﾃｨ名 PMenuCaption6(xText1) が不正です。
行 78: ﾌﾟﾛﾊﾟﾃｨ名 PEnabled6(xText1) が不正です。
行 79: ﾌﾟﾛﾊﾟﾃｨ名 PHidden6(xText1) が不正です。
行 80: ﾌﾟﾛﾊﾟﾃｨ名 PSeparator6(xText1) が不正です。
行 81: ﾌﾟﾛﾊﾟﾃｨ名 PMenuCaption7(xText1) が不正です。
行 82: ﾌﾟﾛﾊﾟﾃｨ名 PEnabled7(xText1) が不正です。
行 83: ﾌﾟﾛﾊﾟﾃｨ名 PHidden7(xText1) が不正です。
行 84: ﾌﾟﾛﾊﾟﾃｨ名 PSeparator7(xText1) が不正です。
行 85: ﾌﾟﾛﾊﾟﾃｨ名 PMenuCaption8(xText1) が不正です。
行 86: ﾌﾟﾛﾊﾟﾃｨ名 PEnabled8(xText1) が不正です。
行 87: ﾌﾟﾛﾊﾟﾃｨ名 PHidden8(xText1) が不正です。
行 88: ﾌﾟﾛﾊﾟﾃｨ名 PSeparator8(xText1) が不正です。
行 89: ﾌﾟﾛﾊﾟﾃｨ名 PMenuCaption9(xText1) が不正です。
行 90: ﾌﾟﾛﾊﾟﾃｨ名 PEnabled9(xText1) が不正です。
行 91: ﾌﾟﾛﾊﾟﾃｨ名 PHidden9(xText1) が不正です。
行 92: ﾌﾟﾛﾊﾟﾃｨ名 PSeparator9(xText1) が不正です。
行 93: ﾌﾟﾛﾊﾟﾃｨ名 PMenuCaption10(xText1) が不正です。
行 94: ﾌﾟﾛﾊﾟﾃｨ名 PEnabled10(xText1) が不正です。
行 95: ﾌﾟﾛﾊﾟﾃｨ名 PHidden10(xText1) が不正です。
行 96: ﾌﾟﾛﾊﾟﾃｨ名 PSeparator10(xText1) が不正です。
行 97: ﾌﾟﾛﾊﾟﾃｨ名 PMenuCaption11(xText1) が不正です。
行 98: ﾌﾟﾛﾊﾟﾃｨ名 PEnabled11(xText1) が不正です。
行 99: ﾌﾟﾛﾊﾟﾃｨ名 PHidden11(xText1) が不正です。
行 100: ﾌﾟﾛﾊﾟﾃｨ名 PSeparator11(xText1) が不正です。
行 101: ﾌﾟﾛﾊﾟﾃｨ名 PMenuCaption12(xText1) が不正です。
行 102: ﾌﾟﾛﾊﾟﾃｨ名 PEnabled12(xText1) が不正です。
行 103: ﾌﾟﾛﾊﾟﾃｨ名 PHidden12(xText1) が不正です。
行 104: ﾌﾟﾛﾊﾟﾃｨ名 PSeparator12(xText1) が不正です。
行 105: ﾌﾟﾛﾊﾟﾃｨ名 PMenuCaption13(xText1) が不正です。
行 106: ﾌﾟﾛﾊﾟﾃｨ名 PEnabled13(xText1) が不正です。
行 107: ﾌﾟﾛﾊﾟﾃｨ名 PHidden13(xText1) が不正です。
行 108: ﾌﾟﾛﾊﾟﾃｨ名 PSeparator13(xText1) が不正です。
行 109: ﾌﾟﾛﾊﾟﾃｨ名 PMenuCaption14(xText1) が不正です。
行 110: ﾌﾟﾛﾊﾟﾃｨ名 PEnabled14(xText1) が不正です。
行 111: ﾌﾟﾛﾊﾟﾃｨ名 PHidden14(xText1) が不正です。
行 112: ﾌﾟﾛﾊﾟﾃｨ名 PSeparator14(xText1) が不正です。
行 113: ﾌﾟﾛﾊﾟﾃｨ名 PMenuCaption15(xText1) が不正です。
行 114: ﾌﾟﾛﾊﾟﾃｨ名 PEnabled15(xText1) が不正です。
行 115: ﾌﾟﾛﾊﾟﾃｨ名 PHidden15(xText1) が不正です。
行 116: ﾌﾟﾛﾊﾟﾃｨ名 PSeparator15(xText1) が不正です。
行 117: ﾌﾟﾛﾊﾟﾃｨ名 PMenuCaption16(xText1) が不正です。
行 118: ﾌﾟﾛﾊﾟﾃｨ名 PEnabled16(xText1) が不正です。
行 119: ﾌﾟﾛﾊﾟﾃｨ名 PHidden16(xText1) が不正です。
行 120: ﾌﾟﾛﾊﾟﾃｨ名 PSeparator16(xText1) が不正です。
行 121: ﾌﾟﾛﾊﾟﾃｨ名 PMenuCaption17(xText1) が不正です。
行 122: ﾌﾟﾛﾊﾟﾃｨ名 PEnabled17(xText1) が不正です。
行 123: ﾌﾟﾛﾊﾟﾃｨ名 PHidden17(xText1) が不正です。
行 124: ﾌﾟﾛﾊﾟﾃｨ名 PSeparator17(xText1) が不正です。
行 125: ﾌﾟﾛﾊﾟﾃｨ名 PMenuCaption18(xText1) が不正です。
行 126: ﾌﾟﾛﾊﾟﾃｨ名 PEnabled18(xText1) が不正です。
行 127: ﾌﾟﾛﾊﾟﾃｨ名 PHidden18(xText1) が不正です。
行 128: ﾌﾟﾛﾊﾟﾃｨ名 PSeparator18(xText1) が不正です。
行 129: ﾌﾟﾛﾊﾟﾃｨ名 PMenuCaption19(xText1) が不正です。
行 130: ﾌﾟﾛﾊﾟﾃｨ名 PEnabled19(xText1) が不正です。
行 131: ﾌﾟﾛﾊﾟﾃｨ名 PHidden19(xText1) が不正です。
行 132: ﾌﾟﾛﾊﾟﾃｨ名 PSeparator19(xText1) が不正です。
行 149: ﾌﾟﾛﾊﾟﾃｨ名 _Version(xText1) が不正です。
行 150: ﾌﾟﾛﾊﾟﾃｨ名 _ExtentX(xText1) が不正です。
行 151: ﾌﾟﾛﾊﾟﾃｨ名 _ExtentY(xText1) が不正です。
行 152: ﾌﾟﾛﾊﾟﾃｨ名 _StockProps(xText1) が不正です。
行 162: ﾌﾟﾛﾊﾟﾃｨ名 Text(xText1) が不正です。
行 163: ﾌﾟﾛﾊﾟﾃｨ名 InputAlignmentH(xText1) が不正です。
行 164: ﾌﾟﾛﾊﾟﾃｨ名 AlignmentH(xText1) が不正です。
行 165: ﾌﾟﾛﾊﾟﾃｨ名 Caption(xText1) が不正です。
行 174: ﾌﾟﾛﾊﾟﾃｨ名 CaptionFont(xText1) が不正です。
行 175: ﾌﾟﾛﾊﾟﾃｨ名 CaptionRatio(xText1) が不正です。
行 176: ﾌﾟﾛﾊﾟﾃｨ名 TreatEnterAsTab(xText1) が不正です。
行 177: ﾌﾟﾛﾊﾟﾃｨ名 PMenuCaption0(xText1) が不正です。
行 178: ﾌﾟﾛﾊﾟﾃｨ名 PEnabled0(xText1) が不正です。
行 179: ﾌﾟﾛﾊﾟﾃｨ名 PHidden0(xText1) が不正です。
行 180: ﾌﾟﾛﾊﾟﾃｨ名 PSeparator0(xText1) が不正です。
行 181: ﾌﾟﾛﾊﾟﾃｨ名 PMenuCaption1(xText1) が不正です。
行 182: ﾌﾟﾛﾊﾟﾃｨ名 PEnabled1(xText1) が不正です。
行 183: ﾌﾟﾛﾊﾟﾃｨ名 PHidden1(xText1) が不正です。
行 184: ﾌﾟﾛﾊﾟﾃｨ名 PSeparator1(xText1) が不正です。
行 185: ﾌﾟﾛﾊﾟﾃｨ名 PMenuCaption2(xText1) が不正です。
行 186: ﾌﾟﾛﾊﾟﾃｨ名 PEnabled2(xText1) が不正です。
行 187: ﾌﾟﾛﾊﾟﾃｨ名 PHidden2(xText1) が不正です。
行 188: ﾌﾟﾛﾊﾟﾃｨ名 PSeparator2(xText1) が不正です。
行 189: ﾌﾟﾛﾊﾟﾃｨ名 PMenuCaption3(xText1) が不正です。
行 190: ﾌﾟﾛﾊﾟﾃｨ名 PEnabled3(xText1) が不正です。
行 191: ﾌﾟﾛﾊﾟﾃｨ名 PHidden3(xText1) が不正です。
行 192: ﾌﾟﾛﾊﾟﾃｨ名 PSeparator3(xText1) が不正です。
行 193: ﾌﾟﾛﾊﾟﾃｨ名 PMenuCaption4(xText1) が不正です。
行 194: ﾌﾟﾛﾊﾟﾃｨ名 PEnabled4(xText1) が不正です。
行 195: ﾌﾟﾛﾊﾟﾃｨ名 PHidden4(xText1) が不正です。
行 196: ﾌﾟﾛﾊﾟﾃｨ名 PSeparator4(xText1) が不正です。
行 197: ﾌﾟﾛﾊﾟﾃｨ名 PMenuCaption5(xText1) が不正です。
行 198: ﾌﾟﾛﾊﾟﾃｨ名 PEnabled5(xText1) が不正です。
行 199: ﾌﾟﾛﾊﾟﾃｨ名 PHidden5(xText1) が不正です。
行 200: ﾌﾟﾛﾊﾟﾃｨ名 PSeparator5(xText1) が不正です。
行 201: ﾌﾟﾛﾊﾟﾃｨ名 PMenuCaption6(xText1) が不正です。
行 202: ﾌﾟﾛﾊﾟﾃｨ名 PEnabled6(xText1) が不正です。
行 203: ﾌﾟﾛﾊﾟﾃｨ名 PHidden6(xText1) が不正です。
行 204: ﾌﾟﾛﾊﾟﾃｨ名 PSeparator6(xText1) が不正です。
行 205: ﾌﾟﾛﾊﾟﾃｨ名 PMenuCaption7(xText1) が不正です。
行 206: ﾌﾟﾛﾊﾟﾃｨ名 PEnabled7(xText1) が不正です。
行 207: ﾌﾟﾛﾊﾟﾃｨ名 PHidden7(xText1) が不正です。
行 208: ﾌﾟﾛﾊﾟﾃｨ名 PSeparator7(xText1) が不正です。
行 209: ﾌﾟﾛﾊﾟﾃｨ名 PMenuCaption8(xText1) が不正です。
行 210: ﾌﾟﾛﾊﾟﾃｨ名 PEnabled8(xText1) が不正です。
行 211: ﾌﾟﾛﾊﾟﾃｨ名 PHidden8(xText1) が不正です。
行 212: ﾌﾟﾛﾊﾟﾃｨ名 PSeparator8(xText1) が不正です。
行 213: ﾌﾟﾛﾊﾟﾃｨ名 PMenuCaption9(xText1) が不正です。
行 214: ﾌﾟﾛﾊﾟﾃｨ名 PEnabled9(xText1) が不正です。
行 215: ﾌﾟﾛﾊﾟﾃｨ名 PHidden9(xText1) が不正です。
行 216: ﾌﾟﾛﾊﾟﾃｨ名 PSeparator9(xText1) が不正です。
行 217: ﾌﾟﾛﾊﾟﾃｨ名 PMenuCaption10(xText1) が不正です。
行 218: ﾌﾟﾛﾊﾟﾃｨ名 PEnabled10(xText1) が不正です。
行 219: ﾌﾟﾛﾊﾟﾃｨ名 PHidden10(xText1) が不正です。
行 220: ﾌﾟﾛﾊﾟﾃｨ名 PSeparator10(xText1) が不正です。
行 221: ﾌﾟﾛﾊﾟﾃｨ名 PMenuCaption11(xText1) が不正です。
行 222: ﾌﾟﾛﾊﾟﾃｨ名 PEnabled11(xText1) が不正です。
行 223: ﾌﾟﾛﾊﾟﾃｨ名 PHidden11(xText1) が不正です。
行 224: ﾌﾟﾛﾊﾟﾃｨ名 PSeparator11(xText1) が不正です。
行 225: ﾌﾟﾛﾊﾟﾃｨ名 PMenuCaption12(xText1) が不正です。
行 226: ﾌﾟﾛﾊﾟﾃｨ名 PEnabled12(xText1) が不正です。
行 227: ﾌﾟﾛﾊﾟﾃｨ名 PHidden12(xText1) が不正です。
行 228: ﾌﾟﾛﾊﾟﾃｨ名 PSeparator12(xText1) が不正です。
行 229: ﾌﾟﾛﾊﾟﾃｨ名 PMenuCaption13(xText1) が不正です。
行 230: ﾌﾟﾛﾊﾟﾃｨ名 PEnabled13(xText1) が不正です。
行 231: ﾌﾟﾛﾊﾟﾃｨ名 PHidden13(xText1) が不正です。
行 232: ﾌﾟﾛﾊﾟﾃｨ名 PSeparator13(xText1) が不正です。
行 233: ﾌﾟﾛﾊﾟﾃｨ名 PMenuCaption14(xText1) が不正です。
行 234: ﾌﾟﾛﾊﾟﾃｨ名 PEnabled14(xText1) が不正です。
行 235: ﾌﾟﾛﾊﾟﾃｨ名 PHidden14(xText1) が不正です。
行 236: ﾌﾟﾛﾊﾟﾃｨ名 PSeparator14(xText1) が不正です。
行 237: ﾌﾟﾛﾊﾟﾃｨ名 PMenuCaption15(xText1) が不正です。
行 238: ﾌﾟﾛﾊﾟﾃｨ名 PEnabled15(xText1) が不正です。
行 239: ﾌﾟﾛﾊﾟﾃｨ名 PHidden15(xText1) が不正です。
行 240: ﾌﾟﾛﾊﾟﾃｨ名 PSeparator15(xText1) が不正です。
行 241: ﾌﾟﾛﾊﾟﾃｨ名 PMenuCaption16(xText1) が不正です。
行 242: ﾌﾟﾛﾊﾟﾃｨ名 PEnabled16(xText1) が不正です。
行 243: ﾌﾟﾛﾊﾟﾃｨ名 PHidden16(xText1) が不正です。
行 244: ﾌﾟﾛﾊﾟﾃｨ名 PSeparator16(xText1) が不正です。
行 245: ﾌﾟﾛﾊﾟﾃｨ名 PMenuCaption17(xText1) が不正です。
行 246: ﾌﾟﾛﾊﾟﾃｨ名 PEnabled17(xText1) が不正です。
行 247: ﾌﾟﾛﾊﾟﾃｨ名 PHidden17(xText1) が不正です。
行 248: ﾌﾟﾛﾊﾟﾃｨ名 PSeparator17(xText1) が不正です。
行 249: ﾌﾟﾛﾊﾟﾃｨ名 PMenuCaption18(xText1) が不正です。
行 250: ﾌﾟﾛﾊﾟﾃｨ名 PEnabled18(xText1) が不正です。
行 251: ﾌﾟﾛﾊﾟﾃｨ名 PHidden18(xText1) が不正です。
行 252: ﾌﾟﾛﾊﾟﾃｨ名 PSeparator18(xText1) が不正です。
行 253: ﾌﾟﾛﾊﾟﾃｨ名 PMenuCaption19(xText1) が不正です。
行 254: ﾌﾟﾛﾊﾟﾃｨ名 PEnabled19(xText1) が不正です。
行 255: ﾌﾟﾛﾊﾟﾃｨ名 PHidden19(xText1) が不正です。
行 256: ﾌﾟﾛﾊﾟﾃｨ名 PSeparator19(xText1) が不正です。
行 265: ﾌﾟﾛﾊﾟﾃｨ名 _Version(xText1) が不正です。
行 266: ﾌﾟﾛﾊﾟﾃｨ名 _ExtentX(xText1) が不正です。
行 267: ﾌﾟﾛﾊﾟﾃｨ名 _ExtentY(xText1) が不正です。
行 268: ﾌﾟﾛﾊﾟﾃｨ名 _StockProps(xText1) が不正です。
行 278: ﾌﾟﾛﾊﾟﾃｨ名 InputAlignmentH(xText1) が不正です。
行 279: ﾌﾟﾛﾊﾟﾃｨ名 AlignmentH(xText1) が不正です。
行 280: ﾌﾟﾛﾊﾟﾃｨ名 Caption(xText1) が不正です。
行 289: ﾌﾟﾛﾊﾟﾃｨ名 CaptionFont(xText1) が不正です。
行 290: ﾌﾟﾛﾊﾟﾃｨ名 CaptionRatio(xText1) が不正です。
行 291: ﾌﾟﾛﾊﾟﾃｨ名 TreatEnterAsTab(xText1) が不正です。
行 292: ﾌﾟﾛﾊﾟﾃｨ名 PMenuCaption0(xText1) が不正です。
行 293: ﾌﾟﾛﾊﾟﾃｨ名 PEnabled0(xText1) が不正です。
行 294: ﾌﾟﾛﾊﾟﾃｨ名 PHidden0(xText1) が不正です。
行 295: ﾌﾟﾛﾊﾟﾃｨ名 PSeparator0(xText1) が不正です。
行 296: ﾌﾟﾛﾊﾟﾃｨ名 PMenuCaption1(xText1) が不正です。
行 297: ﾌﾟﾛﾊﾟﾃｨ名 PEnabled1(xText1) が不正です。
行 298: ﾌﾟﾛﾊﾟﾃｨ名 PHidden1(xText1) が不正です。
行 299: ﾌﾟﾛﾊﾟﾃｨ名 PSeparator1(xText1) が不正です。
行 300: ﾌﾟﾛﾊﾟﾃｨ名 PMenuCaption2(xText1) が不正です。
行 301: ﾌﾟﾛﾊﾟﾃｨ名 PEnabled2(xText1) が不正です。
行 302: ﾌﾟﾛﾊﾟﾃｨ名 PHidden2(xText1) が不正です。
行 303: ﾌﾟﾛﾊﾟﾃｨ名 PSeparator2(xText1) が不正です。
行 304: ﾌﾟﾛﾊﾟﾃｨ名 PMenuCaption3(xText1) が不正です。
行 305: ﾌﾟﾛﾊﾟﾃｨ名 PEnabled3(xText1) が不正です。
行 306: ﾌﾟﾛﾊﾟﾃｨ名 PHidden3(xText1) が不正です。
行 307: ﾌﾟﾛﾊﾟﾃｨ名 PSeparator3(xText1) が不正です。
行 308: ﾌﾟﾛﾊﾟﾃｨ名 PMenuCaption4(xText1) が不正です。
行 309: ﾌﾟﾛﾊﾟﾃｨ名 PEnabled4(xText1) が不正です。
行 310: ﾌﾟﾛﾊﾟﾃｨ名 PHidden4(xText1) が不正です。
行 311: ﾌﾟﾛﾊﾟﾃｨ名 PSeparator4(xText1) が不正です。
行 312: ﾌﾟﾛﾊﾟﾃｨ名 PMenuCaption5(xText1) が不正です。
行 313: ﾌﾟﾛﾊﾟﾃｨ名 PEnabled5(xText1) が不正です。
行 314: ﾌﾟﾛﾊﾟﾃｨ名 PHidden5(xText1) が不正です。
行 315: ﾌﾟﾛﾊﾟﾃｨ名 PSeparator5(xText1) が不正です。
行 316: ﾌﾟﾛﾊﾟﾃｨ名 PMenuCaption6(xText1) が不正です。
行 317: ﾌﾟﾛﾊﾟﾃｨ名 PEnabled6(xText1) が不正です。
行 318: ﾌﾟﾛﾊﾟﾃｨ名 PHidden6(xText1) が不正です。
行 319: ﾌﾟﾛﾊﾟﾃｨ名 PSeparator6(xText1) が不正です。
行 320: ﾌﾟﾛﾊﾟﾃｨ名 PMenuCaption7(xText1) が不正です。
行 321: ﾌﾟﾛﾊﾟﾃｨ名 PEnabled7(xText1) が不正です。
行 322: ﾌﾟﾛﾊﾟﾃｨ名 PHidden7(xText1) が不正です。
行 323: ﾌﾟﾛﾊﾟﾃｨ名 PSeparator7(xText1) が不正です。
行 324: ﾌﾟﾛﾊﾟﾃｨ名 PMenuCaption8(xText1) が不正です。
行 325: ﾌﾟﾛﾊﾟﾃｨ名 PEnabled8(xText1) が不正です。
行 326: ﾌﾟﾛﾊﾟﾃｨ名 PHidden8(xText1) が不正です。
行 327: ﾌﾟﾛﾊﾟﾃｨ名 PSeparator8(xText1) が不正です。
行 328: ﾌﾟﾛﾊﾟﾃｨ名 PMenuCaption9(xText1) が不正です。
行 329: ﾌﾟﾛﾊﾟﾃｨ名 PEnabled9(xText1) が不正です。
行 330: ﾌﾟﾛﾊﾟﾃｨ名 PHidden9(xText1) が不正です。
行 331: ﾌﾟﾛﾊﾟﾃｨ名 PSeparator9(xText1) が不正です。
行 332: ﾌﾟﾛﾊﾟﾃｨ名 PMenuCaption10(xText1) が不正です。
行 333: ﾌﾟﾛﾊﾟﾃｨ名 PEnabled10(xText1) が不正です。
行 334: ﾌﾟﾛﾊﾟﾃｨ名 PHidden10(xText1) が不正です。
行 335: ﾌﾟﾛﾊﾟﾃｨ名 PSeparator10(xText1) が不正です。
行 336: ﾌﾟﾛﾊﾟﾃｨ名 PMenuCaption11(xText1) が不正です。
行 337: ﾌﾟﾛﾊﾟﾃｨ名 PEnabled11(xText1) が不正です。
行 338: ﾌﾟﾛﾊﾟﾃｨ名 PHidden11(xText1) が不正です。
行 339: ﾌﾟﾛﾊﾟﾃｨ名 PSeparator11(xText1) が不正です。
行 340: ﾌﾟﾛﾊﾟﾃｨ名 PMenuCaption12(xText1) が不正です。
行 341: ﾌﾟﾛﾊﾟﾃｨ名 PEnabled12(xText1) が不正です。
行 342: ﾌﾟﾛﾊﾟﾃｨ名 PHidden12(xText1) が不正です。
行 343: ﾌﾟﾛﾊﾟﾃｨ名 PSeparator12(xText1) が不正です。
行 344: ﾌﾟﾛﾊﾟﾃｨ名 PMenuCaption13(xText1) が不正です。
行 345: ﾌﾟﾛﾊﾟﾃｨ名 PEnabled13(xText1) が不正です。
行 346: ﾌﾟﾛﾊﾟﾃｨ名 PHidden13(xText1) が不正です。
行 347: ﾌﾟﾛﾊﾟﾃｨ名 PSeparator13(xText1) が不正です。
行 348: ﾌﾟﾛﾊﾟﾃｨ名 PMenuCaption14(xText1) が不正です。
行 349: ﾌﾟﾛﾊﾟﾃｨ名 PEnabled14(xText1) が不正です。
行 350: ﾌﾟﾛﾊﾟﾃｨ名 PHidden14(xText1) が不正です。
行 351: ﾌﾟﾛﾊﾟﾃｨ名 PSeparator14(xText1) が不正です。
行 352: ﾌﾟﾛﾊﾟﾃｨ名 PMenuCaption15(xText1) が不正です。
行 353: ﾌﾟﾛﾊﾟﾃｨ名 PEnabled15(xText1) が不正です。
行 354: ﾌﾟﾛﾊﾟﾃｨ名 PHidden15(xText1) が不正です。
行 355: ﾌﾟﾛﾊﾟﾃｨ名 PSeparator15(xText1) が不正です。
行 356: ﾌﾟﾛﾊﾟﾃｨ名 PMenuCaption16(xText1) が不正です。
行 357: ﾌﾟﾛﾊﾟﾃｨ名 PEnabled16(xText1) が不正です。
行 358: ﾌﾟﾛﾊﾟﾃｨ名 PHidden16(xText1) が不正です。
行 359: ﾌﾟﾛﾊﾟﾃｨ名 PSeparator16(xText1) が不正です。
行 360: ﾌﾟﾛﾊﾟﾃｨ名 PMenuCaption17(xText1) が不正です。
行 361: ﾌﾟﾛﾊﾟﾃｨ名 PEnabled17(xText1) が不正です。
行 362: ﾌﾟﾛﾊﾟﾃｨ名 PHidden17(xText1) が不正です。
行 363: ﾌﾟﾛﾊﾟﾃｨ名 PSeparator17(xText1) が不正です。
行 364: ﾌﾟﾛﾊﾟﾃｨ名 PMenuCaption18(xText1) が不正です。
行 365: ﾌﾟﾛﾊﾟﾃｨ名 PEnabled18(xText1) が不正です。
行 366: ﾌﾟﾛﾊﾟﾃｨ名 PHidden18(xText1) が不正です。
行 367: ﾌﾟﾛﾊﾟﾃｨ名 PSeparator18(xText1) が不正です。
行 368: ﾌﾟﾛﾊﾟﾃｨ名 PMenuCaption19(xText1) が不正です。
行 369: ﾌﾟﾛﾊﾟﾃｨ名 PEnabled19(xText1) が不正です。
行 370: ﾌﾟﾛﾊﾟﾃｨ名 PHidden19(xText1) が不正です。
行 371: ﾌﾟﾛﾊﾟﾃｨ名 PSeparator19(xText1) が不正です。
行 380: ﾌﾟﾛﾊﾟﾃｨ名 _Version(xText1) が不正です。
行 381: ﾌﾟﾛﾊﾟﾃｨ名 _ExtentX(xText1) が不正です。
行 382: ﾌﾟﾛﾊﾟﾃｨ名 _ExtentY(xText1) が不正です。
行 383: ﾌﾟﾛﾊﾟﾃｨ名 _StockProps(xText1) が不正です。
行 393: ﾌﾟﾛﾊﾟﾃｨ名 InputAlignmentH(xText1) が不正です。
行 394: ﾌﾟﾛﾊﾟﾃｨ名 AlignmentH(xText1) が不正です。
行 395: ﾌﾟﾛﾊﾟﾃｨ名 Caption(xText1) が不正です。
行 404: ﾌﾟﾛﾊﾟﾃｨ名 CaptionFont(xText1) が不正です。
行 405: ﾌﾟﾛﾊﾟﾃｨ名 CaptionRatio(xText1) が不正です。
行 406: ﾌﾟﾛﾊﾟﾃｨ名 TreatEnterAsTab(xText1) が不正です。
行 407: ﾌﾟﾛﾊﾟﾃｨ名 PMenuCaption0(xText1) が不正です。
行 408: ﾌﾟﾛﾊﾟﾃｨ名 PEnabled0(xText1) が不正です。
行 409: ﾌﾟﾛﾊﾟﾃｨ名 PHidden0(xText1) が不正です。
行 410: ﾌﾟﾛﾊﾟﾃｨ名 PSeparator0(xText1) が不正です。
行 411: ﾌﾟﾛﾊﾟﾃｨ名 PMenuCaption1(xText1) が不正です。
行 412: ﾌﾟﾛﾊﾟﾃｨ名 PEnabled1(xText1) が不正です。
行 413: ﾌﾟﾛﾊﾟﾃｨ名 PHidden1(xText1) が不正です。
行 414: ﾌﾟﾛﾊﾟﾃｨ名 PSeparator1(xText1) が不正です。
行 415: ﾌﾟﾛﾊﾟﾃｨ名 PMenuCaption2(xText1) が不正です。
行 416: ﾌﾟﾛﾊﾟﾃｨ名 PEnabled2(xText1) が不正です。
行 417: ﾌﾟﾛﾊﾟﾃｨ名 PHidden2(xText1) が不正です。
行 418: ﾌﾟﾛﾊﾟﾃｨ名 PSeparator2(xText1) が不正です。
行 419: ﾌﾟﾛﾊﾟﾃｨ名 PMenuCaption3(xText1) が不正です。
行 420: ﾌﾟﾛﾊﾟﾃｨ名 PEnabled3(xText1) が不正です。
行 421: ﾌﾟﾛﾊﾟﾃｨ名 PHidden3(xText1) が不正です。
行 422: ﾌﾟﾛﾊﾟﾃｨ名 PSeparator3(xText1) が不正です。
行 423: ﾌﾟﾛﾊﾟﾃｨ名 PMenuCaption4(xText1) が不正です。
行 424: ﾌﾟﾛﾊﾟﾃｨ名 PEnabled4(xText1) が不正です。
行 425: ﾌﾟﾛﾊﾟﾃｨ名 PHidden4(xText1) が不正です。
行 426: ﾌﾟﾛﾊﾟﾃｨ名 PSeparator4(xText1) が不正です。
行 427: ﾌﾟﾛﾊﾟﾃｨ名 PMenuCaption5(xText1) が不正です。
行 428: ﾌﾟﾛﾊﾟﾃｨ名 PEnabled5(xText1) が不正です。
行 429: ﾌﾟﾛﾊﾟﾃｨ名 PHidden5(xText1) が不正です。
行 430: ﾌﾟﾛﾊﾟﾃｨ名 PSeparator5(xText1) が不正です。
行 431: ﾌﾟﾛﾊﾟﾃｨ名 PMenuCaption6(xText1) が不正です。
行 432: ﾌﾟﾛﾊﾟﾃｨ名 PEnabled6(xText1) が不正です。
行 433: ﾌﾟﾛﾊﾟﾃｨ名 PHidden6(xText1) が不正です。
行 434: ﾌﾟﾛﾊﾟﾃｨ名 PSeparator6(xText1) が不正です。
行 435: ﾌﾟﾛﾊﾟﾃｨ名 PMenuCaption7(xText1) が不正です。
行 436: ﾌﾟﾛﾊﾟﾃｨ名 PEnabled7(xText1) が不正です。
行 437: ﾌﾟﾛﾊﾟﾃｨ名 PHidden7(xText1) が不正です。
行 438: ﾌﾟﾛﾊﾟﾃｨ名 PSeparator7(xText1) が不正です。
行 439: ﾌﾟﾛﾊﾟﾃｨ名 PMenuCaption8(xText1) が不正です。
行 440: ﾌﾟﾛﾊﾟﾃｨ名 PEnabled8(xText1) が不正です。
行 441: ﾌﾟﾛﾊﾟﾃｨ名 PHidden8(xText1) が不正です。
行 442: ﾌﾟﾛﾊﾟﾃｨ名 PSeparator8(xText1) が不正です。
行 443: ﾌﾟﾛﾊﾟﾃｨ名 PMenuCaption9(xText1) が不正です。
行 444: ﾌﾟﾛﾊﾟﾃｨ名 PEnabled9(xText1) が不正です。
行 445: ﾌﾟﾛﾊﾟﾃｨ名 PHidden9(xText1) が不正です。
行 446: ﾌﾟﾛﾊﾟﾃｨ名 PSeparator9(xText1) が不正です。
行 447: ﾌﾟﾛﾊﾟﾃｨ名 PMenuCaption10(xText1) が不正です。
行 448: ﾌﾟﾛﾊﾟﾃｨ名 PEnabled10(xText1) が不正です。
行 449: ﾌﾟﾛﾊﾟﾃｨ名 PHidden10(xText1) が不正です。
行 450: ﾌﾟﾛﾊﾟﾃｨ名 PSeparator10(xText1) が不正です。
行 451: ﾌﾟﾛﾊﾟﾃｨ名 PMenuCaption11(xText1) が不正です。
行 452: ﾌﾟﾛﾊﾟﾃｨ名 PEnabled11(xText1) が不正です。
行 453: ﾌﾟﾛﾊﾟﾃｨ名 PHidden11(xText1) が不正です。
行 454: ﾌﾟﾛﾊﾟﾃｨ名 PSeparator11(xText1) が不正です。
行 455: ﾌﾟﾛﾊﾟﾃｨ名 PMenuCaption12(xText1) が不正です。
行 456: ﾌﾟﾛﾊﾟﾃｨ名 PEnabled12(xText1) が不正です。
行 457: ﾌﾟﾛﾊﾟﾃｨ名 PHidden12(xText1) が不正です。
行 458: ﾌﾟﾛﾊﾟﾃｨ名 PSeparator12(xText1) が不正です。
行 459: ﾌﾟﾛﾊﾟﾃｨ名 PMenuCaption13(xText1) が不正です。
行 460: ﾌﾟﾛﾊﾟﾃｨ名 PEnabled13(xText1) が不正です。
行 461: ﾌﾟﾛﾊﾟﾃｨ名 PHidden13(xText1) が不正です。
行 462: ﾌﾟﾛﾊﾟﾃｨ名 PSeparator13(xText1) が不正です。
行 463: ﾌﾟﾛﾊﾟﾃｨ名 PMenuCaption14(xText1) が不正です。
行 464: ﾌﾟﾛﾊﾟﾃｨ名 PEnabled14(xText1) が不正です。
行 465: ﾌﾟﾛﾊﾟﾃｨ名 PHidden14(xText1) が不正です。
行 466: ﾌﾟﾛﾊﾟﾃｨ名 PSeparator14(xText1) が不正です。
行 467: ﾌﾟﾛﾊﾟﾃｨ名 PMenuCaption15(xText1) が不正です。
行 468: ﾌﾟﾛﾊﾟﾃｨ名 PEnabled15(xText1) が不正です。
行 469: ﾌﾟﾛﾊﾟﾃｨ名 PHidden15(xText1) が不正です。
行 470: ﾌﾟﾛﾊﾟﾃｨ名 PSeparator15(xText1) が不正です。
行 471: ﾌﾟﾛﾊﾟﾃｨ名 PMenuCaption16(xText1) が不正です。
行 472: ﾌﾟﾛﾊﾟﾃｨ名 PEnabled16(xText1) が不正です。
行 473: ﾌﾟﾛﾊﾟﾃｨ名 PHidden16(xText1) が不正です。
行 474: ﾌﾟﾛﾊﾟﾃｨ名 PSeparator16(xText1) が不正です。
行 475: ﾌﾟﾛﾊﾟﾃｨ名 PMenuCaption17(xText1) が不正です。
行 476: ﾌﾟﾛﾊﾟﾃｨ名 PEnabled17(xText1) が不正です。
行 477: ﾌﾟﾛﾊﾟﾃｨ名 PHidden17(xText1) が不正です。
行 478: ﾌﾟﾛﾊﾟﾃｨ名 PSeparator17(xText1) が不正です。
行 479: ﾌﾟﾛﾊﾟﾃｨ名 PMenuCaption18(xText1) が不正です。
行 480: ﾌﾟﾛﾊﾟﾃｨ名 PEnabled18(xText1) が不正です。
行 481: ﾌﾟﾛﾊﾟﾃｨ名 PHidden18(xText1) が不正です。
行 482: ﾌﾟﾛﾊﾟﾃｨ名 PSeparator18(xText1) が不正です。
行 483: ﾌﾟﾛﾊﾟﾃｨ名 PMenuCaption19(xText1) が不正です。
行 484: ﾌﾟﾛﾊﾟﾃｨ名 PEnabled19(xText1) が不正です。
行 485: ﾌﾟﾛﾊﾟﾃｨ名 PHidden19(xText1) が不正です。
行 486: ﾌﾟﾛﾊﾟﾃｨ名 PSeparator19(xText1) が不正です。
行 495: ﾌﾟﾛﾊﾟﾃｨ名 _Version(xText1) が不正です。
行 496: ﾌﾟﾛﾊﾟﾃｨ名 _ExtentX(xText1) が不正です。
行 497: ﾌﾟﾛﾊﾟﾃｨ名 _ExtentY(xText1) が不正です。
行 498: ﾌﾟﾛﾊﾟﾃｨ名 _StockProps(xText1) が不正です。
行 508: ﾌﾟﾛﾊﾟﾃｨ名 Text(xText1) が不正です。
行 509: ﾌﾟﾛﾊﾟﾃｨ名 InputAlignmentH(xText1) が不正です。
行 510: ﾌﾟﾛﾊﾟﾃｨ名 AlignmentH(xText1) が不正です。
行 511: ﾌﾟﾛﾊﾟﾃｨ名 Caption(xText1) が不正です。
行 520: ﾌﾟﾛﾊﾟﾃｨ名 CaptionFont(xText1) が不正です。
行 521: ﾌﾟﾛﾊﾟﾃｨ名 CaptionRatio(xText1) が不正です。
行 522: ﾌﾟﾛﾊﾟﾃｨ名 TreatEnterAsTab(xText1) が不正です。
行 523: ﾌﾟﾛﾊﾟﾃｨ名 PMenuCaption0(xText1) が不正です。
行 524: ﾌﾟﾛﾊﾟﾃｨ名 PEnabled0(xText1) が不正です。
行 525: ﾌﾟﾛﾊﾟﾃｨ名 PHidden0(xText1) が不正です。
行 526: ﾌﾟﾛﾊﾟﾃｨ名 PSeparator0(xText1) が不正です。
行 527: ﾌﾟﾛﾊﾟﾃｨ名 PMenuCaption1(xText1) が不正です。
行 528: ﾌﾟﾛﾊﾟﾃｨ名 PEnabled1(xText1) が不正です。
行 529: ﾌﾟﾛﾊﾟﾃｨ名 PHidden1(xText1) が不正です。
行 530: ﾌﾟﾛﾊﾟﾃｨ名 PSeparator1(xText1) が不正です。
行 531: ﾌﾟﾛﾊﾟﾃｨ名 PMenuCaption2(xText1) が不正です。
行 532: ﾌﾟﾛﾊﾟﾃｨ名 PEnabled2(xText1) が不正です。
行 533: ﾌﾟﾛﾊﾟﾃｨ名 PHidden2(xText1) が不正です。
行 534: ﾌﾟﾛﾊﾟﾃｨ名 PSeparator2(xText1) が不正です。
行 535: ﾌﾟﾛﾊﾟﾃｨ名 PMenuCaption3(xText1) が不正です。
行 536: ﾌﾟﾛﾊﾟﾃｨ名 PEnabled3(xText1) が不正です。
行 537: ﾌﾟﾛﾊﾟﾃｨ名 PHidden3(xText1) が不正です。
行 538: ﾌﾟﾛﾊﾟﾃｨ名 PSeparator3(xText1) が不正です。
行 539: ﾌﾟﾛﾊﾟﾃｨ名 PMenuCaption4(xText1) が不正です。
行 540: ﾌﾟﾛﾊﾟﾃｨ名 PEnabled4(xText1) が不正です。
行 541: ﾌﾟﾛﾊﾟﾃｨ名 PHidden4(xText1) が不正です。
行 542: ﾌﾟﾛﾊﾟﾃｨ名 PSeparator4(xText1) が不正です。
行 543: ﾌﾟﾛﾊﾟﾃｨ名 PMenuCaption5(xText1) が不正です。
行 544: ﾌﾟﾛﾊﾟﾃｨ名 PEnabled5(xText1) が不正です。
行 545: ﾌﾟﾛﾊﾟﾃｨ名 PHidden5(xText1) が不正です。
行 546: ﾌﾟﾛﾊﾟﾃｨ名 PSeparator5(xText1) が不正です。
行 547: ﾌﾟﾛﾊﾟﾃｨ名 PMenuCaption6(xText1) が不正です。
行 548: ﾌﾟﾛﾊﾟﾃｨ名 PEnabled6(xText1) が不正です。
行 549: ﾌﾟﾛﾊﾟﾃｨ名 PHidden6(xText1) が不正です。
行 550: ﾌﾟﾛﾊﾟﾃｨ名 PSeparator6(xText1) が不正です。
行 551: ﾌﾟﾛﾊﾟﾃｨ名 PMenuCaption7(xText1) が不正です。
行 552: ﾌﾟﾛﾊﾟﾃｨ名 PEnabled7(xText1) が不正です。
行 553: ﾌﾟﾛﾊﾟﾃｨ名 PHidden7(xText1) が不正です。
行 554: ﾌﾟﾛﾊﾟﾃｨ名 PSeparator7(xText1) が不正です。
行 555: ﾌﾟﾛﾊﾟﾃｨ名 PMenuCaption8(xText1) が不正です。
行 556: ﾌﾟﾛﾊﾟﾃｨ名 PEnabled8(xText1) が不正です。
行 557: ﾌﾟﾛﾊﾟﾃｨ名 PHidden8(xText1) が不正です。
行 558: ﾌﾟﾛﾊﾟﾃｨ名 PSeparator8(xText1) が不正です。
行 559: ﾌﾟﾛﾊﾟﾃｨ名 PMenuCaption9(xText1) が不正です。
行 560: ﾌﾟﾛﾊﾟﾃｨ名 PEnabled9(xText1) が不正です。
行 561: ﾌﾟﾛﾊﾟﾃｨ名 PHidden9(xText1) が不正です。
行 562: ﾌﾟﾛﾊﾟﾃｨ名 PSeparator9(xText1) が不正です。
行 563: ﾌﾟﾛﾊﾟﾃｨ名 PMenuCaption10(xText1) が不正です。
行 564: ﾌﾟﾛﾊﾟﾃｨ名 PEnabled10(xText1) が不正です。
行 565: ﾌﾟﾛﾊﾟﾃｨ名 PHidden10(xText1) が不正です。
行 566: ﾌﾟﾛﾊﾟﾃｨ名 PSeparator10(xText1) が不正です。
行 567: ﾌﾟﾛﾊﾟﾃｨ名 PMenuCaption11(xText1) が不正です。
行 568: ﾌﾟﾛﾊﾟﾃｨ名 PEnabled11(xText1) が不正です。
行 569: ﾌﾟﾛﾊﾟﾃｨ名 PHidden11(xText1) が不正です。
行 570: ﾌﾟﾛﾊﾟﾃｨ名 PSeparator11(xText1) が不正です。
行 571: ﾌﾟﾛﾊﾟﾃｨ名 PMenuCaption12(xText1) が不正です。
行 572: ﾌﾟﾛﾊﾟﾃｨ名 PEnabled12(xText1) が不正です。
行 573: ﾌﾟﾛﾊﾟﾃｨ名 PHidden12(xText1) が不正です。
行 574: ﾌﾟﾛﾊﾟﾃｨ名 PSeparator12(xText1) が不正です。
行 575: ﾌﾟﾛﾊﾟﾃｨ名 PMenuCaption13(xText1) が不正です。
行 576: ﾌﾟﾛﾊﾟﾃｨ名 PEnabled13(xText1) が不正です。
行 577: ﾌﾟﾛﾊﾟﾃｨ名 PHidden13(xText1) が不正です。
行 578: ﾌﾟﾛﾊﾟﾃｨ名 PSeparator13(xText1) が不正です。
行 579: ﾌﾟﾛﾊﾟﾃｨ名 PMenuCaption14(xText1) が不正です。
行 580: ﾌﾟﾛﾊﾟﾃｨ名 PEnabled14(xText1) が不正です。
行 581: ﾌﾟﾛﾊﾟﾃｨ名 PHidden14(xText1) が不正です。
行 582: ﾌﾟﾛﾊﾟﾃｨ名 PSeparator14(xText1) が不正です。
行 583: ﾌﾟﾛﾊﾟﾃｨ名 PMenuCaption15(xText1) が不正です。
行 584: ﾌﾟﾛﾊﾟﾃｨ名 PEnabled15(xText1) が不正です。
行 585: ﾌﾟﾛﾊﾟﾃｨ名 PHidden15(xText1) が不正です。
行 586: ﾌﾟﾛﾊﾟﾃｨ名 PSeparator15(xText1) が不正です。
行 587: ﾌﾟﾛﾊﾟﾃｨ名 PMenuCaption16(xText1) が不正です。
行 588: ﾌﾟﾛﾊﾟﾃｨ名 PEnabled16(xText1) が不正です。
行 589: ﾌﾟﾛﾊﾟﾃｨ名 PHidden16(xText1) が不正です。
行 590: ﾌﾟﾛﾊﾟﾃｨ名 PSeparator16(xText1) が不正です。
行 591: ﾌﾟﾛﾊﾟﾃｨ名 PMenuCaption17(xText1) が不正です。
行 592: ﾌﾟﾛﾊﾟﾃｨ名 PEnabled17(xText1) が不正です。
行 593: ﾌﾟﾛﾊﾟﾃｨ名 PHidden17(xText1) が不正です。
行 594: ﾌﾟﾛﾊﾟﾃｨ名 PSeparator17(xText1) が不正です。
行 595: ﾌﾟﾛﾊﾟﾃｨ名 PMenuCaption18(xText1) が不正です。
行 596: ﾌﾟﾛﾊﾟﾃｨ名 PEnabled18(xText1) が不正です。
行 597: ﾌﾟﾛﾊﾟﾃｨ名 PHidden18(xText1) が不正です。
行 598: ﾌﾟﾛﾊﾟﾃｨ名 PSeparator18(xText1) が不正です。
行 599: ﾌﾟﾛﾊﾟﾃｨ名 PMenuCaption19(xText1) が不正です。
行 600: ﾌﾟﾛﾊﾟﾃｨ名 PEnabled19(xText1) が不正です。
行 601: ﾌﾟﾛﾊﾟﾃｨ名 PHidden19(xText1) が不正です。
行 602: ﾌﾟﾛﾊﾟﾃｨ名 PSeparator19(xText1) が不正です。
行 611: ﾌﾟﾛﾊﾟﾃｨ名 _Version(xText1) が不正です。
行 612: ﾌﾟﾛﾊﾟﾃｨ名 _ExtentX(xText1) が不正です。
行 613: ﾌﾟﾛﾊﾟﾃｨ名 _ExtentY(xText1) が不正です。
行 614: ﾌﾟﾛﾊﾟﾃｨ名 _StockProps(xText1) が不正です。
行 624: ﾌﾟﾛﾊﾟﾃｨ名 InputAlignmentH(xText1) が不正です。
行 625: ﾌﾟﾛﾊﾟﾃｨ名 AlignmentH(xText1) が不正です。
行 626: ﾌﾟﾛﾊﾟﾃｨ名 Caption(xText1) が不正です。
行 635: ﾌﾟﾛﾊﾟﾃｨ名 CaptionFont(xText1) が不正です。
行 636: ﾌﾟﾛﾊﾟﾃｨ名 CaptionRatio(xText1) が不正です。
行 637: ﾌﾟﾛﾊﾟﾃｨ名 TreatEnterAsTab(xText1) が不正です。
行 638: ﾌﾟﾛﾊﾟﾃｨ名 PMenuCaption0(xText1) が不正です。
行 639: ﾌﾟﾛﾊﾟﾃｨ名 PEnabled0(xText1) が不正です。
行 640: ﾌﾟﾛﾊﾟﾃｨ名 PHidden0(xText1) が不正です。
行 641: ﾌﾟﾛﾊﾟﾃｨ名 PSeparator0(xText1) が不正です。
行 642: ﾌﾟﾛﾊﾟﾃｨ名 PMenuCaption1(xText1) が不正です。
行 643: ﾌﾟﾛﾊﾟﾃｨ名 PEnabled1(xText1) が不正です。
行 644: ﾌﾟﾛﾊﾟﾃｨ名 PHidden1(xText1) が不正です。
行 645: ﾌﾟﾛﾊﾟﾃｨ名 PSeparator1(xText1) が不正です。
行 646: ﾌﾟﾛﾊﾟﾃｨ名 PMenuCaption2(xText1) が不正です。
行 647: ﾌﾟﾛﾊﾟﾃｨ名 PEnabled2(xText1) が不正です。
行 648: ﾌﾟﾛﾊﾟﾃｨ名 PHidden2(xText1) が不正です。
行 649: ﾌﾟﾛﾊﾟﾃｨ名 PSeparator2(xText1) が不正です。
行 650: ﾌﾟﾛﾊﾟﾃｨ名 PMenuCaption3(xText1) が不正です。
行 651: ﾌﾟﾛﾊﾟﾃｨ名 PEnabled3(xText1) が不正です。
行 652: ﾌﾟﾛﾊﾟﾃｨ名 PHidden3(xText1) が不正です。
行 653: ﾌﾟﾛﾊﾟﾃｨ名 PSeparator3(xText1) が不正です。
行 654: ﾌﾟﾛﾊﾟﾃｨ名 PMenuCaption4(xText1) が不正です。
行 655: ﾌﾟﾛﾊﾟﾃｨ名 PEnabled4(xText1) が不正です。
行 656: ﾌﾟﾛﾊﾟﾃｨ名 PHidden4(xText1) が不正です。
行 657: ﾌﾟﾛﾊﾟﾃｨ名 PSeparator4(xText1) が不正です。
行 658: ﾌﾟﾛﾊﾟﾃｨ名 PMenuCaption5(xText1) が不正です。
行 659: ﾌﾟﾛﾊﾟﾃｨ名 PEnabled5(xText1) が不正です。
行 660: ﾌﾟﾛﾊﾟﾃｨ名 PHidden5(xText1) が不正です。
行 661: ﾌﾟﾛﾊﾟﾃｨ名 PSeparator5(xText1) が不正です。
行 662: ﾌﾟﾛﾊﾟﾃｨ名 PMenuCaption6(xText1) が不正です。
行 663: ﾌﾟﾛﾊﾟﾃｨ名 PEnabled6(xText1) が不正です。
行 664: ﾌﾟﾛﾊﾟﾃｨ名 PHidden6(xText1) が不正です。
行 665: ﾌﾟﾛﾊﾟﾃｨ名 PSeparator6(xText1) が不正です。
行 666: ﾌﾟﾛﾊﾟﾃｨ名 PMenuCaption7(xText1) が不正です。
行 667: ﾌﾟﾛﾊﾟﾃｨ名 PEnabled7(xText1) が不正です。
行 668: ﾌﾟﾛﾊﾟﾃｨ名 PHidden7(xText1) が不正です。
行 669: ﾌﾟﾛﾊﾟﾃｨ名 PSeparator7(xText1) が不正です。
行 670: ﾌﾟﾛﾊﾟﾃｨ名 PMenuCaption8(xText1) が不正です。
行 671: ﾌﾟﾛﾊﾟﾃｨ名 PEnabled8(xText1) が不正です。
行 672: ﾌﾟﾛﾊﾟﾃｨ名 PHidden8(xText1) が不正です。
行 673: ﾌﾟﾛﾊﾟﾃｨ名 PSeparator8(xText1) が不正です。
行 674: ﾌﾟﾛﾊﾟﾃｨ名 PMenuCaption9(xText1) が不正です。
行 675: ﾌﾟﾛﾊﾟﾃｨ名 PEnabled9(xText1) が不正です。
行 676: ﾌﾟﾛﾊﾟﾃｨ名 PHidden9(xText1) が不正です。
行 677: ﾌﾟﾛﾊﾟﾃｨ名 PSeparator9(xText1) が不正です。
行 678: ﾌﾟﾛﾊﾟﾃｨ名 PMenuCaption10(xText1) が不正です。
行 679: ﾌﾟﾛﾊﾟﾃｨ名 PEnabled10(xText1) が不正です。
行 680: ﾌﾟﾛﾊﾟﾃｨ名 PHidden10(xText1) が不正です。
行 681: ﾌﾟﾛﾊﾟﾃｨ名 PSeparator10(xText1) が不正です。
行 682: ﾌﾟﾛﾊﾟﾃｨ名 PMenuCaption11(xText1) が不正です。
行 683: ﾌﾟﾛﾊﾟﾃｨ名 PEnabled11(xText1) が不正です。
行 684: ﾌﾟﾛﾊﾟﾃｨ名 PHidden11(xText1) が不正です。
行 685: ﾌﾟﾛﾊﾟﾃｨ名 PSeparator11(xText1) が不正です。
行 686: ﾌﾟﾛﾊﾟﾃｨ名 PMenuCaption12(xText1) が不正です。
行 687: ﾌﾟﾛﾊﾟﾃｨ名 PEnabled12(xText1) が不正です。
行 688: ﾌﾟﾛﾊﾟﾃｨ名 PHidden12(xText1) が不正です。
行 689: ﾌﾟﾛﾊﾟﾃｨ名 PSeparator12(xText1) が不正です。
行 690: ﾌﾟﾛﾊﾟﾃｨ名 PMenuCaption13(xText1) が不正です。
行 691: ﾌﾟﾛﾊﾟﾃｨ名 PEnabled13(xText1) が不正です。
行 692: ﾌﾟﾛﾊﾟﾃｨ名 PHidden13(xText1) が不正です。
行 693: ﾌﾟﾛﾊﾟﾃｨ名 PSeparator13(xText1) が不正です。
行 694: ﾌﾟﾛﾊﾟﾃｨ名 PMenuCaption14(xText1) が不正です。
行 695: ﾌﾟﾛﾊﾟﾃｨ名 PEnabled14(xText1) が不正です。
行 696: ﾌﾟﾛﾊﾟﾃｨ名 PHidden14(xText1) が不正です。
行 697: ﾌﾟﾛﾊﾟﾃｨ名 PSeparator14(xText1) が不正です。
行 698: ﾌﾟﾛﾊﾟﾃｨ名 PMenuCaption15(xText1) が不正です。
行 699: ﾌﾟﾛﾊﾟﾃｨ名 PEnabled15(xText1) が不正です。
行 700: ﾌﾟﾛﾊﾟﾃｨ名 PHidden15(xText1) が不正です。
行 701: ﾌﾟﾛﾊﾟﾃｨ名 PSeparator15(xText1) が不正です。
行 702: ﾌﾟﾛﾊﾟﾃｨ名 PMenuCaption16(xText1) が不正です。
行 703: ﾌﾟﾛﾊﾟﾃｨ名 PEnabled16(xText1) が不正です。
行 704: ﾌﾟﾛﾊﾟﾃｨ名 PHidden16(xText1) が不正です。
行 705: ﾌﾟﾛﾊﾟﾃｨ名 PSeparator16(xText1) が不正です。
行 706: ﾌﾟﾛﾊﾟﾃｨ名 PMenuCaption17(xText1) が不正です。
行 707: ﾌﾟﾛﾊﾟﾃｨ名 PEnabled17(xText1) が不正です。
行 708: ﾌﾟﾛﾊﾟﾃｨ名 PHidden17(xText1) が不正です。
行 709: ﾌﾟﾛﾊﾟﾃｨ名 PSeparator17(xText1) が不正です。
行 710: ﾌﾟﾛﾊﾟﾃｨ名 PMenuCaption18(xText1) が不正です。
行 711: ﾌﾟﾛﾊﾟﾃｨ名 PEnabled18(xText1) が不正です。
行 712: ﾌﾟﾛﾊﾟﾃｨ名 PHidden18(xText1) が不正です。
行 713: ﾌﾟﾛﾊﾟﾃｨ名 PSeparator18(xText1) が不正です。
行 714: ﾌﾟﾛﾊﾟﾃｨ名 PMenuCaption19(xText1) が不正です。
行 715: ﾌﾟﾛﾊﾟﾃｨ名 PEnabled19(xText1) が不正です。
行 716: ﾌﾟﾛﾊﾟﾃｨ名 PHidden19(xText1) が不正です。
行 717: ﾌﾟﾛﾊﾟﾃｨ名 PSeparator19(xText1) が不正です。
行 726: ﾌﾟﾛﾊﾟﾃｨ名 _Version(xText1) が不正です。
行 727: ﾌﾟﾛﾊﾟﾃｨ名 _ExtentX(xText1) が不正です。
行 728: ﾌﾟﾛﾊﾟﾃｨ名 _ExtentY(xText1) が不正です。
行 729: ﾌﾟﾛﾊﾟﾃｨ名 _StockProps(xText1) が不正です。
行 739: ﾌﾟﾛﾊﾟﾃｨ名 InputAlignmentH(xText1) が不正です。
行 740: ﾌﾟﾛﾊﾟﾃｨ名 AlignmentH(xText1) が不正です。
行 741: ﾌﾟﾛﾊﾟﾃｨ名 Caption(xText1) が不正です。
行 750: ﾌﾟﾛﾊﾟﾃｨ名 CaptionFont(xText1) が不正です。
行 751: ﾌﾟﾛﾊﾟﾃｨ名 CaptionRatio(xText1) が不正です。
行 752: ﾌﾟﾛﾊﾟﾃｨ名 TreatEnterAsTab(xText1) が不正です。
行 753: ﾌﾟﾛﾊﾟﾃｨ名 PMenuCaption0(xText1) が不正です。
行 754: ﾌﾟﾛﾊﾟﾃｨ名 PEnabled0(xText1) が不正です。
行 755: ﾌﾟﾛﾊﾟﾃｨ名 PHidden0(xText1) が不正です。
行 756: ﾌﾟﾛﾊﾟﾃｨ名 PSeparator0(xText1) が不正です。
行 757: ﾌﾟﾛﾊﾟﾃｨ名 PMenuCaption1(xText1) が不正です。
行 758: ﾌﾟﾛﾊﾟﾃｨ名 PEnabled1(xText1) が不正です。
行 759: ﾌﾟﾛﾊﾟﾃｨ名 PHidden1(xText1) が不正です。
行 760: ﾌﾟﾛﾊﾟﾃｨ名 PSeparator1(xText1) が不正です。
行 761: ﾌﾟﾛﾊﾟﾃｨ名 PMenuCaption2(xText1) が不正です。
行 762: ﾌﾟﾛﾊﾟﾃｨ名 PEnabled2(xText1) が不正です。
行 763: ﾌﾟﾛﾊﾟﾃｨ名 PHidden2(xText1) が不正です。
行 764: ﾌﾟﾛﾊﾟﾃｨ名 PSeparator2(xText1) が不正です。
行 765: ﾌﾟﾛﾊﾟﾃｨ名 PMenuCaption3(xText1) が不正です。
行 766: ﾌﾟﾛﾊﾟﾃｨ名 PEnabled3(xText1) が不正です。
行 767: ﾌﾟﾛﾊﾟﾃｨ名 PHidden3(xText1) が不正です。
行 768: ﾌﾟﾛﾊﾟﾃｨ名 PSeparator3(xText1) が不正です。
行 769: ﾌﾟﾛﾊﾟﾃｨ名 PMenuCaption4(xText1) が不正です。
行 770: ﾌﾟﾛﾊﾟﾃｨ名 PEnabled4(xText1) が不正です。
行 771: ﾌﾟﾛﾊﾟﾃｨ名 PHidden4(xText1) が不正です。
行 772: ﾌﾟﾛﾊﾟﾃｨ名 PSeparator4(xText1) が不正です。
行 773: ﾌﾟﾛﾊﾟﾃｨ名 PMenuCaption5(xText1) が不正です。
行 774: ﾌﾟﾛﾊﾟﾃｨ名 PEnabled5(xText1) が不正です。
行 775: ﾌﾟﾛﾊﾟﾃｨ名 PHidden5(xText1) が不正です。
行 776: ﾌﾟﾛﾊﾟﾃｨ名 PSeparator5(xText1) が不正です。
行 777: ﾌﾟﾛﾊﾟﾃｨ名 PMenuCaption6(xText1) が不正です。
行 778: ﾌﾟﾛﾊﾟﾃｨ名 PEnabled6(xText1) が不正です。
行 779: ﾌﾟﾛﾊﾟﾃｨ名 PHidden6(xText1) が不正です。
行 780: ﾌﾟﾛﾊﾟﾃｨ名 PSeparator6(xText1) が不正です。
行 781: ﾌﾟﾛﾊﾟﾃｨ名 PMenuCaption7(xText1) が不正です。
行 782: ﾌﾟﾛﾊﾟﾃｨ名 PEnabled7(xText1) が不正です。
行 783: ﾌﾟﾛﾊﾟﾃｨ名 PHidden7(xText1) が不正です。
行 784: ﾌﾟﾛﾊﾟﾃｨ名 PSeparator7(xText1) が不正です。
行 785: ﾌﾟﾛﾊﾟﾃｨ名 PMenuCaption8(xText1) が不正です。
行 786: ﾌﾟﾛﾊﾟﾃｨ名 PEnabled8(xText1) が不正です。
行 787: ﾌﾟﾛﾊﾟﾃｨ名 PHidden8(xText1) が不正です。
行 788: ﾌﾟﾛﾊﾟﾃｨ名 PSeparator8(xText1) が不正です。
行 789: ﾌﾟﾛﾊﾟﾃｨ名 PMenuCaption9(xText1) が不正です。
行 790: ﾌﾟﾛﾊﾟﾃｨ名 PEnabled9(xText1) が不正です。
行 791: ﾌﾟﾛﾊﾟﾃｨ名 PHidden9(xText1) が不正です。
行 792: ﾌﾟﾛﾊﾟﾃｨ名 PSeparator9(xText1) が不正です。
行 793: ﾌﾟﾛﾊﾟﾃｨ名 PMenuCaption10(xText1) が不正です。
行 794: ﾌﾟﾛﾊﾟﾃｨ名 PEnabled10(xText1) が不正です。
行 795: ﾌﾟﾛﾊﾟﾃｨ名 PHidden10(xText1) が不正です。
行 796: ﾌﾟﾛﾊﾟﾃｨ名 PSeparator10(xText1) が不正です。
行 797: ﾌﾟﾛﾊﾟﾃｨ名 PMenuCaption11(xText1) が不正です。
行 798: ﾌﾟﾛﾊﾟﾃｨ名 PEnabled11(xText1) が不正です。
行 799: ﾌﾟﾛﾊﾟﾃｨ名 PHidden11(xText1) が不正です。
行 800: ﾌﾟﾛﾊﾟﾃｨ名 PSeparator11(xText1) が不正です。
行 801: ﾌﾟﾛﾊﾟﾃｨ名 PMenuCaption12(xText1) が不正です。
行 802: ﾌﾟﾛﾊﾟﾃｨ名 PEnabled12(xText1) が不正です。
行 803: ﾌﾟﾛﾊﾟﾃｨ名 PHidden12(xText1) が不正です。
行 804: ﾌﾟﾛﾊﾟﾃｨ名 PSeparator12(xText1) が不正です。
行 805: ﾌﾟﾛﾊﾟﾃｨ名 PMenuCaption13(xText1) が不正です。
行 806: ﾌﾟﾛﾊﾟﾃｨ名 PEnabled13(xText1) が不正です。
行 807: ﾌﾟﾛﾊﾟﾃｨ名 PHidden13(xText1) が不正です。
行 808: ﾌﾟﾛﾊﾟﾃｨ名 PSeparator13(xText1) が不正です。
行 809: ﾌﾟﾛﾊﾟﾃｨ名 PMenuCaption14(xText1) が不正です。
行 810: ﾌﾟﾛﾊﾟﾃｨ名 PEnabled14(xText1) が不正です。
行 811: ﾌﾟﾛﾊﾟﾃｨ名 PHidden14(xText1) が不正です。
行 812: ﾌﾟﾛﾊﾟﾃｨ名 PSeparator14(xText1) が不正です。
行 813: ﾌﾟﾛﾊﾟﾃｨ名 PMenuCaption15(xText1) が不正です。
行 814: ﾌﾟﾛﾊﾟﾃｨ名 PEnabled15(xText1) が不正です。
行 815: ﾌﾟﾛﾊﾟﾃｨ名 PHidden15(xText1) が不正です。
行 816: ﾌﾟﾛﾊﾟﾃｨ名 PSeparator15(xText1) が不正です。
行 817: ﾌﾟﾛﾊﾟﾃｨ名 PMenuCaption16(xText1) が不正です。
行 818: ﾌﾟﾛﾊﾟﾃｨ名 PEnabled16(xText1) が不正です。
行 819: ﾌﾟﾛﾊﾟﾃｨ名 PHidden16(xText1) が不正です。
行 820: ﾌﾟﾛﾊﾟﾃｨ名 PSeparator16(xText1) が不正です。
行 821: ﾌﾟﾛﾊﾟﾃｨ名 PMenuCaption17(xText1) が不正です。
行 822: ﾌﾟﾛﾊﾟﾃｨ名 PEnabled17(xText1) が不正です。
行 823: ﾌﾟﾛﾊﾟﾃｨ名 PHidden17(xText1) が不正です。
行 824: ﾌﾟﾛﾊﾟﾃｨ名 PSeparator17(xText1) が不正です。
行 825: ﾌﾟﾛﾊﾟﾃｨ名 PMenuCaption18(xText1) が不正です。
行 826: ﾌﾟﾛﾊﾟﾃｨ名 PEnabled18(xText1) が不正です。
行 827: ﾌﾟﾛﾊﾟﾃｨ名 PHidden18(xText1) が不正です。
行 828: ﾌﾟﾛﾊﾟﾃｨ名 PSeparator18(xText1) が不正です。
行 829: ﾌﾟﾛﾊﾟﾃｨ名 PMenuCaption19(xText1) が不正です。
行 830: ﾌﾟﾛﾊﾟﾃｨ名 PEnabled19(xText1) が不正です。
行 831: ﾌﾟﾛﾊﾟﾃｨ名 PHidden19(xText1) が不正です。
行 832: ﾌﾟﾛﾊﾟﾃｨ名 PSeparator19(xText1) が不正です。
行 841: ﾌﾟﾛﾊﾟﾃｨ名 _Version(xText1) が不正です。
行 842: ﾌﾟﾛﾊﾟﾃｨ名 _ExtentX(xText1) が不正です。
行 843: ﾌﾟﾛﾊﾟﾃｨ名 _ExtentY(xText1) が不正です。
行 844: ﾌﾟﾛﾊﾟﾃｨ名 _StockProps(xText1) が不正です。
行 854: ﾌﾟﾛﾊﾟﾃｨ名 InputAlignmentH(xText1) が不正です。
行 855: ﾌﾟﾛﾊﾟﾃｨ名 AlignmentH(xText1) が不正です。
行 856: ﾌﾟﾛﾊﾟﾃｨ名 Caption(xText1) が不正です。
行 865: ﾌﾟﾛﾊﾟﾃｨ名 CaptionFont(xText1) が不正です。
行 866: ﾌﾟﾛﾊﾟﾃｨ名 CaptionRatio(xText1) が不正です。
行 867: ﾌﾟﾛﾊﾟﾃｨ名 TreatEnterAsTab(xText1) が不正です。
行 868: ﾌﾟﾛﾊﾟﾃｨ名 PMenuCaption0(xText1) が不正です。
行 869: ﾌﾟﾛﾊﾟﾃｨ名 PEnabled0(xText1) が不正です。
行 870: ﾌﾟﾛﾊﾟﾃｨ名 PHidden0(xText1) が不正です。
行 871: ﾌﾟﾛﾊﾟﾃｨ名 PSeparator0(xText1) が不正です。
行 872: ﾌﾟﾛﾊﾟﾃｨ名 PMenuCaption1(xText1) が不正です。
行 873: ﾌﾟﾛﾊﾟﾃｨ名 PEnabled1(xText1) が不正です。
行 874: ﾌﾟﾛﾊﾟﾃｨ名 PHidden1(xText1) が不正です。
行 875: ﾌﾟﾛﾊﾟﾃｨ名 PSeparator1(xText1) が不正です。
行 876: ﾌﾟﾛﾊﾟﾃｨ名 PMenuCaption2(xText1) が不正です。
行 877: ﾌﾟﾛﾊﾟﾃｨ名 PEnabled2(xText1) が不正です。
行 878: ﾌﾟﾛﾊﾟﾃｨ名 PHidden2(xText1) が不正です。
行 879: ﾌﾟﾛﾊﾟﾃｨ名 PSeparator2(xText1) が不正です。
行 880: ﾌﾟﾛﾊﾟﾃｨ名 PMenuCaption3(xText1) が不正です。
行 881: ﾌﾟﾛﾊﾟﾃｨ名 PEnabled3(xText1) が不正です。
行 882: ﾌﾟﾛﾊﾟﾃｨ名 PHidden3(xText1) が不正です。
行 883: ﾌﾟﾛﾊﾟﾃｨ名 PSeparator3(xText1) が不正です。
行 884: ﾌﾟﾛﾊﾟﾃｨ名 PMenuCaption4(xText1) が不正です。
行 885: ﾌﾟﾛﾊﾟﾃｨ名 PEnabled4(xText1) が不正です。
行 886: ﾌﾟﾛﾊﾟﾃｨ名 PHidden4(xText1) が不正です。
行 887: ﾌﾟﾛﾊﾟﾃｨ名 PSeparator4(xText1) が不正です。
行 888: ﾌﾟﾛﾊﾟﾃｨ名 PMenuCaption5(xText1) が不正です。
行 889: ﾌﾟﾛﾊﾟﾃｨ名 PEnabled5(xText1) が不正です。
行 890: ﾌﾟﾛﾊﾟﾃｨ名 PHidden5(xText1) が不正です。
行 891: ﾌﾟﾛﾊﾟﾃｨ名 PSeparator5(xText1) が不正です。
行 892: ﾌﾟﾛﾊﾟﾃｨ名 PMenuCaption6(xText1) が不正です。
行 893: ﾌﾟﾛﾊﾟﾃｨ名 PEnabled6(xText1) が不正です。
行 894: ﾌﾟﾛﾊﾟﾃｨ名 PHidden6(xText1) が不正です。
行 895: ﾌﾟﾛﾊﾟﾃｨ名 PSeparator6(xText1) が不正です。
行 896: ﾌﾟﾛﾊﾟﾃｨ名 PMenuCaption7(xText1) が不正です。
行 897: ﾌﾟﾛﾊﾟﾃｨ名 PEnabled7(xText1) が不正です。
行 898: ﾌﾟﾛﾊﾟﾃｨ名 PHidden7(xText1) が不正です。
行 899: ﾌﾟﾛﾊﾟﾃｨ名 PSeparator7(xText1) が不正です。
行 900: ﾌﾟﾛﾊﾟﾃｨ名 PMenuCaption8(xText1) が不正です。
行 901: ﾌﾟﾛﾊﾟﾃｨ名 PEnabled8(xText1) が不正です。
行 902: ﾌﾟﾛﾊﾟﾃｨ名 PHidden8(xText1) が不正です。
行 903: ﾌﾟﾛﾊﾟﾃｨ名 PSeparator8(xText1) が不正です。
行 904: ﾌﾟﾛﾊﾟﾃｨ名 PMenuCaption9(xText1) が不正です。
行 905: ﾌﾟﾛﾊﾟﾃｨ名 PEnabled9(xText1) が不正です。
行 906: ﾌﾟﾛﾊﾟﾃｨ名 PHidden9(xText1) が不正です。
行 907: ﾌﾟﾛﾊﾟﾃｨ名 PSeparator9(xText1) が不正です。
行 908: ﾌﾟﾛﾊﾟﾃｨ名 PMenuCaption10(xText1) が不正です。
行 909: ﾌﾟﾛﾊﾟﾃｨ名 PEnabled10(xText1) が不正です。
行 910: ﾌﾟﾛﾊﾟﾃｨ名 PHidden10(xText1) が不正です。
行 911: ﾌﾟﾛﾊﾟﾃｨ名 PSeparator10(xText1) が不正です。
行 912: ﾌﾟﾛﾊﾟﾃｨ名 PMenuCaption11(xText1) が不正です。
行 913: ﾌﾟﾛﾊﾟﾃｨ名 PEnabled11(xText1) が不正です。
行 914: ﾌﾟﾛﾊﾟﾃｨ名 PHidden11(xText1) が不正です。
行 915: ﾌﾟﾛﾊﾟﾃｨ名 PSeparator11(xText1) が不正です。
行 916: ﾌﾟﾛﾊﾟﾃｨ名 PMenuCaption12(xText1) が不正です。
行 917: ﾌﾟﾛﾊﾟﾃｨ名 PEnabled12(xText1) が不正です。
行 918: ﾌﾟﾛﾊﾟﾃｨ名 PHidden12(xText1) が不正です。
行 919: ﾌﾟﾛﾊﾟﾃｨ名 PSeparator12(xText1) が不正です。
行 920: ﾌﾟﾛﾊﾟﾃｨ名 PMenuCaption13(xText1) が不正です。
行 921: ﾌﾟﾛﾊﾟﾃｨ名 PEnabled13(xText1) が不正です。
行 922: ﾌﾟﾛﾊﾟﾃｨ名 PHidden13(xText1) が不正です。
行 923: ﾌﾟﾛﾊﾟﾃｨ名 PSeparator13(xText1) が不正です。
行 924: ﾌﾟﾛﾊﾟﾃｨ名 PMenuCaption14(xText1) が不正です。
行 925: ﾌﾟﾛﾊﾟﾃｨ名 PEnabled14(xText1) が不正です。
行 926: ﾌﾟﾛﾊﾟﾃｨ名 PHidden14(xText1) が不正です。
行 927: ﾌﾟﾛﾊﾟﾃｨ名 PSeparator14(xText1) が不正です。
行 928: ﾌﾟﾛﾊﾟﾃｨ名 PMenuCaption15(xText1) が不正です。
行 929: ﾌﾟﾛﾊﾟﾃｨ名 PEnabled15(xText1) が不正です。
行 930: ﾌﾟﾛﾊﾟﾃｨ名 PHidden15(xText1) が不正です。
行 931: ﾌﾟﾛﾊﾟﾃｨ名 PSeparator15(xText1) が不正です。
行 932: ﾌﾟﾛﾊﾟﾃｨ名 PMenuCaption16(xText1) が不正です。
行 933: ﾌﾟﾛﾊﾟﾃｨ名 PEnabled16(xText1) が不正です。
行 934: ﾌﾟﾛﾊﾟﾃｨ名 PHidden16(xText1) が不正です。
行 935: ﾌﾟﾛﾊﾟﾃｨ名 PSeparator16(xText1) が不正です。
行 936: ﾌﾟﾛﾊﾟﾃｨ名 PMenuCaption17(xText1) が不正です。
行 937: ﾌﾟﾛﾊﾟﾃｨ名 PEnabled17(xText1) が不正です。
行 938: ﾌﾟﾛﾊﾟﾃｨ名 PHidden17(xText1) が不正です。
行 939: ﾌﾟﾛﾊﾟﾃｨ名 PSeparator17(xText1) が不正です。
行 940: ﾌﾟﾛﾊﾟﾃｨ名 PMenuCaption18(xText1) が不正です。
行 941: ﾌﾟﾛﾊﾟﾃｨ名 PEnabled18(xText1) が不正です。
行 942: ﾌﾟﾛﾊﾟﾃｨ名 PHidden18(xText1) が不正です。
行 943: ﾌﾟﾛﾊﾟﾃｨ名 PSeparator18(xText1) が不正です。
行 944: ﾌﾟﾛﾊﾟﾃｨ名 PMenuCaption19(xText1) が不正です。
行 945: ﾌﾟﾛﾊﾟﾃｨ名 PEnabled19(xText1) が不正です。
行 946: ﾌﾟﾛﾊﾟﾃｨ名 PHidden19(xText1) が不正です。
行 947: ﾌﾟﾛﾊﾟﾃｨ名 PSeparator19(xText1) が不正です。
行 956: ﾌﾟﾛﾊﾟﾃｨ名 _Version(xText1) が不正です。
行 957: ﾌﾟﾛﾊﾟﾃｨ名 _ExtentX(xText1) が不正です。
行 958: ﾌﾟﾛﾊﾟﾃｨ名 _ExtentY(xText1) が不正です。
行 959: ﾌﾟﾛﾊﾟﾃｨ名 _StockProps(xText1) が不正です。
行 969: ﾌﾟﾛﾊﾟﾃｨ名 InputAlignmentH(xText1) が不正です。
行 970: ﾌﾟﾛﾊﾟﾃｨ名 AlignmentH(xText1) が不正です。
行 971: ﾌﾟﾛﾊﾟﾃｨ名 Caption(xText1) が不正です。
行 980: ﾌﾟﾛﾊﾟﾃｨ名 CaptionFont(xText1) が不正です。
行 981: ﾌﾟﾛﾊﾟﾃｨ名 CaptionRatio(xText1) が不正です。
行 982: ﾌﾟﾛﾊﾟﾃｨ名 TreatEnterAsTab(xText1) が不正です。
行 983: ﾌﾟﾛﾊﾟﾃｨ名 PMenuCaption0(xText1) が不正です。
行 984: ﾌﾟﾛﾊﾟﾃｨ名 PEnabled0(xText1) が不正です。
行 985: ﾌﾟﾛﾊﾟﾃｨ名 PHidden0(xText1) が不正です。
行 986: ﾌﾟﾛﾊﾟﾃｨ名 PSeparator0(xText1) が不正です。
行 987: ﾌﾟﾛﾊﾟﾃｨ名 PMenuCaption1(xText1) が不正です。
行 988: ﾌﾟﾛﾊﾟﾃｨ名 PEnabled1(xText1) が不正です。
行 989: ﾌﾟﾛﾊﾟﾃｨ名 PHidden1(xText1) が不正です。
行 990: ﾌﾟﾛﾊﾟﾃｨ名 PSeparator1(xText1) が不正です。
行 991: ﾌﾟﾛﾊﾟﾃｨ名 PMenuCaption2(xText1) が不正です。
行 992: ﾌﾟﾛﾊﾟﾃｨ名 PEnabled2(xText1) が不正です。
行 993: ﾌﾟﾛﾊﾟﾃｨ名 PHidden2(xText1) が不正です。
行 994: ﾌﾟﾛﾊﾟﾃｨ名 PSeparator2(xText1) が不正です。
行 995: ﾌﾟﾛﾊﾟﾃｨ名 PMenuCaption3(xText1) が不正です。
行 996: ﾌﾟﾛﾊﾟﾃｨ名 PEnabled3(xText1) が不正です。
行 997: ﾌﾟﾛﾊﾟﾃｨ名 PHidden3(xText1) が不正です。
行 998: ﾌﾟﾛﾊﾟﾃｨ名 PSeparator3(xText1) が不正です。
行 999: ﾌﾟﾛﾊﾟﾃｨ名 PMenuCaption4(xText1) が不正です。
行 1000: ﾌﾟﾛﾊﾟﾃｨ名 PEnabled4(xText1) が不正です。
行 1001: ﾌﾟﾛﾊﾟﾃｨ名 PHidden4(xText1) が不正です。
行 1002: ﾌﾟﾛﾊﾟﾃｨ名 PSeparator4(xText1) が不正です。
行 1003: ﾌﾟﾛﾊﾟﾃｨ名 PMenuCaption5(xText1) が不正です。
行 1004: ﾌﾟﾛﾊﾟﾃｨ名 PEnabled5(xText1) が不正です。
行 1005: ﾌﾟﾛﾊﾟﾃｨ名 PHidden5(xText1) が不正です。
行 1006: ﾌﾟﾛﾊﾟﾃｨ名 PSeparator5(xText1) が不正です。
行 1007: ﾌﾟﾛﾊﾟﾃｨ名 PMenuCaption6(xText1) が不正です。
行 1008: ﾌﾟﾛﾊﾟﾃｨ名 PEnabled6(xText1) が不正です。
行 1009: ﾌﾟﾛﾊﾟﾃｨ名 PHidden6(xText1) が不正です。
行 1010: ﾌﾟﾛﾊﾟﾃｨ名 PSeparator6(xText1) が不正です。
行 1011: ﾌﾟﾛﾊﾟﾃｨ名 PMenuCaption7(xText1) が不正です。
行 1012: ﾌﾟﾛﾊﾟﾃｨ名 PEnabled7(xText1) が不正です。
行 1013: ﾌﾟﾛﾊﾟﾃｨ名 PHidden7(xText1) が不正です。
行 1014: ﾌﾟﾛﾊﾟﾃｨ名 PSeparator7(xText1) が不正です。
行 1015: ﾌﾟﾛﾊﾟﾃｨ名 PMenuCaption8(xText1) が不正です。
行 1016: ﾌﾟﾛﾊﾟﾃｨ名 PEnabled8(xText1) が不正です。
行 1017: ﾌﾟﾛﾊﾟﾃｨ名 PHidden8(xText1) が不正です。
行 1018: ﾌﾟﾛﾊﾟﾃｨ名 PSeparator8(xText1) が不正です。
行 1019: ﾌﾟﾛﾊﾟﾃｨ名 PMenuCaption9(xText1) が不正です。
行 1020: ﾌﾟﾛﾊﾟﾃｨ名 PEnabled9(xText1) が不正です。
行 1021: ﾌﾟﾛﾊﾟﾃｨ名 PHidden9(xText1) が不正です。
行 1022: ﾌﾟﾛﾊﾟﾃｨ名 PSeparator9(xText1) が不正です。
行 1023: ﾌﾟﾛﾊﾟﾃｨ名 PMenuCaption10(xText1) が不正です。
行 1024: ﾌﾟﾛﾊﾟﾃｨ名 PEnabled10(xText1) が不正です。
行 1025: ﾌﾟﾛﾊﾟﾃｨ名 PHidden10(xText1) が不正です。
行 1026: ﾌﾟﾛﾊﾟﾃｨ名 PSeparator10(xText1) が不正です。
行 1027: ﾌﾟﾛﾊﾟﾃｨ名 PMenuCaption11(xText1) が不正です。
行 1028: ﾌﾟﾛﾊﾟﾃｨ名 PEnabled11(xText1) が不正です。
行 1029: ﾌﾟﾛﾊﾟﾃｨ名 PHidden11(xText1) が不正です。
行 1030: ﾌﾟﾛﾊﾟﾃｨ名 PSeparator11(xText1) が不正です。
行 1031: ﾌﾟﾛﾊﾟﾃｨ名 PMenuCaption12(xText1) が不正です。
行 1032: ﾌﾟﾛﾊﾟﾃｨ名 PEnabled12(xText1) が不正です。
行 1033: ﾌﾟﾛﾊﾟﾃｨ名 PHidden12(xText1) が不正です。
行 1034: ﾌﾟﾛﾊﾟﾃｨ名 PSeparator12(xText1) が不正です。
行 1035: ﾌﾟﾛﾊﾟﾃｨ名 PMenuCaption13(xText1) が不正です。
行 1036: ﾌﾟﾛﾊﾟﾃｨ名 PEnabled13(xText1) が不正です。
行 1037: ﾌﾟﾛﾊﾟﾃｨ名 PHidden13(xText1) が不正です。
行 1038: ﾌﾟﾛﾊﾟﾃｨ名 PSeparator13(xText1) が不正です。
行 1039: ﾌﾟﾛﾊﾟﾃｨ名 PMenuCaption14(xText1) が不正です。
行 1040: ﾌﾟﾛﾊﾟﾃｨ名 PEnabled14(xText1) が不正です。
行 1041: ﾌﾟﾛﾊﾟﾃｨ名 PHidden14(xText1) が不正です。
行 1042: ﾌﾟﾛﾊﾟﾃｨ名 PSeparator14(xText1) が不正です。
行 1043: ﾌﾟﾛﾊﾟﾃｨ名 PMenuCaption15(xText1) が不正です。
行 1044: ﾌﾟﾛﾊﾟﾃｨ名 PEnabled15(xText1) が不正です。
行 1045: ﾌﾟﾛﾊﾟﾃｨ名 PHidden15(xText1) が不正です。
行 1046: ﾌﾟﾛﾊﾟﾃｨ名 PSeparator15(xText1) が不正です。
行 1047: ﾌﾟﾛﾊﾟﾃｨ名 PMenuCaption16(xText1) が不正です。
行 1048: ﾌﾟﾛﾊﾟﾃｨ名 PEnabled16(xText1) が不正です。
行 1049: ﾌﾟﾛﾊﾟﾃｨ名 PHidden16(xText1) が不正です。
行 1050: ﾌﾟﾛﾊﾟﾃｨ名 PSeparator16(xText1) が不正です。
行 1051: ﾌﾟﾛﾊﾟﾃｨ名 PMenuCaption17(xText1) が不正です。
行 1052: ﾌﾟﾛﾊﾟﾃｨ名 PEnabled17(xText1) が不正です。
行 1053: ﾌﾟﾛﾊﾟﾃｨ名 PHidden17(xText1) が不正です。
行 1054: ﾌﾟﾛﾊﾟﾃｨ名 PSeparator17(xText1) が不正です。
行 1055: ﾌﾟﾛﾊﾟﾃｨ名 PMenuCaption18(xText1) が不正です。
行 1056: ﾌﾟﾛﾊﾟﾃｨ名 PEnabled18(xText1) が不正です。
行 1057: ﾌﾟﾛﾊﾟﾃｨ名 PHidden18(xText1) が不正です。
行 1058: ﾌﾟﾛﾊﾟﾃｨ名 PSeparator18(xText1) が不正です。
行 1059: ﾌﾟﾛﾊﾟﾃｨ名 PMenuCaption19(xText1) が不正です。
行 1060: ﾌﾟﾛﾊﾟﾃｨ名 PEnabled19(xText1) が不正です。
行 1061: ﾌﾟﾛﾊﾟﾃｨ名 PHidden19(xText1) が不正です。
行 1062: ﾌﾟﾛﾊﾟﾃｨ名 PSeparator19(xText1) が不正です。
