行 32: ｸﾗｽ xTextLib.xText(ｺﾝﾄﾛｰﾙ xText1) はﾛｰﾄﾞされていません。
行 149: ｸﾗｽ xTextLib.xText(ｺﾝﾄﾛｰﾙ xText1) はﾛｰﾄﾞされていません。
行 39: ﾌﾟﾛﾊﾟﾃｨ名 _Version(xText1) が不正です。
行 40: ﾌﾟﾛﾊﾟﾃｨ名 _ExtentX(xText1) が不正です。
行 41: ﾌﾟﾛﾊﾟﾃｨ名 _ExtentY(xText1) が不正です。
行 42: ﾌﾟﾛﾊﾟﾃｨ名 _StockProps(xText1) が不正です。
行 52: ﾌﾟﾛﾊﾟﾃｨ名 Text(xText1) が不正です。
行 53: ﾌﾟﾛﾊﾟﾃｨ名 InputAlignmentH(xText1) が不正です。
行 54: ﾌﾟﾛﾊﾟﾃｨ名 AlignmentH(xText1) が不正です。
行 55: ﾌﾟﾛﾊﾟﾃｨ名 BorderWidth(xText1) が不正です。
行 56: ﾌﾟﾛﾊﾟﾃｨ名 Caption(xText1) が不正です。
行 65: ﾌﾟﾛﾊﾟﾃｨ名 CaptionFont(xText1) が不正です。
行 66: ﾌﾟﾛﾊﾟﾃｨ名 CaptionRatio(xText1) が不正です。
行 67: ﾌﾟﾛﾊﾟﾃｨ名 TreatEnterAsTab(xText1) が不正です。
行 68: ﾌﾟﾛﾊﾟﾃｨ名 PMenuCaption0(xText1) が不正です。
行 69: ﾌﾟﾛﾊﾟﾃｨ名 PEnabled0(xText1) が不正です。
行 70: ﾌﾟﾛﾊﾟﾃｨ名 PHidden0(xText1) が不正です。
行 71: ﾌﾟﾛﾊﾟﾃｨ名 PSeparator0(xText1) が不正です。
行 72: ﾌﾟﾛﾊﾟﾃｨ名 PMenuCaption1(xText1) が不正です。
行 73: ﾌﾟﾛﾊﾟﾃｨ名 PEnabled1(xText1) が不正です。
行 74: ﾌﾟﾛﾊﾟﾃｨ名 PHidden1(xText1) が不正です。
行 75: ﾌﾟﾛﾊﾟﾃｨ名 PSeparator1(xText1) が不正です。
行 76: ﾌﾟﾛﾊﾟﾃｨ名 PMenuCaption2(xText1) が不正です。
行 77: ﾌﾟﾛﾊﾟﾃｨ名 PEnabled2(xText1) が不正です。
行 78: ﾌﾟﾛﾊﾟﾃｨ名 PHidden2(xText1) が不正です。
行 79: ﾌﾟﾛﾊﾟﾃｨ名 PSeparator2(xText1) が不正です。
行 80: ﾌﾟﾛﾊﾟﾃｨ名 PMenuCaption3(xText1) が不正です。
行 81: ﾌﾟﾛﾊﾟﾃｨ名 PEnabled3(xText1) が不正です。
行 82: ﾌﾟﾛﾊﾟﾃｨ名 PHidden3(xText1) が不正です。
行 83: ﾌﾟﾛﾊﾟﾃｨ名 PSeparator3(xText1) が不正です。
行 84: ﾌﾟﾛﾊﾟﾃｨ名 PMenuCaption4(xText1) が不正です。
行 85: ﾌﾟﾛﾊﾟﾃｨ名 PEnabled4(xText1) が不正です。
行 86: ﾌﾟﾛﾊﾟﾃｨ名 PHidden4(xText1) が不正です。
行 87: ﾌﾟﾛﾊﾟﾃｨ名 PSeparator4(xText1) が不正です。
行 88: ﾌﾟﾛﾊﾟﾃｨ名 PMenuCaption5(xText1) が不正です。
行 89: ﾌﾟﾛﾊﾟﾃｨ名 PEnabled5(xText1) が不正です。
行 90: ﾌﾟﾛﾊﾟﾃｨ名 PHidden5(xText1) が不正です。
行 91: ﾌﾟﾛﾊﾟﾃｨ名 PSeparator5(xText1) が不正です。
行 92: ﾌﾟﾛﾊﾟﾃｨ名 PMenuCaption6(xText1) が不正です。
行 93: ﾌﾟﾛﾊﾟﾃｨ名 PEnabled6(xText1) が不正です。
行 94: ﾌﾟﾛﾊﾟﾃｨ名 PHidden6(xText1) が不正です。
行 95: ﾌﾟﾛﾊﾟﾃｨ名 PSeparator6(xText1) が不正です。
行 96: ﾌﾟﾛﾊﾟﾃｨ名 PMenuCaption7(xText1) が不正です。
行 97: ﾌﾟﾛﾊﾟﾃｨ名 PEnabled7(xText1) が不正です。
行 98: ﾌﾟﾛﾊﾟﾃｨ名 PHidden7(xText1) が不正です。
行 99: ﾌﾟﾛﾊﾟﾃｨ名 PSeparator7(xText1) が不正です。
行 100: ﾌﾟﾛﾊﾟﾃｨ名 PMenuCaption8(xText1) が不正です。
行 101: ﾌﾟﾛﾊﾟﾃｨ名 PEnabled8(xText1) が不正です。
行 102: ﾌﾟﾛﾊﾟﾃｨ名 PHidden8(xText1) が不正です。
行 103: ﾌﾟﾛﾊﾟﾃｨ名 PSeparator8(xText1) が不正です。
行 104: ﾌﾟﾛﾊﾟﾃｨ名 PMenuCaption9(xText1) が不正です。
行 105: ﾌﾟﾛﾊﾟﾃｨ名 PEnabled9(xText1) が不正です。
行 106: ﾌﾟﾛﾊﾟﾃｨ名 PHidden9(xText1) が不正です。
行 107: ﾌﾟﾛﾊﾟﾃｨ名 PSeparator9(xText1) が不正です。
行 108: ﾌﾟﾛﾊﾟﾃｨ名 PMenuCaption10(xText1) が不正です。
行 109: ﾌﾟﾛﾊﾟﾃｨ名 PEnabled10(xText1) が不正です。
行 110: ﾌﾟﾛﾊﾟﾃｨ名 PHidden10(xText1) が不正です。
行 111: ﾌﾟﾛﾊﾟﾃｨ名 PSeparator10(xText1) が不正です。
行 112: ﾌﾟﾛﾊﾟﾃｨ名 PMenuCaption11(xText1) が不正です。
行 113: ﾌﾟﾛﾊﾟﾃｨ名 PEnabled11(xText1) が不正です。
行 114: ﾌﾟﾛﾊﾟﾃｨ名 PHidden11(xText1) が不正です。
行 115: ﾌﾟﾛﾊﾟﾃｨ名 PSeparator11(xText1) が不正です。
行 116: ﾌﾟﾛﾊﾟﾃｨ名 PMenuCaption12(xText1) が不正です。
行 117: ﾌﾟﾛﾊﾟﾃｨ名 PEnabled12(xText1) が不正です。
行 118: ﾌﾟﾛﾊﾟﾃｨ名 PHidden12(xText1) が不正です。
行 119: ﾌﾟﾛﾊﾟﾃｨ名 PSeparator12(xText1) が不正です。
行 120: ﾌﾟﾛﾊﾟﾃｨ名 PMenuCaption13(xText1) が不正です。
行 121: ﾌﾟﾛﾊﾟﾃｨ名 PEnabled13(xText1) が不正です。
行 122: ﾌﾟﾛﾊﾟﾃｨ名 PHidden13(xText1) が不正です。
行 123: ﾌﾟﾛﾊﾟﾃｨ名 PSeparator13(xText1) が不正です。
行 124: ﾌﾟﾛﾊﾟﾃｨ名 PMenuCaption14(xText1) が不正です。
行 125: ﾌﾟﾛﾊﾟﾃｨ名 PEnabled14(xText1) が不正です。
行 126: ﾌﾟﾛﾊﾟﾃｨ名 PHidden14(xText1) が不正です。
行 127: ﾌﾟﾛﾊﾟﾃｨ名 PSeparator14(xText1) が不正です。
行 128: ﾌﾟﾛﾊﾟﾃｨ名 PMenuCaption15(xText1) が不正です。
行 129: ﾌﾟﾛﾊﾟﾃｨ名 PEnabled15(xText1) が不正です。
行 130: ﾌﾟﾛﾊﾟﾃｨ名 PHidden15(xText1) が不正です。
行 131: ﾌﾟﾛﾊﾟﾃｨ名 PSeparator15(xText1) が不正です。
行 132: ﾌﾟﾛﾊﾟﾃｨ名 PMenuCaption16(xText1) が不正です。
行 133: ﾌﾟﾛﾊﾟﾃｨ名 PEnabled16(xText1) が不正です。
行 134: ﾌﾟﾛﾊﾟﾃｨ名 PHidden16(xText1) が不正です。
行 135: ﾌﾟﾛﾊﾟﾃｨ名 PSeparator16(xText1) が不正です。
行 136: ﾌﾟﾛﾊﾟﾃｨ名 PMenuCaption17(xText1) が不正です。
行 137: ﾌﾟﾛﾊﾟﾃｨ名 PEnabled17(xText1) が不正です。
行 138: ﾌﾟﾛﾊﾟﾃｨ名 PHidden17(xText1) が不正です。
行 139: ﾌﾟﾛﾊﾟﾃｨ名 PSeparator17(xText1) が不正です。
行 140: ﾌﾟﾛﾊﾟﾃｨ名 PMenuCaption18(xText1) が不正です。
行 141: ﾌﾟﾛﾊﾟﾃｨ名 PEnabled18(xText1) が不正です。
行 142: ﾌﾟﾛﾊﾟﾃｨ名 PHidden18(xText1) が不正です。
行 143: ﾌﾟﾛﾊﾟﾃｨ名 PSeparator18(xText1) が不正です。
行 144: ﾌﾟﾛﾊﾟﾃｨ名 PMenuCaption19(xText1) が不正です。
行 145: ﾌﾟﾛﾊﾟﾃｨ名 PEnabled19(xText1) が不正です。
行 146: ﾌﾟﾛﾊﾟﾃｨ名 PHidden19(xText1) が不正です。
行 147: ﾌﾟﾛﾊﾟﾃｨ名 PSeparator19(xText1) が不正です。
行 156: ﾌﾟﾛﾊﾟﾃｨ名 _Version(xText1) が不正です。
行 157: ﾌﾟﾛﾊﾟﾃｨ名 _ExtentX(xText1) が不正です。
行 158: ﾌﾟﾛﾊﾟﾃｨ名 _ExtentY(xText1) が不正です。
行 159: ﾌﾟﾛﾊﾟﾃｨ名 _StockProps(xText1) が不正です。
行 169: ﾌﾟﾛﾊﾟﾃｨ名 Text(xText1) が不正です。
行 170: ﾌﾟﾛﾊﾟﾃｨ名 InputAlignmentH(xText1) が不正です。
行 171: ﾌﾟﾛﾊﾟﾃｨ名 AlignmentH(xText1) が不正です。
行 172: ﾌﾟﾛﾊﾟﾃｨ名 BorderWidth(xText1) が不正です。
行 173: ﾌﾟﾛﾊﾟﾃｨ名 Caption(xText1) が不正です。
行 182: ﾌﾟﾛﾊﾟﾃｨ名 CaptionFont(xText1) が不正です。
行 183: ﾌﾟﾛﾊﾟﾃｨ名 CaptionRatio(xText1) が不正です。
行 184: ﾌﾟﾛﾊﾟﾃｨ名 TreatEnterAsTab(xText1) が不正です。
行 185: ﾌﾟﾛﾊﾟﾃｨ名 PMenuCaption0(xText1) が不正です。
行 186: ﾌﾟﾛﾊﾟﾃｨ名 PEnabled0(xText1) が不正です。
行 187: ﾌﾟﾛﾊﾟﾃｨ名 PHidden0(xText1) が不正です。
行 188: ﾌﾟﾛﾊﾟﾃｨ名 PSeparator0(xText1) が不正です。
行 189: ﾌﾟﾛﾊﾟﾃｨ名 PMenuCaption1(xText1) が不正です。
行 190: ﾌﾟﾛﾊﾟﾃｨ名 PEnabled1(xText1) が不正です。
行 191: ﾌﾟﾛﾊﾟﾃｨ名 PHidden1(xText1) が不正です。
行 192: ﾌﾟﾛﾊﾟﾃｨ名 PSeparator1(xText1) が不正です。
行 193: ﾌﾟﾛﾊﾟﾃｨ名 PMenuCaption2(xText1) が不正です。
行 194: ﾌﾟﾛﾊﾟﾃｨ名 PEnabled2(xText1) が不正です。
行 195: ﾌﾟﾛﾊﾟﾃｨ名 PHidden2(xText1) が不正です。
行 196: ﾌﾟﾛﾊﾟﾃｨ名 PSeparator2(xText1) が不正です。
行 197: ﾌﾟﾛﾊﾟﾃｨ名 PMenuCaption3(xText1) が不正です。
行 198: ﾌﾟﾛﾊﾟﾃｨ名 PEnabled3(xText1) が不正です。
行 199: ﾌﾟﾛﾊﾟﾃｨ名 PHidden3(xText1) が不正です。
行 200: ﾌﾟﾛﾊﾟﾃｨ名 PSeparator3(xText1) が不正です。
行 201: ﾌﾟﾛﾊﾟﾃｨ名 PMenuCaption4(xText1) が不正です。
行 202: ﾌﾟﾛﾊﾟﾃｨ名 PEnabled4(xText1) が不正です。
行 203: ﾌﾟﾛﾊﾟﾃｨ名 PHidden4(xText1) が不正です。
行 204: ﾌﾟﾛﾊﾟﾃｨ名 PSeparator4(xText1) が不正です。
行 205: ﾌﾟﾛﾊﾟﾃｨ名 PMenuCaption5(xText1) が不正です。
行 206: ﾌﾟﾛﾊﾟﾃｨ名 PEnabled5(xText1) が不正です。
行 207: ﾌﾟﾛﾊﾟﾃｨ名 PHidden5(xText1) が不正です。
行 208: ﾌﾟﾛﾊﾟﾃｨ名 PSeparator5(xText1) が不正です。
行 209: ﾌﾟﾛﾊﾟﾃｨ名 PMenuCaption6(xText1) が不正です。
行 210: ﾌﾟﾛﾊﾟﾃｨ名 PEnabled6(xText1) が不正です。
行 211: ﾌﾟﾛﾊﾟﾃｨ名 PHidden6(xText1) が不正です。
行 212: ﾌﾟﾛﾊﾟﾃｨ名 PSeparator6(xText1) が不正です。
行 213: ﾌﾟﾛﾊﾟﾃｨ名 PMenuCaption7(xText1) が不正です。
行 214: ﾌﾟﾛﾊﾟﾃｨ名 PEnabled7(xText1) が不正です。
行 215: ﾌﾟﾛﾊﾟﾃｨ名 PHidden7(xText1) が不正です。
行 216: ﾌﾟﾛﾊﾟﾃｨ名 PSeparator7(xText1) が不正です。
行 217: ﾌﾟﾛﾊﾟﾃｨ名 PMenuCaption8(xText1) が不正です。
行 218: ﾌﾟﾛﾊﾟﾃｨ名 PEnabled8(xText1) が不正です。
行 219: ﾌﾟﾛﾊﾟﾃｨ名 PHidden8(xText1) が不正です。
行 220: ﾌﾟﾛﾊﾟﾃｨ名 PSeparator8(xText1) が不正です。
行 221: ﾌﾟﾛﾊﾟﾃｨ名 PMenuCaption9(xText1) が不正です。
行 222: ﾌﾟﾛﾊﾟﾃｨ名 PEnabled9(xText1) が不正です。
行 223: ﾌﾟﾛﾊﾟﾃｨ名 PHidden9(xText1) が不正です。
行 224: ﾌﾟﾛﾊﾟﾃｨ名 PSeparator9(xText1) が不正です。
行 225: ﾌﾟﾛﾊﾟﾃｨ名 PMenuCaption10(xText1) が不正です。
行 226: ﾌﾟﾛﾊﾟﾃｨ名 PEnabled10(xText1) が不正です。
行 227: ﾌﾟﾛﾊﾟﾃｨ名 PHidden10(xText1) が不正です。
行 228: ﾌﾟﾛﾊﾟﾃｨ名 PSeparator10(xText1) が不正です。
行 229: ﾌﾟﾛﾊﾟﾃｨ名 PMenuCaption11(xText1) が不正です。
行 230: ﾌﾟﾛﾊﾟﾃｨ名 PEnabled11(xText1) が不正です。
行 231: ﾌﾟﾛﾊﾟﾃｨ名 PHidden11(xText1) が不正です。
行 232: ﾌﾟﾛﾊﾟﾃｨ名 PSeparator11(xText1) が不正です。
行 233: ﾌﾟﾛﾊﾟﾃｨ名 PMenuCaption12(xText1) が不正です。
行 234: ﾌﾟﾛﾊﾟﾃｨ名 PEnabled12(xText1) が不正です。
行 235: ﾌﾟﾛﾊﾟﾃｨ名 PHidden12(xText1) が不正です。
行 236: ﾌﾟﾛﾊﾟﾃｨ名 PSeparator12(xText1) が不正です。
行 237: ﾌﾟﾛﾊﾟﾃｨ名 PMenuCaption13(xText1) が不正です。
行 238: ﾌﾟﾛﾊﾟﾃｨ名 PEnabled13(xText1) が不正です。
行 239: ﾌﾟﾛﾊﾟﾃｨ名 PHidden13(xText1) が不正です。
行 240: ﾌﾟﾛﾊﾟﾃｨ名 PSeparator13(xText1) が不正です。
行 241: ﾌﾟﾛﾊﾟﾃｨ名 PMenuCaption14(xText1) が不正です。
行 242: ﾌﾟﾛﾊﾟﾃｨ名 PEnabled14(xText1) が不正です。
行 243: ﾌﾟﾛﾊﾟﾃｨ名 PHidden14(xText1) が不正です。
行 244: ﾌﾟﾛﾊﾟﾃｨ名 PSeparator14(xText1) が不正です。
行 245: ﾌﾟﾛﾊﾟﾃｨ名 PMenuCaption15(xText1) が不正です。
行 246: ﾌﾟﾛﾊﾟﾃｨ名 PEnabled15(xText1) が不正です。
行 247: ﾌﾟﾛﾊﾟﾃｨ名 PHidden15(xText1) が不正です。
行 248: ﾌﾟﾛﾊﾟﾃｨ名 PSeparator15(xText1) が不正です。
行 249: ﾌﾟﾛﾊﾟﾃｨ名 PMenuCaption16(xText1) が不正です。
行 250: ﾌﾟﾛﾊﾟﾃｨ名 PEnabled16(xText1) が不正です。
行 251: ﾌﾟﾛﾊﾟﾃｨ名 PHidden16(xText1) が不正です。
行 252: ﾌﾟﾛﾊﾟﾃｨ名 PSeparator16(xText1) が不正です。
行 253: ﾌﾟﾛﾊﾟﾃｨ名 PMenuCaption17(xText1) が不正です。
行 254: ﾌﾟﾛﾊﾟﾃｨ名 PEnabled17(xText1) が不正です。
行 255: ﾌﾟﾛﾊﾟﾃｨ名 PHidden17(xText1) が不正です。
行 256: ﾌﾟﾛﾊﾟﾃｨ名 PSeparator17(xText1) が不正です。
行 257: ﾌﾟﾛﾊﾟﾃｨ名 PMenuCaption18(xText1) が不正です。
行 258: ﾌﾟﾛﾊﾟﾃｨ名 PEnabled18(xText1) が不正です。
行 259: ﾌﾟﾛﾊﾟﾃｨ名 PHidden18(xText1) が不正です。
行 260: ﾌﾟﾛﾊﾟﾃｨ名 PSeparator18(xText1) が不正です。
行 261: ﾌﾟﾛﾊﾟﾃｨ名 PMenuCaption19(xText1) が不正です。
行 262: ﾌﾟﾛﾊﾟﾃｨ名 PEnabled19(xText1) が不正です。
行 263: ﾌﾟﾛﾊﾟﾃｨ名 PHidden19(xText1) が不正です。
行 264: ﾌﾟﾛﾊﾟﾃｨ名 PSeparator19(xText1) が不正です。
